--------------------------------- Version Log ----------------------------------
Version                                 Path
System Generator 2019.1                 /home/wei/Software/Vivado_2019_1/install/Vivado/2019.1
Matlab 9.4.0.949201 (R2018a) Update 6   /home/wei/Software/matlab2018a/install
Vivado 2019.1                           /home/wei/Software/Vivado_2019_1/install/Vivado/2019.1
--------------------------------------------------------------------------------
Summary of Errors:
Error 0001: Undriven input port
     Block: 'zcu111_tengbe_tx_rx_direct/gbe2/convert_tx_end_of_frame'
Error 0002: Undriven input port
     Block: 'zcu111_tengbe_tx_rx_direct/gbe2/txctr_and'
Error 0003: Undriven input port
     Block: 'zcu111_tengbe_tx_rx_direct/gbe2/txsnap_and'
Error 0004: Undriven input port
     Block: 'zcu111_tengbe_tx_rx_direct/gbe2/txs/assert_eof'
--------------------------------------------------------------------------------

Error 0001:

Reported by:
  'zcu111_tengbe_tx_rx_direct/gbe2/convert_tx_end_of_frame'

Details:
The input ports on this block must be driven by other Xilinx blocks
--------------------------------------------------------------------------------

Error 0001:

Reported by:
  'zcu111_tengbe_tx_rx_direct/gbe2/txctr_and'

Details:
The input ports on this block must be driven by other Xilinx blocks
--------------------------------------------------------------------------------

Error 0001:

Reported by:
  'zcu111_tengbe_tx_rx_direct/gbe2/txsnap_and'

Details:
The input ports on this block must be driven by other Xilinx blocks
--------------------------------------------------------------------------------

Error 0001:

Reported by:
  'zcu111_tengbe_tx_rx_direct/gbe2/txs/assert_eof'

Details:
The input ports on this block must be driven by other Xilinx blocks
--------------------------------------------------------------------------------
