
*** Running vivado
    with args -log zcu111_tengbe_c_counter_binary_v12_0_i2.vds -m64 -product Vivado -mode batch -messageDb vivado.pb -notrace -source zcu111_tengbe_c_counter_binary_v12_0_i2.tcl


****** Vivado v2019.1.3 (64-bit)
  **** SW Build 2644227 on Wed Sep  4 09:44:18 MDT 2019
  **** IP Build 2633630 on Wed Sep  4 12:30:14 MDT 2019
    ** Copyright 1986-2019 Xilinx, Inc. All Rights Reserved.

WARNING: [Runs 36-547] Tool Strategy 'Vivado Implementation Defaults' from file '/home/wei/Software/Vivado_2019_1/install/Vivado/2019.1/strategies/VDI2018.psg' discarded because strategy with same name already parsed from '/home/wei/Software/Vivado_2019_1/install/Vivado/2019.1/strategies/VDI2018.psg'
WARNING: [Runs 36-547] Tool Strategy 'Performance_Explore' from file '/home/wei/Software/Vivado_2019_1/install/Vivado/2019.1/strategies/VDI2018.psg' discarded because strategy with same name already parsed from '/home/wei/Software/Vivado_2019_1/install/Vivado/2019.1/strategies/VDI2018.psg'
WARNING: [Runs 36-547] Tool Strategy 'Performance_ExplorePostRoutePhysOpt' from file '/home/wei/Software/Vivado_2019_1/install/Vivado/2019.1/strategies/VDI2018.psg' discarded because strategy with same name already parsed from '/home/wei/Software/Vivado_2019_1/install/Vivado/2019.1/strategies/VDI2018.psg'
WARNING: [Runs 36-547] Tool Strategy 'Performance_ExploreWithRemap' from file '/home/wei/Software/Vivado_2019_1/install/Vivado/2019.1/strategies/VDI2018.psg' discarded because strategy with same name already parsed from '/home/wei/Software/Vivado_2019_1/install/Vivado/2019.1/strategies/VDI2018.psg'
WARNING: [Runs 36-547] Tool Strategy 'Performance_WLBlockPlacement' from file '/home/wei/Software/Vivado_2019_1/install/Vivado/2019.1/strategies/VDI2018.psg' discarded because strategy with same name already parsed from '/home/wei/Software/Vivado_2019_1/install/Vivado/2019.1/strategies/VDI2018.psg'
WARNING: [Runs 36-547] Tool Strategy 'Performance_WLBlockPlacementFanoutOpt' from file '/home/wei/Software/Vivado_2019_1/install/Vivado/2019.1/strategies/VDI2018.psg' discarded because strategy with same name already parsed from '/home/wei/Software/Vivado_2019_1/install/Vivado/2019.1/strategies/VDI2018.psg'
WARNING: [Runs 36-547] Tool Strategy 'Performance_EarlyBlockPlacement' from file '/home/wei/Software/Vivado_2019_1/install/Vivado/2019.1/strategies/VDI2018.psg' discarded because strategy with same name already parsed from '/home/wei/Software/Vivado_2019_1/install/Vivado/2019.1/strategies/VDI2018.psg'
WARNING: [Runs 36-547] Tool Strategy 'Performance_NetDelay_high' from file '/home/wei/Software/Vivado_2019_1/install/Vivado/2019.1/strategies/VDI2018.psg' discarded because strategy with same name already parsed from '/home/wei/Software/Vivado_2019_1/install/Vivado/2019.1/strategies/VDI2018.psg'
WARNING: [Runs 36-547] Tool Strategy 'Performance_NetDelay_low' from file '/home/wei/Software/Vivado_2019_1/install/Vivado/2019.1/strategies/VDI2018.psg' discarded because strategy with same name already parsed from '/home/wei/Software/Vivado_2019_1/install/Vivado/2019.1/strategies/VDI2018.psg'
WARNING: [Runs 36-547] Tool Strategy 'Performance_Retiming' from file '/home/wei/Software/Vivado_2019_1/install/Vivado/2019.1/strategies/VDI2018.psg' discarded because strategy with same name already parsed from '/home/wei/Software/Vivado_2019_1/install/Vivado/2019.1/strategies/VDI2018.psg'
WARNING: [Runs 36-547] Tool Strategy 'Performance_ExtraTimingOpt' from file '/home/wei/Software/Vivado_2019_1/install/Vivado/2019.1/strategies/VDI2018.psg' discarded because strategy with same name already parsed from '/home/wei/Software/Vivado_2019_1/install/Vivado/2019.1/strategies/VDI2018.psg'
WARNING: [Runs 36-547] Tool Strategy 'Performance_RefinePlacement' from file '/home/wei/Software/Vivado_2019_1/install/Vivado/2019.1/strategies/VDI2018.psg' discarded because strategy with same name already parsed from '/home/wei/Software/Vivado_2019_1/install/Vivado/2019.1/strategies/VDI2018.psg'
WARNING: [Runs 36-547] Tool Strategy 'Performance_SpreadSLLs' from file '/home/wei/Software/Vivado_2019_1/install/Vivado/2019.1/strategies/VDI2018.psg' discarded because strategy with same name already parsed from '/home/wei/Software/Vivado_2019_1/install/Vivado/2019.1/strategies/VDI2018.psg'
WARNING: [Runs 36-547] Tool Strategy 'Performance_BalanceSLLs' from file '/home/wei/Software/Vivado_2019_1/install/Vivado/2019.1/strategies/VDI2018.psg' discarded because strategy with same name already parsed from '/home/wei/Software/Vivado_2019_1/install/Vivado/2019.1/strategies/VDI2018.psg'
WARNING: [Runs 36-547] Tool Strategy 'Performance_BalanceSLRs' from file '/home/wei/Software/Vivado_2019_1/install/Vivado/2019.1/strategies/VDI2018.psg' discarded because strategy with same name already parsed from '/home/wei/Software/Vivado_2019_1/install/Vivado/2019.1/strategies/VDI2018.psg'
WARNING: [Runs 36-547] Tool Strategy 'Performance_HighUtilSLRs' from file '/home/wei/Software/Vivado_2019_1/install/Vivado/2019.1/strategies/VDI2018.psg' discarded because strategy with same name already parsed from '/home/wei/Software/Vivado_2019_1/install/Vivado/2019.1/strategies/VDI2018.psg'
WARNING: [Runs 36-547] Tool Strategy 'Congestion_SpreadLogic_high' from file '/home/wei/Software/Vivado_2019_1/install/Vivado/2019.1/strategies/VDI2018.psg' discarded because strategy with same name already parsed from '/home/wei/Software/Vivado_2019_1/install/Vivado/2019.1/strategies/VDI2018.psg'
WARNING: [Runs 36-547] Tool Strategy 'Congestion_SpreadLogic_medium' from file '/home/wei/Software/Vivado_2019_1/install/Vivado/2019.1/strategies/VDI2018.psg' discarded because strategy with same name already parsed from '/home/wei/Software/Vivado_2019_1/install/Vivado/2019.1/strategies/VDI2018.psg'
WARNING: [Runs 36-547] Tool Strategy 'Congestion_SpreadLogic_low' from file '/home/wei/Software/Vivado_2019_1/install/Vivado/2019.1/strategies/VDI2018.psg' discarded because strategy with same name already parsed from '/home/wei/Software/Vivado_2019_1/install/Vivado/2019.1/strategies/VDI2018.psg'
WARNING: [Runs 36-547] Tool Strategy 'Congestion_SSI_SpreadLogic_high' from file '/home/wei/Software/Vivado_2019_1/install/Vivado/2019.1/strategies/VDI2018.psg' discarded because strategy with same name already parsed from '/home/wei/Software/Vivado_2019_1/install/Vivado/2019.1/strategies/VDI2018.psg'
WARNING: [Runs 36-547] Tool Strategy 'Congestion_SSI_SpreadLogic_low' from file '/home/wei/Software/Vivado_2019_1/install/Vivado/2019.1/strategies/VDI2018.psg' discarded because strategy with same name already parsed from '/home/wei/Software/Vivado_2019_1/install/Vivado/2019.1/strategies/VDI2018.psg'
WARNING: [Runs 36-547] Tool Strategy 'Area_Explore' from file '/home/wei/Software/Vivado_2019_1/install/Vivado/2019.1/strategies/VDI2018.psg' discarded because strategy with same name already parsed from '/home/wei/Software/Vivado_2019_1/install/Vivado/2019.1/strategies/VDI2018.psg'
WARNING: [Runs 36-547] Tool Strategy 'Area_ExploreSequential' from file '/home/wei/Software/Vivado_2019_1/install/Vivado/2019.1/strategies/VDI2018.psg' discarded because strategy with same name already parsed from '/home/wei/Software/Vivado_2019_1/install/Vivado/2019.1/strategies/VDI2018.psg'
WARNING: [Runs 36-547] Tool Strategy 'Area_ExploreWithRemap' from file '/home/wei/Software/Vivado_2019_1/install/Vivado/2019.1/strategies/VDI2018.psg' discarded because strategy with same name already parsed from '/home/wei/Software/Vivado_2019_1/install/Vivado/2019.1/strategies/VDI2018.psg'
WARNING: [Runs 36-547] Tool Strategy 'Power_DefaultOpt' from file '/home/wei/Software/Vivado_2019_1/install/Vivado/2019.1/strategies/VDI2018.psg' discarded because strategy with same name already parsed from '/home/wei/Software/Vivado_2019_1/install/Vivado/2019.1/strategies/VDI2018.psg'
WARNING: [Runs 36-547] Tool Strategy 'Power_ExploreArea' from file '/home/wei/Software/Vivado_2019_1/install/Vivado/2019.1/strategies/VDI2018.psg' discarded because strategy with same name already parsed from '/home/wei/Software/Vivado_2019_1/install/Vivado/2019.1/strategies/VDI2018.psg'
WARNING: [Runs 36-547] Tool Strategy 'Flow_RunPhysOpt' from file '/home/wei/Software/Vivado_2019_1/install/Vivado/2019.1/strategies/VDI2018.psg' discarded because strategy with same name already parsed from '/home/wei/Software/Vivado_2019_1/install/Vivado/2019.1/strategies/VDI2018.psg'
WARNING: [Runs 36-547] Tool Strategy 'Flow_RunPostRoutePhysOpt' from file '/home/wei/Software/Vivado_2019_1/install/Vivado/2019.1/strategies/VDI2018.psg' discarded because strategy with same name already parsed from '/home/wei/Software/Vivado_2019_1/install/Vivado/2019.1/strategies/VDI2018.psg'
WARNING: [Runs 36-547] Tool Strategy 'Flow_RuntimeOptimized' from file '/home/wei/Software/Vivado_2019_1/install/Vivado/2019.1/strategies/VDI2018.psg' discarded because strategy with same name already parsed from '/home/wei/Software/Vivado_2019_1/install/Vivado/2019.1/strategies/VDI2018.psg'
WARNING: [Runs 36-547] Tool Strategy 'Flow_Quick' from file '/home/wei/Software/Vivado_2019_1/install/Vivado/2019.1/strategies/VDI2018.psg' discarded because strategy with same name already parsed from '/home/wei/Software/Vivado_2019_1/install/Vivado/2019.1/strategies/VDI2018.psg'
WARNING: [Runs 36-547] Tool Strategy 'Vivado Synthesis Defaults' from file '/home/wei/Software/Vivado_2019_1/install/Vivado/2019.1/strategies/VDS2016.psg' discarded because strategy with same name already parsed from '/home/wei/Software/Vivado_2019_1/install/Vivado/2019.1/strategies/VDS2016.psg'
WARNING: [Runs 36-547] Tool Strategy 'Flow_AreaOptimized_high' from file '/home/wei/Software/Vivado_2019_1/install/Vivado/2019.1/strategies/VDS2016.psg' discarded because strategy with same name already parsed from '/home/wei/Software/Vivado_2019_1/install/Vivado/2019.1/strategies/VDS2016.psg'
WARNING: [Runs 36-547] Tool Strategy 'Flow_AreaOptimized_medium' from file '/home/wei/Software/Vivado_2019_1/install/Vivado/2019.1/strategies/VDS2016.psg' discarded because strategy with same name already parsed from '/home/wei/Software/Vivado_2019_1/install/Vivado/2019.1/strategies/VDS2016.psg'
WARNING: [Runs 36-547] Tool Strategy 'Flow_AreaMultThresholdDSP' from file '/home/wei/Software/Vivado_2019_1/install/Vivado/2019.1/strategies/VDS2016.psg' discarded because strategy with same name already parsed from '/home/wei/Software/Vivado_2019_1/install/Vivado/2019.1/strategies/VDS2016.psg'
WARNING: [Runs 36-547] Tool Strategy 'Flow_AlternateRoutability' from file '/home/wei/Software/Vivado_2019_1/install/Vivado/2019.1/strategies/VDS2016.psg' discarded because strategy with same name already parsed from '/home/wei/Software/Vivado_2019_1/install/Vivado/2019.1/strategies/VDS2016.psg'
WARNING: [Runs 36-547] Tool Strategy 'Flow_PerfOptimized_high' from file '/home/wei/Software/Vivado_2019_1/install/Vivado/2019.1/strategies/VDS2016.psg' discarded because strategy with same name already parsed from '/home/wei/Software/Vivado_2019_1/install/Vivado/2019.1/strategies/VDS2016.psg'
WARNING: [Runs 36-547] Tool Strategy 'Flow_PerfThresholdCarry' from file '/home/wei/Software/Vivado_2019_1/install/Vivado/2019.1/strategies/VDS2016.psg' discarded because strategy with same name already parsed from '/home/wei/Software/Vivado_2019_1/install/Vivado/2019.1/strategies/VDS2016.psg'
WARNING: [Runs 36-547] Tool Strategy 'Flow_RuntimeOptimized' from file '/home/wei/Software/Vivado_2019_1/install/Vivado/2019.1/strategies/VDS2016.psg' discarded because strategy with same name already parsed from '/home/wei/Software/Vivado_2019_1/install/Vivado/2019.1/strategies/VDS2016.psg'
WARNING: [Runs 36-547] Tool Strategy 'Vivado Implementation Defaults' from file '/home/wei/Software/Vivado_2019_1/install/Vivado/2019.1/strategies/VDI2019.psg' discarded because strategy with same name already parsed from '/home/wei/Software/Vivado_2019_1/install/Vivado/2019.1/strategies/VDI2019.psg'
WARNING: [Runs 36-547] Tool Strategy 'Performance_Explore' from file '/home/wei/Software/Vivado_2019_1/install/Vivado/2019.1/strategies/VDI2019.psg' discarded because strategy with same name already parsed from '/home/wei/Software/Vivado_2019_1/install/Vivado/2019.1/strategies/VDI2019.psg'
WARNING: [Runs 36-547] Tool Strategy 'Performance_ExplorePostRoutePhysOpt' from file '/home/wei/Software/Vivado_2019_1/install/Vivado/2019.1/strategies/VDI2019.psg' discarded because strategy with same name already parsed from '/home/wei/Software/Vivado_2019_1/install/Vivado/2019.1/strategies/VDI2019.psg'
WARNING: [Runs 36-547] Tool Strategy 'Performance_ExploreWithRemap' from file '/home/wei/Software/Vivado_2019_1/install/Vivado/2019.1/strategies/VDI2019.psg' discarded because strategy with same name already parsed from '/home/wei/Software/Vivado_2019_1/install/Vivado/2019.1/strategies/VDI2019.psg'
WARNING: [Runs 36-547] Tool Strategy 'Performance_WLBlockPlacement' from file '/home/wei/Software/Vivado_2019_1/install/Vivado/2019.1/strategies/VDI2019.psg' discarded because strategy with same name already parsed from '/home/wei/Software/Vivado_2019_1/install/Vivado/2019.1/strategies/VDI2019.psg'
WARNING: [Runs 36-547] Tool Strategy 'Performance_WLBlockPlacementFanoutOpt' from file '/home/wei/Software/Vivado_2019_1/install/Vivado/2019.1/strategies/VDI2019.psg' discarded because strategy with same name already parsed from '/home/wei/Software/Vivado_2019_1/install/Vivado/2019.1/strategies/VDI2019.psg'
WARNING: [Runs 36-547] Tool Strategy 'Performance_EarlyBlockPlacement' from file '/home/wei/Software/Vivado_2019_1/install/Vivado/2019.1/strategies/VDI2019.psg' discarded because strategy with same name already parsed from '/home/wei/Software/Vivado_2019_1/install/Vivado/2019.1/strategies/VDI2019.psg'
WARNING: [Runs 36-547] Tool Strategy 'Performance_NetDelay_high' from file '/home/wei/Software/Vivado_2019_1/install/Vivado/2019.1/strategies/VDI2019.psg' discarded because strategy with same name already parsed from '/home/wei/Software/Vivado_2019_1/install/Vivado/2019.1/strategies/VDI2019.psg'
WARNING: [Runs 36-547] Tool Strategy 'Performance_NetDelay_low' from file '/home/wei/Software/Vivado_2019_1/install/Vivado/2019.1/strategies/VDI2019.psg' discarded because strategy with same name already parsed from '/home/wei/Software/Vivado_2019_1/install/Vivado/2019.1/strategies/VDI2019.psg'
WARNING: [Runs 36-547] Tool Strategy 'Performance_Retiming' from file '/home/wei/Software/Vivado_2019_1/install/Vivado/2019.1/strategies/VDI2019.psg' discarded because strategy with same name already parsed from '/home/wei/Software/Vivado_2019_1/install/Vivado/2019.1/strategies/VDI2019.psg'
WARNING: [Runs 36-547] Tool Strategy 'Performance_ExtraTimingOpt' from file '/home/wei/Software/Vivado_2019_1/install/Vivado/2019.1/strategies/VDI2019.psg' discarded because strategy with same name already parsed from '/home/wei/Software/Vivado_2019_1/install/Vivado/2019.1/strategies/VDI2019.psg'
WARNING: [Runs 36-547] Tool Strategy 'Performance_RefinePlacement' from file '/home/wei/Software/Vivado_2019_1/install/Vivado/2019.1/strategies/VDI2019.psg' discarded because strategy with same name already parsed from '/home/wei/Software/Vivado_2019_1/install/Vivado/2019.1/strategies/VDI2019.psg'
WARNING: [Runs 36-547] Tool Strategy 'Performance_SpreadSLLs' from file '/home/wei/Software/Vivado_2019_1/install/Vivado/2019.1/strategies/VDI2019.psg' discarded because strategy with same name already parsed from '/home/wei/Software/Vivado_2019_1/install/Vivado/2019.1/strategies/VDI2019.psg'
WARNING: [Runs 36-547] Tool Strategy 'Performance_BalanceSLLs' from file '/home/wei/Software/Vivado_2019_1/install/Vivado/2019.1/strategies/VDI2019.psg' discarded because strategy with same name already parsed from '/home/wei/Software/Vivado_2019_1/install/Vivado/2019.1/strategies/VDI2019.psg'
WARNING: [Runs 36-547] Tool Strategy 'Performance_BalanceSLRs' from file '/home/wei/Software/Vivado_2019_1/install/Vivado/2019.1/strategies/VDI2019.psg' discarded because strategy with same name already parsed from '/home/wei/Software/Vivado_2019_1/install/Vivado/2019.1/strategies/VDI2019.psg'
WARNING: [Runs 36-547] Tool Strategy 'Performance_HighUtilSLRs' from file '/home/wei/Software/Vivado_2019_1/install/Vivado/2019.1/strategies/VDI2019.psg' discarded because strategy with same name already parsed from '/home/wei/Software/Vivado_2019_1/install/Vivado/2019.1/strategies/VDI2019.psg'
WARNING: [Runs 36-547] Tool Strategy 'Congestion_SpreadLogic_high' from file '/home/wei/Software/Vivado_2019_1/install/Vivado/2019.1/strategies/VDI2019.psg' discarded because strategy with same name already parsed from '/home/wei/Software/Vivado_2019_1/install/Vivado/2019.1/strategies/VDI2019.psg'
WARNING: [Runs 36-547] Tool Strategy 'Congestion_SpreadLogic_medium' from file '/home/wei/Software/Vivado_2019_1/install/Vivado/2019.1/strategies/VDI2019.psg' discarded because strategy with same name already parsed from '/home/wei/Software/Vivado_2019_1/install/Vivado/2019.1/strategies/VDI2019.psg'
WARNING: [Runs 36-547] Tool Strategy 'Congestion_SpreadLogic_low' from file '/home/wei/Software/Vivado_2019_1/install/Vivado/2019.1/strategies/VDI2019.psg' discarded because strategy with same name already parsed from '/home/wei/Software/Vivado_2019_1/install/Vivado/2019.1/strategies/VDI2019.psg'
WARNING: [Runs 36-547] Tool Strategy 'Congestion_SSI_SpreadLogic_high' from file '/home/wei/Software/Vivado_2019_1/install/Vivado/2019.1/strategies/VDI2019.psg' discarded because strategy with same name already parsed from '/home/wei/Software/Vivado_2019_1/install/Vivado/2019.1/strategies/VDI2019.psg'
WARNING: [Runs 36-547] Tool Strategy 'Congestion_SSI_SpreadLogic_low' from file '/home/wei/Software/Vivado_2019_1/install/Vivado/2019.1/strategies/VDI2019.psg' discarded because strategy with same name already parsed from '/home/wei/Software/Vivado_2019_1/install/Vivado/2019.1/strategies/VDI2019.psg'
WARNING: [Runs 36-547] Tool Strategy 'Area_Explore' from file '/home/wei/Software/Vivado_2019_1/install/Vivado/2019.1/strategies/VDI2019.psg' discarded because strategy with same name already parsed from '/home/wei/Software/Vivado_2019_1/install/Vivado/2019.1/strategies/VDI2019.psg'
WARNING: [Runs 36-547] Tool Strategy 'Area_ExploreSequential' from file '/home/wei/Software/Vivado_2019_1/install/Vivado/2019.1/strategies/VDI2019.psg' discarded because strategy with same name already parsed from '/home/wei/Software/Vivado_2019_1/install/Vivado/2019.1/strategies/VDI2019.psg'
WARNING: [Runs 36-547] Tool Strategy 'Area_ExploreWithRemap' from file '/home/wei/Software/Vivado_2019_1/install/Vivado/2019.1/strategies/VDI2019.psg' discarded because strategy with same name already parsed from '/home/wei/Software/Vivado_2019_1/install/Vivado/2019.1/strategies/VDI2019.psg'
WARNING: [Runs 36-547] Tool Strategy 'Power_DefaultOpt' from file '/home/wei/Software/Vivado_2019_1/install/Vivado/2019.1/strategies/VDI2019.psg' discarded because strategy with same name already parsed from '/home/wei/Software/Vivado_2019_1/install/Vivado/2019.1/strategies/VDI2019.psg'
WARNING: [Runs 36-547] Tool Strategy 'Power_ExploreArea' from file '/home/wei/Software/Vivado_2019_1/install/Vivado/2019.1/strategies/VDI2019.psg' discarded because strategy with same name already parsed from '/home/wei/Software/Vivado_2019_1/install/Vivado/2019.1/strategies/VDI2019.psg'
WARNING: [Runs 36-547] Tool Strategy 'Flow_RunPhysOpt' from file '/home/wei/Software/Vivado_2019_1/install/Vivado/2019.1/strategies/VDI2019.psg' discarded because strategy with same name already parsed from '/home/wei/Software/Vivado_2019_1/install/Vivado/2019.1/strategies/VDI2019.psg'
WARNING: [Runs 36-547] Tool Strategy 'Flow_RunPostRoutePhysOpt' from file '/home/wei/Software/Vivado_2019_1/install/Vivado/2019.1/strategies/VDI2019.psg' discarded because strategy with same name already parsed from '/home/wei/Software/Vivado_2019_1/install/Vivado/2019.1/strategies/VDI2019.psg'
WARNING: [Runs 36-547] Tool Strategy 'Flow_RuntimeOptimized' from file '/home/wei/Software/Vivado_2019_1/install/Vivado/2019.1/strategies/VDI2019.psg' discarded because strategy with same name already parsed from '/home/wei/Software/Vivado_2019_1/install/Vivado/2019.1/strategies/VDI2019.psg'
WARNING: [Runs 36-547] Tool Strategy 'Flow_Quick' from file '/home/wei/Software/Vivado_2019_1/install/Vivado/2019.1/strategies/VDI2019.psg' discarded because strategy with same name already parsed from '/home/wei/Software/Vivado_2019_1/install/Vivado/2019.1/strategies/VDI2019.psg'
WARNING: [Runs 36-547] Tool Strategy 'Vivado Implementation Defaults' from file '/home/wei/Software/Vivado_2019_1/install/Vivado/2019.1/strategies/VDI2014.psg' discarded because strategy with same name already parsed from '/home/wei/Software/Vivado_2019_1/install/Vivado/2019.1/strategies/VDI2014.psg'
WARNING: [Runs 36-547] Tool Strategy 'Performance_Explore' from file '/home/wei/Software/Vivado_2019_1/install/Vivado/2019.1/strategies/VDI2014.psg' discarded because strategy with same name already parsed from '/home/wei/Software/Vivado_2019_1/install/Vivado/2019.1/strategies/VDI2014.psg'
WARNING: [Runs 36-547] Tool Strategy 'Performance_ExplorePostRoutePhysOpt' from file '/home/wei/Software/Vivado_2019_1/install/Vivado/2019.1/strategies/VDI2014.psg' discarded because strategy with same name already parsed from '/home/wei/Software/Vivado_2019_1/install/Vivado/2019.1/strategies/VDI2014.psg'
WARNING: [Runs 36-547] Tool Strategy 'Performance_RefinePlacement' from file '/home/wei/Software/Vivado_2019_1/install/Vivado/2019.1/strategies/VDI2014.psg' discarded because strategy with same name already parsed from '/home/wei/Software/Vivado_2019_1/install/Vivado/2019.1/strategies/VDI2014.psg'
WARNING: [Runs 36-547] Tool Strategy 'Performance_WLBlockPlacement' from file '/home/wei/Software/Vivado_2019_1/install/Vivado/2019.1/strategies/VDI2014.psg' discarded because strategy with same name already parsed from '/home/wei/Software/Vivado_2019_1/install/Vivado/2019.1/strategies/VDI2014.psg'
WARNING: [Runs 36-547] Tool Strategy 'Performance_WLBlockPlacementFanoutOpt' from file '/home/wei/Software/Vivado_2019_1/install/Vivado/2019.1/strategies/VDI2014.psg' discarded because strategy with same name already parsed from '/home/wei/Software/Vivado_2019_1/install/Vivado/2019.1/strategies/VDI2014.psg'
WARNING: [Runs 36-547] Tool Strategy 'Performance_LateBlockPlacement' from file '/home/wei/Software/Vivado_2019_1/install/Vivado/2019.1/strategies/VDI2014.psg' discarded because strategy with same name already parsed from '/home/wei/Software/Vivado_2019_1/install/Vivado/2019.1/strategies/VDI2014.psg'
WARNING: [Runs 36-547] Tool Strategy 'Performance_NetDelay_high' from file '/home/wei/Software/Vivado_2019_1/install/Vivado/2019.1/strategies/VDI2014.psg' discarded because strategy with same name already parsed from '/home/wei/Software/Vivado_2019_1/install/Vivado/2019.1/strategies/VDI2014.psg'
WARNING: [Runs 36-547] Tool Strategy 'Performance_NetDelay_medium' from file '/home/wei/Software/Vivado_2019_1/install/Vivado/2019.1/strategies/VDI2014.psg' discarded because strategy with same name already parsed from '/home/wei/Software/Vivado_2019_1/install/Vivado/2019.1/strategies/VDI2014.psg'
WARNING: [Runs 36-547] Tool Strategy 'Performance_NetDelay_low' from file '/home/wei/Software/Vivado_2019_1/install/Vivado/2019.1/strategies/VDI2014.psg' discarded because strategy with same name already parsed from '/home/wei/Software/Vivado_2019_1/install/Vivado/2019.1/strategies/VDI2014.psg'
WARNING: [Runs 36-547] Tool Strategy 'Performance_ExploreSLLs' from file '/home/wei/Software/Vivado_2019_1/install/Vivado/2019.1/strategies/VDI2014.psg' discarded because strategy with same name already parsed from '/home/wei/Software/Vivado_2019_1/install/Vivado/2019.1/strategies/VDI2014.psg'
WARNING: [Runs 36-547] Tool Strategy 'Performance_Retiming' from file '/home/wei/Software/Vivado_2019_1/install/Vivado/2019.1/strategies/VDI2014.psg' discarded because strategy with same name already parsed from '/home/wei/Software/Vivado_2019_1/install/Vivado/2019.1/strategies/VDI2014.psg'
WARNING: [Runs 36-547] Tool Strategy 'Area_Explore' from file '/home/wei/Software/Vivado_2019_1/install/Vivado/2019.1/strategies/VDI2014.psg' discarded because strategy with same name already parsed from '/home/wei/Software/Vivado_2019_1/install/Vivado/2019.1/strategies/VDI2014.psg'
WARNING: [Runs 36-547] Tool Strategy 'Power_DefaultOpt' from file '/home/wei/Software/Vivado_2019_1/install/Vivado/2019.1/strategies/VDI2014.psg' discarded because strategy with same name already parsed from '/home/wei/Software/Vivado_2019_1/install/Vivado/2019.1/strategies/VDI2014.psg'
WARNING: [Runs 36-547] Tool Strategy 'Flow_RunPhysOpt' from file '/home/wei/Software/Vivado_2019_1/install/Vivado/2019.1/strategies/VDI2014.psg' discarded because strategy with same name already parsed from '/home/wei/Software/Vivado_2019_1/install/Vivado/2019.1/strategies/VDI2014.psg'
WARNING: [Runs 36-547] Tool Strategy 'Flow_RunPostRoutePhysOpt' from file '/home/wei/Software/Vivado_2019_1/install/Vivado/2019.1/strategies/VDI2014.psg' discarded because strategy with same name already parsed from '/home/wei/Software/Vivado_2019_1/install/Vivado/2019.1/strategies/VDI2014.psg'
WARNING: [Runs 36-547] Tool Strategy 'Flow_RuntimeOptimized' from file '/home/wei/Software/Vivado_2019_1/install/Vivado/2019.1/strategies/VDI2014.psg' discarded because strategy with same name already parsed from '/home/wei/Software/Vivado_2019_1/install/Vivado/2019.1/strategies/VDI2014.psg'
WARNING: [Runs 36-547] Tool Strategy 'Flow_Quick' from file '/home/wei/Software/Vivado_2019_1/install/Vivado/2019.1/strategies/VDI2014.psg' discarded because strategy with same name already parsed from '/home/wei/Software/Vivado_2019_1/install/Vivado/2019.1/strategies/VDI2014.psg'
WARNING: [Runs 36-547] Tool Strategy 'Congestion_SpreadLogic_high' from file '/home/wei/Software/Vivado_2019_1/install/Vivado/2019.1/strategies/VDI2014.psg' discarded because strategy with same name already parsed from '/home/wei/Software/Vivado_2019_1/install/Vivado/2019.1/strategies/VDI2014.psg'
WARNING: [Runs 36-547] Tool Strategy 'Congestion_SpreadLogic_medium' from file '/home/wei/Software/Vivado_2019_1/install/Vivado/2019.1/strategies/VDI2014.psg' discarded because strategy with same name already parsed from '/home/wei/Software/Vivado_2019_1/install/Vivado/2019.1/strategies/VDI2014.psg'
WARNING: [Runs 36-547] Tool Strategy 'Congestion_SpreadLogic_low' from file '/home/wei/Software/Vivado_2019_1/install/Vivado/2019.1/strategies/VDI2014.psg' discarded because strategy with same name already parsed from '/home/wei/Software/Vivado_2019_1/install/Vivado/2019.1/strategies/VDI2014.psg'
WARNING: [Runs 36-547] Tool Strategy 'Congestion_SpreadLogicSLLs' from file '/home/wei/Software/Vivado_2019_1/install/Vivado/2019.1/strategies/VDI2014.psg' discarded because strategy with same name already parsed from '/home/wei/Software/Vivado_2019_1/install/Vivado/2019.1/strategies/VDI2014.psg'
WARNING: [Runs 36-547] Tool Strategy 'Congestion_BalanceSLLs' from file '/home/wei/Software/Vivado_2019_1/install/Vivado/2019.1/strategies/VDI2014.psg' discarded because strategy with same name already parsed from '/home/wei/Software/Vivado_2019_1/install/Vivado/2019.1/strategies/VDI2014.psg'
WARNING: [Runs 36-547] Tool Strategy 'Congestion_BalanceSLRs' from file '/home/wei/Software/Vivado_2019_1/install/Vivado/2019.1/strategies/VDI2014.psg' discarded because strategy with same name already parsed from '/home/wei/Software/Vivado_2019_1/install/Vivado/2019.1/strategies/VDI2014.psg'
WARNING: [Runs 36-547] Tool Strategy 'Congestion_CompressSLRs' from file '/home/wei/Software/Vivado_2019_1/install/Vivado/2019.1/strategies/VDI2014.psg' discarded because strategy with same name already parsed from '/home/wei/Software/Vivado_2019_1/install/Vivado/2019.1/strategies/VDI2014.psg'
WARNING: [Runs 36-547] Tool Strategy 'Vivado Synthesis Defaults' from file '/home/wei/Software/Vivado_2019_1/install/Vivado/2019.1/strategies/VDS2012.psg' discarded because strategy with same name already parsed from '/home/wei/Software/Vivado_2019_1/install/Vivado/2019.1/strategies/VDS2012.psg'
WARNING: [Runs 36-547] Tool Strategy 'Vivado Synthesis Defaults' from file '/home/wei/Software/Vivado_2019_1/install/Vivado/2019.1/strategies/VDS2013.psg' discarded because strategy with same name already parsed from '/home/wei/Software/Vivado_2019_1/install/Vivado/2019.1/strategies/VDS2013.psg'
WARNING: [Runs 36-547] Tool Strategy 'Flow_RuntimeOptimized' from file '/home/wei/Software/Vivado_2019_1/install/Vivado/2019.1/strategies/VDS2013.psg' discarded because strategy with same name already parsed from '/home/wei/Software/Vivado_2019_1/install/Vivado/2019.1/strategies/VDS2013.psg'
WARNING: [Runs 36-547] Tool Strategy 'Vivado Synthesis Defaults' from file '/home/wei/Software/Vivado_2019_1/install/Vivado/2019.1/strategies/VDS2018.psg' discarded because strategy with same name already parsed from '/home/wei/Software/Vivado_2019_1/install/Vivado/2019.1/strategies/VDS2018.psg'
WARNING: [Runs 36-547] Tool Strategy 'Flow_AreaOptimized_high' from file '/home/wei/Software/Vivado_2019_1/install/Vivado/2019.1/strategies/VDS2018.psg' discarded because strategy with same name already parsed from '/home/wei/Software/Vivado_2019_1/install/Vivado/2019.1/strategies/VDS2018.psg'
WARNING: [Runs 36-547] Tool Strategy 'Flow_AreaOptimized_medium' from file '/home/wei/Software/Vivado_2019_1/install/Vivado/2019.1/strategies/VDS2018.psg' discarded because strategy with same name already parsed from '/home/wei/Software/Vivado_2019_1/install/Vivado/2019.1/strategies/VDS2018.psg'
WARNING: [Runs 36-547] Tool Strategy 'Flow_AreaMultThresholdDSP' from file '/home/wei/Software/Vivado_2019_1/install/Vivado/2019.1/strategies/VDS2018.psg' discarded because strategy with same name already parsed from '/home/wei/Software/Vivado_2019_1/install/Vivado/2019.1/strategies/VDS2018.psg'
INFO: [Common 17-14] Message 'Runs 36-547' appears 100 times and further instances of the messages will be disabled. Use the Tcl command set_msg_config to change the current settings.
WARNING: [Runs 36-546] Tool Report Strategy 'Vivado Synthesis Default Reports' from file '/home/wei/Software/Vivado_2019_1/install/Vivado/2019.1/reportstrategies/VRS2019.psg' discarded because strategy with same name already parsed from '/home/wei/Software/Vivado_2019_1/install/Vivado/2019.1/reportstrategies/VRS2019.psg'
WARNING: [Runs 36-546] Tool Report Strategy 'No Reports' from file '/home/wei/Software/Vivado_2019_1/install/Vivado/2019.1/reportstrategies/VRS2019.psg' discarded because strategy with same name already parsed from '/home/wei/Software/Vivado_2019_1/install/Vivado/2019.1/reportstrategies/VRS2019.psg'
WARNING: [Runs 36-546] Tool Report Strategy 'Vivado Synthesis Default Reports' from file '/home/wei/Software/Vivado_2019_1/install/Vivado/2019.1/reportstrategies/VRS2017.psg' discarded because strategy with same name already parsed from '/home/wei/Software/Vivado_2019_1/install/Vivado/2019.1/reportstrategies/VRS2017.psg'
WARNING: [Runs 36-546] Tool Report Strategy 'No Reports' from file '/home/wei/Software/Vivado_2019_1/install/Vivado/2019.1/reportstrategies/VRS2017.psg' discarded because strategy with same name already parsed from '/home/wei/Software/Vivado_2019_1/install/Vivado/2019.1/reportstrategies/VRS2017.psg'
WARNING: [Runs 36-546] Tool Report Strategy 'Vivado Implementation Default Reports' from file '/home/wei/Software/Vivado_2019_1/install/Vivado/2019.1/reportstrategies/VRI2019.psg' discarded because strategy with same name already parsed from '/home/wei/Software/Vivado_2019_1/install/Vivado/2019.1/reportstrategies/VRI2019.psg'
WARNING: [Runs 36-546] Tool Report Strategy 'UltraFast Design Methodology Reports' from file '/home/wei/Software/Vivado_2019_1/install/Vivado/2019.1/reportstrategies/VRI2019.psg' discarded because strategy with same name already parsed from '/home/wei/Software/Vivado_2019_1/install/Vivado/2019.1/reportstrategies/VRI2019.psg'
WARNING: [Runs 36-546] Tool Report Strategy 'Performance Explore Reports' from file '/home/wei/Software/Vivado_2019_1/install/Vivado/2019.1/reportstrategies/VRI2019.psg' discarded because strategy with same name already parsed from '/home/wei/Software/Vivado_2019_1/install/Vivado/2019.1/reportstrategies/VRI2019.psg'
WARNING: [Runs 36-546] Tool Report Strategy 'Timing Closure Reports' from file '/home/wei/Software/Vivado_2019_1/install/Vivado/2019.1/reportstrategies/VRI2019.psg' discarded because strategy with same name already parsed from '/home/wei/Software/Vivado_2019_1/install/Vivado/2019.1/reportstrategies/VRI2019.psg'
WARNING: [Runs 36-546] Tool Report Strategy 'No Reports' from file '/home/wei/Software/Vivado_2019_1/install/Vivado/2019.1/reportstrategies/VRI2019.psg' discarded because strategy with same name already parsed from '/home/wei/Software/Vivado_2019_1/install/Vivado/2019.1/reportstrategies/VRI2019.psg'
WARNING: [Runs 36-546] Tool Report Strategy 'Vivado Synthesis Default Reports' from file '/home/wei/Software/Vivado_2019_1/install/Vivado/2019.1/reportstrategies/VRS2018.psg' discarded because strategy with same name already parsed from '/home/wei/Software/Vivado_2019_1/install/Vivado/2019.1/reportstrategies/VRS2018.psg'
WARNING: [Runs 36-546] Tool Report Strategy 'No Reports' from file '/home/wei/Software/Vivado_2019_1/install/Vivado/2019.1/reportstrategies/VRS2018.psg' discarded because strategy with same name already parsed from '/home/wei/Software/Vivado_2019_1/install/Vivado/2019.1/reportstrategies/VRS2018.psg'
WARNING: [Runs 36-546] Tool Report Strategy 'Vivado Implementation Default Reports' from file '/home/wei/Software/Vivado_2019_1/install/Vivado/2019.1/reportstrategies/VRI2018.psg' discarded because strategy with same name already parsed from '/home/wei/Software/Vivado_2019_1/install/Vivado/2019.1/reportstrategies/VRI2018.psg'
WARNING: [Runs 36-546] Tool Report Strategy 'UltraFast Design Methodology Reports' from file '/home/wei/Software/Vivado_2019_1/install/Vivado/2019.1/reportstrategies/VRI2018.psg' discarded because strategy with same name already parsed from '/home/wei/Software/Vivado_2019_1/install/Vivado/2019.1/reportstrategies/VRI2018.psg'
WARNING: [Runs 36-546] Tool Report Strategy 'Performance Explore Reports' from file '/home/wei/Software/Vivado_2019_1/install/Vivado/2019.1/reportstrategies/VRI2018.psg' discarded because strategy with same name already parsed from '/home/wei/Software/Vivado_2019_1/install/Vivado/2019.1/reportstrategies/VRI2018.psg'
WARNING: [Runs 36-546] Tool Report Strategy 'Timing Closure Reports' from file '/home/wei/Software/Vivado_2019_1/install/Vivado/2019.1/reportstrategies/VRI2018.psg' discarded because strategy with same name already parsed from '/home/wei/Software/Vivado_2019_1/install/Vivado/2019.1/reportstrategies/VRI2018.psg'
WARNING: [Runs 36-546] Tool Report Strategy 'No Reports' from file '/home/wei/Software/Vivado_2019_1/install/Vivado/2019.1/reportstrategies/VRI2018.psg' discarded because strategy with same name already parsed from '/home/wei/Software/Vivado_2019_1/install/Vivado/2019.1/reportstrategies/VRI2018.psg'
WARNING: [Runs 36-546] Tool Report Strategy 'Vivado Implementation Default Reports' from file '/home/wei/Software/Vivado_2019_1/install/Vivado/2019.1/reportstrategies/VRI2017.psg' discarded because strategy with same name already parsed from '/home/wei/Software/Vivado_2019_1/install/Vivado/2019.1/reportstrategies/VRI2017.psg'
WARNING: [Runs 36-546] Tool Report Strategy 'UltraFast Design Methodology Reports' from file '/home/wei/Software/Vivado_2019_1/install/Vivado/2019.1/reportstrategies/VRI2017.psg' discarded because strategy with same name already parsed from '/home/wei/Software/Vivado_2019_1/install/Vivado/2019.1/reportstrategies/VRI2017.psg'
WARNING: [Runs 36-546] Tool Report Strategy 'Performance Explore Reports' from file '/home/wei/Software/Vivado_2019_1/install/Vivado/2019.1/reportstrategies/VRI2017.psg' discarded because strategy with same name already parsed from '/home/wei/Software/Vivado_2019_1/install/Vivado/2019.1/reportstrategies/VRI2017.psg'
WARNING: [Runs 36-546] Tool Report Strategy 'Timing Closure Reports' from file '/home/wei/Software/Vivado_2019_1/install/Vivado/2019.1/reportstrategies/VRI2017.psg' discarded because strategy with same name already parsed from '/home/wei/Software/Vivado_2019_1/install/Vivado/2019.1/reportstrategies/VRI2017.psg'
WARNING: [Runs 36-546] Tool Report Strategy 'No Reports' from file '/home/wei/Software/Vivado_2019_1/install/Vivado/2019.1/reportstrategies/VRI2017.psg' discarded because strategy with same name already parsed from '/home/wei/Software/Vivado_2019_1/install/Vivado/2019.1/reportstrategies/VRI2017.psg'
source zcu111_tengbe_c_counter_binary_v12_0_i2.tcl -notrace
Command: synth_design -top zcu111_tengbe_c_counter_binary_v12_0_i2 -part xczu28dr-ffvg1517-2-e -mode out_of_context
Starting synth_design
Attempting to get a license for feature 'Synthesis' and/or device 'xczu28dr'
INFO: [Common 17-349] Got license for feature 'Synthesis' and/or device 'xczu28dr'
INFO: [Common 17-86] Your Synthesis license expires in 28 day(s)
INFO: [Common 17-1686] The version limit for your license is '2020.10' and will not allow you to run Xilinx software released after that date (year & month). A version limit expiration means that while you will be able to continue to use the current version of tools or IP with this license, you will not be able to use any updates or new releases.
INFO: [Device 21-403] Loading part xczu28dr-ffvg1517-2-e
INFO: Launching helper process for spawning children vivado processes
INFO: Helper process launched with PID 29790 
load diablo GTM unisim library
---------------------------------------------------------------------------------
Starting RTL Elaboration : Time (s): cpu = 00:00:03 ; elapsed = 00:00:04 . Memory (MB): peak = 2414.570 ; gain = 144.715 ; free physical = 6877 ; free virtual = 28691
---------------------------------------------------------------------------------
INFO: [Synth 8-638] synthesizing module 'zcu111_tengbe_c_counter_binary_v12_0_i2' [/home/wei/casper/ZCU111/tengbe/zcu111_tengbe/myproj/myproj.srcs/sources_1/ip/zcu111_tengbe_c_counter_binary_v12_0_i2/synth/zcu111_tengbe_c_counter_binary_v12_0_i2.vhd:68]
	Parameter C_IMPLEMENTATION bound to: 0 - type: integer 
	Parameter C_VERBOSITY bound to: 0 - type: integer 
	Parameter C_XDEVICEFAMILY bound to: zynquplus - type: string 
	Parameter C_WIDTH bound to: 2 - type: integer 
	Parameter C_HAS_CE bound to: 1 - type: integer 
	Parameter C_HAS_SCLR bound to: 0 - type: integer 
	Parameter C_RESTRICT_COUNT bound to: 0 - type: integer 
	Parameter C_COUNT_TO bound to: 1 - type: string 
	Parameter C_COUNT_BY bound to: 1 - type: string 
	Parameter C_COUNT_MODE bound to: 0 - type: integer 
	Parameter C_THRESH0_VALUE bound to: 1 - type: string 
	Parameter C_CE_OVERRIDES_SYNC bound to: 0 - type: integer 
	Parameter C_HAS_THRESH0 bound to: 0 - type: integer 
	Parameter C_HAS_LOAD bound to: 0 - type: integer 
	Parameter C_LOAD_LOW bound to: 0 - type: integer 
	Parameter C_LATENCY bound to: 1 - type: integer 
	Parameter C_FB_LATENCY bound to: 0 - type: integer 
	Parameter C_AINIT_VAL bound to: 0 - type: string 
	Parameter C_SINIT_VAL bound to: 0 - type: string 
	Parameter C_SCLR_OVERRIDES_SSET bound to: 1 - type: integer 
	Parameter C_HAS_SSET bound to: 0 - type: integer 
	Parameter C_HAS_SINIT bound to: 1 - type: integer 
INFO: [Synth 8-3491] module 'c_counter_binary_v12_0_13' declared at '/home/wei/casper/ZCU111/tengbe/zcu111_tengbe/myproj/myproj.srcs/sources_1/ip/zcu111_tengbe_c_counter_binary_v12_0_i2/hdl/c_counter_binary_v12_0_vh_rfs.vhd:2147' bound to instance 'U0' of component 'c_counter_binary_v12_0_13' [/home/wei/casper/ZCU111/tengbe/zcu111_tengbe/myproj/myproj.srcs/sources_1/ip/zcu111_tengbe_c_counter_binary_v12_0_i2/synth/zcu111_tengbe_c_counter_binary_v12_0_i2.vhd:127]
INFO: [Synth 8-256] done synthesizing module 'zcu111_tengbe_c_counter_binary_v12_0_i2' (8#1) [/home/wei/casper/ZCU111/tengbe/zcu111_tengbe/myproj/myproj.srcs/sources_1/ip/zcu111_tengbe_c_counter_binary_v12_0_i2/synth/zcu111_tengbe_c_counter_binary_v12_0_i2.vhd:68]
WARNING: [Synth 8-3331] design c_reg_fd_v12_0_6_viv has unconnected port AINIT
WARNING: [Synth 8-3331] design c_reg_fd_v12_0_6_viv has unconnected port ACLR
WARNING: [Synth 8-3331] design c_reg_fd_v12_0_6_viv has unconnected port ASET
WARNING: [Synth 8-3331] design c_reg_fd_v12_0_6_viv has unconnected port SCLR
WARNING: [Synth 8-3331] design c_reg_fd_v12_0_6_viv has unconnected port SSET
WARNING: [Synth 8-3331] design c_addsub_v12_0_13_lut6_legacy has unconnected port b[1]
WARNING: [Synth 8-3331] design c_addsub_v12_0_13_lut6_legacy has unconnected port b[0]
WARNING: [Synth 8-3331] design c_addsub_v12_0_13_lut6_legacy has unconnected port add
WARNING: [Synth 8-3331] design c_addsub_v12_0_13_lut6_legacy has unconnected port c_in
WARNING: [Synth 8-3331] design c_addsub_v12_0_13_lut6_legacy has unconnected port bypass
WARNING: [Synth 8-3331] design c_addsub_v12_0_13_lut6_legacy has unconnected port sclr
WARNING: [Synth 8-3331] design c_addsub_v12_0_13_lut6_legacy has unconnected port sset
WARNING: [Synth 8-3331] design c_addsub_v12_0_13_legacy has unconnected port c_in
WARNING: [Synth 8-3331] design c_addsub_v12_0_13_legacy has unconnected port b_in
WARNING: [Synth 8-3331] design c_addsub_v12_0_13_legacy has unconnected port a_signed
WARNING: [Synth 8-3331] design c_addsub_v12_0_13_legacy has unconnected port b_signed
WARNING: [Synth 8-3331] design c_counter_binary_v12_0_13_legacy has unconnected port up
WARNING: [Synth 8-3331] design c_counter_binary_v12_0_13_legacy has unconnected port load
WARNING: [Synth 8-3331] design c_counter_binary_v12_0_13_legacy has unconnected port l[1]
WARNING: [Synth 8-3331] design c_counter_binary_v12_0_13_legacy has unconnected port l[0]
WARNING: [Synth 8-3331] design c_counter_binary_v12_0_13_legacy has unconnected port iv[1]
WARNING: [Synth 8-3331] design c_counter_binary_v12_0_13_legacy has unconnected port iv[0]
WARNING: [Synth 8-3331] design c_counter_binary_v12_0_13_legacy has unconnected port sclr
WARNING: [Synth 8-3331] design c_counter_binary_v12_0_13_legacy has unconnected port sset
---------------------------------------------------------------------------------
Finished RTL Elaboration : Time (s): cpu = 00:00:04 ; elapsed = 00:00:06 . Memory (MB): peak = 2481.289 ; gain = 211.434 ; free physical = 6497 ; free virtual = 28311
---------------------------------------------------------------------------------

Report Check Netlist: 
+------+------------------+-------+---------+-------+------------------+
|      |Item              |Errors |Warnings |Status |Description       |
+------+------------------+-------+---------+-------+------------------+
|1     |multi_driven_nets |      0|        0|Passed |Multi driven nets |
+------+------------------+-------+---------+-------+------------------+
---------------------------------------------------------------------------------
Start Handling Custom Attributes
---------------------------------------------------------------------------------
---------------------------------------------------------------------------------
Finished Handling Custom Attributes : Time (s): cpu = 00:00:05 ; elapsed = 00:00:06 . Memory (MB): peak = 2487.227 ; gain = 217.371 ; free physical = 6456 ; free virtual = 28271
---------------------------------------------------------------------------------
---------------------------------------------------------------------------------
Finished RTL Optimization Phase 1 : Time (s): cpu = 00:00:05 ; elapsed = 00:00:06 . Memory (MB): peak = 2487.227 ; gain = 217.371 ; free physical = 6456 ; free virtual = 28271
---------------------------------------------------------------------------------
INFO: [Netlist 29-17] Analyzing 3 Unisim elements for replacement
INFO: [Netlist 29-28] Unisim Transformation completed in 0 CPU seconds
INFO: [Project 1-570] Preparing netlist for logic optimization

Processing XDC Constraints
Initializing timing engine
Parsing XDC File [/home/wei/casper/ZCU111/tengbe/zcu111_tengbe/myproj/myproj.srcs/sources_1/ip/zcu111_tengbe_c_counter_binary_v12_0_i2/zcu111_tengbe_c_counter_binary_v12_0_i2_ooc.xdc] for cell 'U0'
Finished Parsing XDC File [/home/wei/casper/ZCU111/tengbe/zcu111_tengbe/myproj/myproj.srcs/sources_1/ip/zcu111_tengbe_c_counter_binary_v12_0_i2/zcu111_tengbe_c_counter_binary_v12_0_i2_ooc.xdc] for cell 'U0'
Parsing XDC File [/home/wei/casper/ZCU111/tengbe/zcu111_tengbe/myproj/myproj.runs/zcu111_tengbe_c_counter_binary_v12_0_i2_synth_1/dont_touch.xdc]
Finished Parsing XDC File [/home/wei/casper/ZCU111/tengbe/zcu111_tengbe/myproj/myproj.runs/zcu111_tengbe_c_counter_binary_v12_0_i2_synth_1/dont_touch.xdc]
Completed Processing XDC Constraints

Netlist sorting complete. Time (s): cpu = 00:00:00 ; elapsed = 00:00:00 . Memory (MB): peak = 2610.914 ; gain = 0.000 ; free physical = 5872 ; free virtual = 27686
INFO: [Project 1-111] Unisim Transformation Summary:
No Unisim elements were transformed.

Constraint Validation Runtime : Time (s): cpu = 00:00:00 ; elapsed = 00:00:00 . Memory (MB): peak = 2610.914 ; gain = 0.000 ; free physical = 5871 ; free virtual = 27686
load diablo GTM unisim library
---------------------------------------------------------------------------------
Finished Constraint Validation : Time (s): cpu = 00:00:13 ; elapsed = 00:00:17 . Memory (MB): peak = 2610.914 ; gain = 341.059 ; free physical = 5745 ; free virtual = 27560
---------------------------------------------------------------------------------
---------------------------------------------------------------------------------
Start Loading Part and Timing Information
---------------------------------------------------------------------------------
Loading part: xczu28dr-ffvg1517-2-e
INFO: [Synth 8-6742] Reading net delay rules and data
---------------------------------------------------------------------------------
Finished Loading Part and Timing Information : Time (s): cpu = 00:00:13 ; elapsed = 00:00:17 . Memory (MB): peak = 2610.914 ; gain = 341.059 ; free physical = 5745 ; free virtual = 27560
---------------------------------------------------------------------------------
---------------------------------------------------------------------------------
Start Applying 'set_property' XDC Constraints
---------------------------------------------------------------------------------
Applied set_property DONT_TOUCH = true for U0. (constraint file  /home/wei/casper/ZCU111/tengbe/zcu111_tengbe/myproj/myproj.runs/zcu111_tengbe_c_counter_binary_v12_0_i2_synth_1/dont_touch.xdc, line 9).
---------------------------------------------------------------------------------
Finished applying 'set_property' XDC Constraints : Time (s): cpu = 00:00:13 ; elapsed = 00:00:17 . Memory (MB): peak = 2610.914 ; gain = 341.059 ; free physical = 5748 ; free virtual = 27563
---------------------------------------------------------------------------------
---------------------------------------------------------------------------------
Finished RTL Optimization Phase 2 : Time (s): cpu = 00:00:13 ; elapsed = 00:00:17 . Memory (MB): peak = 2610.914 ; gain = 341.059 ; free physical = 5724 ; free virtual = 27539
---------------------------------------------------------------------------------

Report RTL Partitions: 
+-+--------------+------------+----------+
| |RTL Partition |Replication |Instances |
+-+--------------+------------+----------+
+-+--------------+------------+----------+
---------------------------------------------------------------------------------
Start RTL Component Statistics 
---------------------------------------------------------------------------------
---------------------------------------------------------------------------------
Finished RTL Component Statistics 
---------------------------------------------------------------------------------
---------------------------------------------------------------------------------
Start RTL Hierarchical Component Statistics 
---------------------------------------------------------------------------------
---------------------------------------------------------------------------------
Finished RTL Hierarchical Component Statistics
---------------------------------------------------------------------------------
---------------------------------------------------------------------------------
Start Part Resource Summary
---------------------------------------------------------------------------------
Part Resources:
DSPs: 4272 (col length:192)
BRAMs: 2160 (col length: RAMB18 192 RAMB36 96)
---------------------------------------------------------------------------------
Finished Part Resource Summary
---------------------------------------------------------------------------------
---------------------------------------------------------------------------------
Start Cross Boundary and Area Optimization
---------------------------------------------------------------------------------
Warning: Parallel synthesis criteria is not met 
WARNING: [Synth 8-3331] design c_counter_binary_v12_0_13_viv has unconnected port SCLR
WARNING: [Synth 8-3331] design c_counter_binary_v12_0_13_viv has unconnected port SSET
WARNING: [Synth 8-3331] design c_counter_binary_v12_0_13_viv has unconnected port UP
WARNING: [Synth 8-3331] design c_counter_binary_v12_0_13_viv has unconnected port LOAD
WARNING: [Synth 8-3331] design c_counter_binary_v12_0_13_viv has unconnected port L[1]
WARNING: [Synth 8-3331] design c_counter_binary_v12_0_13_viv has unconnected port L[0]
---------------------------------------------------------------------------------
Finished Cross Boundary and Area Optimization : Time (s): cpu = 00:00:14 ; elapsed = 00:00:18 . Memory (MB): peak = 2610.914 ; gain = 341.059 ; free physical = 5682 ; free virtual = 27499
---------------------------------------------------------------------------------

Report RTL Partitions: 
+-+--------------+------------+----------+
| |RTL Partition |Replication |Instances |
+-+--------------+------------+----------+
+-+--------------+------------+----------+
---------------------------------------------------------------------------------
Start Applying XDC Timing Constraints
---------------------------------------------------------------------------------
---------------------------------------------------------------------------------
Finished Applying XDC Timing Constraints : Time (s): cpu = 00:00:33 ; elapsed = 00:00:51 . Memory (MB): peak = 2923.992 ; gain = 654.137 ; free physical = 4736 ; free virtual = 26559
---------------------------------------------------------------------------------
---------------------------------------------------------------------------------
Start Timing Optimization
---------------------------------------------------------------------------------
---------------------------------------------------------------------------------
Finished Timing Optimization : Time (s): cpu = 00:00:33 ; elapsed = 00:00:51 . Memory (MB): peak = 2923.992 ; gain = 654.137 ; free physical = 4736 ; free virtual = 26558
---------------------------------------------------------------------------------

Report RTL Partitions: 
+-+--------------+------------+----------+
| |RTL Partition |Replication |Instances |
+-+--------------+------------+----------+
+-+--------------+------------+----------+
---------------------------------------------------------------------------------
Start Technology Mapping
---------------------------------------------------------------------------------
---------------------------------------------------------------------------------
Finished Technology Mapping : Time (s): cpu = 00:00:33 ; elapsed = 00:00:51 . Memory (MB): peak = 2934.008 ; gain = 664.152 ; free physical = 4733 ; free virtual = 26555
---------------------------------------------------------------------------------

Report RTL Partitions: 
+-+--------------+------------+----------+
| |RTL Partition |Replication |Instances |
+-+--------------+------------+----------+
+-+--------------+------------+----------+
---------------------------------------------------------------------------------
Start IO Insertion
---------------------------------------------------------------------------------
---------------------------------------------------------------------------------
Start Flattening Before IO Insertion
---------------------------------------------------------------------------------
---------------------------------------------------------------------------------
Finished Flattening Before IO Insertion
---------------------------------------------------------------------------------
---------------------------------------------------------------------------------
Start Final Netlist Cleanup
---------------------------------------------------------------------------------
---------------------------------------------------------------------------------
Finished Final Netlist Cleanup
---------------------------------------------------------------------------------
---------------------------------------------------------------------------------
Finished IO Insertion : Time (s): cpu = 00:00:34 ; elapsed = 00:00:52 . Memory (MB): peak = 2947.883 ; gain = 678.027 ; free physical = 4630 ; free virtual = 26453
---------------------------------------------------------------------------------

Report Check Netlist: 
+------+------------------+-------+---------+-------+------------------+
|      |Item              |Errors |Warnings |Status |Description       |
+------+------------------+-------+---------+-------+------------------+
|1     |multi_driven_nets |      0|        0|Passed |Multi driven nets |
+------+------------------+-------+---------+-------+------------------+
---------------------------------------------------------------------------------
Start Renaming Generated Instances
---------------------------------------------------------------------------------
---------------------------------------------------------------------------------
Finished Renaming Generated Instances : Time (s): cpu = 00:00:34 ; elapsed = 00:00:52 . Memory (MB): peak = 2947.883 ; gain = 678.027 ; free physical = 4629 ; free virtual = 26452
---------------------------------------------------------------------------------

Report RTL Partitions: 
+-+--------------+------------+----------+
| |RTL Partition |Replication |Instances |
+-+--------------+------------+----------+
+-+--------------+------------+----------+
---------------------------------------------------------------------------------
Start Rebuilding User Hierarchy
---------------------------------------------------------------------------------
---------------------------------------------------------------------------------
Finished Rebuilding User Hierarchy : Time (s): cpu = 00:00:34 ; elapsed = 00:00:52 . Memory (MB): peak = 2947.883 ; gain = 678.027 ; free physical = 4629 ; free virtual = 26452
---------------------------------------------------------------------------------
---------------------------------------------------------------------------------
Start Renaming Generated Ports
---------------------------------------------------------------------------------
---------------------------------------------------------------------------------
Finished Renaming Generated Ports : Time (s): cpu = 00:00:34 ; elapsed = 00:00:52 . Memory (MB): peak = 2947.883 ; gain = 678.027 ; free physical = 4629 ; free virtual = 26451
---------------------------------------------------------------------------------
---------------------------------------------------------------------------------
Start Handling Custom Attributes
---------------------------------------------------------------------------------
---------------------------------------------------------------------------------
Finished Handling Custom Attributes : Time (s): cpu = 00:00:34 ; elapsed = 00:00:52 . Memory (MB): peak = 2947.883 ; gain = 678.027 ; free physical = 4628 ; free virtual = 26451
---------------------------------------------------------------------------------
---------------------------------------------------------------------------------
Start Renaming Generated Nets
---------------------------------------------------------------------------------
---------------------------------------------------------------------------------
Finished Renaming Generated Nets : Time (s): cpu = 00:00:34 ; elapsed = 00:00:52 . Memory (MB): peak = 2947.883 ; gain = 678.027 ; free physical = 4628 ; free virtual = 26450
---------------------------------------------------------------------------------
---------------------------------------------------------------------------------
Start Writing Synthesis Report
---------------------------------------------------------------------------------

Report BlackBoxes: 
+-+--------------+----------+
| |BlackBox name |Instances |
+-+--------------+----------+
+-+--------------+----------+

Report Cell Usage: 
+------+------+------+
|      |Cell  |Count |
+------+------+------+
|1     |LUT1  |     1|
|2     |MUXCY |     1|
|3     |XORCY |     2|
|4     |FDRE  |     2|
+------+------+------+
---------------------------------------------------------------------------------
Finished Writing Synthesis Report : Time (s): cpu = 00:00:34 ; elapsed = 00:00:52 . Memory (MB): peak = 2947.883 ; gain = 678.027 ; free physical = 4628 ; free virtual = 26450
---------------------------------------------------------------------------------
Synthesis finished with 0 errors, 0 critical warnings and 6 warnings.
Synthesis Optimization Runtime : Time (s): cpu = 00:00:28 ; elapsed = 00:00:44 . Memory (MB): peak = 2947.883 ; gain = 554.340 ; free physical = 4661 ; free virtual = 26483
Synthesis Optimization Complete : Time (s): cpu = 00:00:34 ; elapsed = 00:00:52 . Memory (MB): peak = 2947.891 ; gain = 678.027 ; free physical = 4661 ; free virtual = 26483
INFO: [Project 1-571] Translating synthesized netlist
INFO: [Netlist 29-17] Analyzing 3 Unisim elements for replacement
INFO: [Netlist 29-28] Unisim Transformation completed in 0 CPU seconds
INFO: [Project 1-570] Preparing netlist for logic optimization
INFO: [Opt 31-138] Pushed 0 inverter(s) to 0 load pin(s).
Netlist sorting complete. Time (s): cpu = 00:00:00 ; elapsed = 00:00:00.01 . Memory (MB): peak = 2993.508 ; gain = 0.000 ; free physical = 4482 ; free virtual = 26304
INFO: [Project 1-111] Unisim Transformation Summary:
  A total of 1 instances were transformed.
  (CARRY4) => CARRY8: 1 instances

INFO: [Common 17-83] Releasing license: Synthesis
19 Infos, 30 Warnings, 0 Critical Warnings and 0 Errors encountered.
synth_design completed successfully
synth_design: Time (s): cpu = 00:00:44 ; elapsed = 00:01:07 . Memory (MB): peak = 2993.508 ; gain = 1518.223 ; free physical = 4569 ; free virtual = 26391
Netlist sorting complete. Time (s): cpu = 00:00:00 ; elapsed = 00:00:00 . Memory (MB): peak = 2993.508 ; gain = 0.000 ; free physical = 4569 ; free virtual = 26391
WARNING: [Constraints 18-5210] No constraints selected for write.
Resolution: This message can indicate that there are no constraints for the design, or it can indicate that the used_in flags are set such that the constraints are ignored. This later case is used when running synth_design to not write synthesis constraints to the resulting checkpoint. Instead, project constraints are read when the synthesized design is opened.
INFO: [Common 17-1381] The checkpoint '/home/wei/casper/ZCU111/tengbe/zcu111_tengbe/myproj/myproj.runs/zcu111_tengbe_c_counter_binary_v12_0_i2_synth_1/zcu111_tengbe_c_counter_binary_v12_0_i2.dcp' has been generated.
WARNING: [Common 17-576] 'use_project_ipc' is deprecated. This option is deprecated and no longer used.
INFO: [Coretcl 2-1648] Added synthesis output to IP cache for IP zcu111_tengbe_c_counter_binary_v12_0_i2, cache-ID = 304a83201ff62d55
INFO: [Coretcl 2-1174] Renamed 7 cell refs.
Netlist sorting complete. Time (s): cpu = 00:00:00 ; elapsed = 00:00:00 . Memory (MB): peak = 2999.445 ; gain = 0.000 ; free physical = 4517 ; free virtual = 26339
WARNING: [Constraints 18-5210] No constraints selected for write.
Resolution: This message can indicate that there are no constraints for the design, or it can indicate that the used_in flags are set such that the constraints are ignored. This later case is used when running synth_design to not write synthesis constraints to the resulting checkpoint. Instead, project constraints are read when the synthesized design is opened.
INFO: [Common 17-1381] The checkpoint '/home/wei/casper/ZCU111/tengbe/zcu111_tengbe/myproj/myproj.runs/zcu111_tengbe_c_counter_binary_v12_0_i2_synth_1/zcu111_tengbe_c_counter_binary_v12_0_i2.dcp' has been generated.
INFO: [runtcl-4] Executing : report_utilization -file zcu111_tengbe_c_counter_binary_v12_0_i2_utilization_synth.rpt -pb zcu111_tengbe_c_counter_binary_v12_0_i2_utilization_synth.pb
INFO: [Common 17-206] Exiting Vivado at Thu Oct 22 13:13:44 2020...
