Copyright 1986-2019 Xilinx, Inc. All Rights Reserved.
-------------------------------------------------------------------------------------------------------------------------------
| Tool Version     : Vivado v.2019.1.3 (lin64) Build 2644227 Wed Sep  4 09:44:18 MDT 2019
| Date             : Thu Oct 29 20:39:32 2020
| Host             : wei-Berkeley running 64-bit Ubuntu 18.04.5 LTS
| Command          : report_power -file top_power_routed.rpt -pb top_power_summary_routed.pb -rpx top_power_routed.rpx
| Design           : top
| Device           : xczu28dr-ffvg1517-2-e
| Design State     : routed
| Grade            : extended
| Process          : typical
| Characterization : Production
-------------------------------------------------------------------------------------------------------------------------------

Power Report

Table of Contents
-----------------
1. Summary
1.1 On-Chip Components
1.2 Power Supply Summary
1.3 Confidence Level
2. Settings
2.1 Environment
2.2 Clock Constraints
3. Detailed Reports
3.1 By Hierarchy

1. Summary
----------

+--------------------------+--------------+
| Total On-Chip Power (W)  | 5.290        |
| Design Power Budget (W)  | Unspecified* |
| Power Budget Margin (W)  | NA           |
| Dynamic (W)              | 4.002        |
| Device Static (W)        | 1.288        |
| Effective TJA (C/W)      | 0.8          |
| Max Ambient (C)          | 95.5         |
| Junction Temperature (C) | 29.5         |
| Confidence Level         | Medium       |
| Setting File             | ---          |
| Simulation Activity File | ---          |
| Design Nets Matched      | NA           |
+--------------------------+--------------+
* Specify Design Power Budget using, set_operating_conditions -design_power_budget <value in Watts>


1.1 On-Chip Components
----------------------

+--------------------------+-----------+----------+-----------+-----------------+
| On-Chip                  | Power (W) | Used     | Available | Utilization (%) |
+--------------------------+-----------+----------+-----------+-----------------+
| Clocks                   |     0.202 |       17 |       --- |             --- |
| CLB Logic                |     0.091 |    48446 |       --- |             --- |
|   LUT as Logic           |     0.074 |    14236 |    425280 |            3.35 |
|   Register               |     0.011 |    26904 |    850560 |            3.16 |
|   LUT as Shift Register  |     0.003 |      445 |    213600 |            0.21 |
|   LUT as Distributed RAM |     0.002 |      912 |    213600 |            0.43 |
|   CARRY8                 |     0.001 |      328 |     53160 |            0.62 |
|   BUFG                   |    <0.001 |        3 |        64 |            4.69 |
|   Others                 |     0.000 |     1901 |       --- |             --- |
|   F7/F8 Muxes            |     0.000 |      189 |    425280 |            0.04 |
| Signals                  |     0.122 |    49542 |       --- |             --- |
| Block RAM                |     0.251 |    236.5 |      1080 |           21.90 |
| MMCM                     |     0.089 |        0 |       --- |             --- |
| DSPs                     |     0.002 |        7 |      4272 |            0.16 |
| I/O                      |     0.011 |        7 |       347 |            2.02 |
| GTY                      |     0.917 |        3 |        16 |           18.75 |
| PS8                      |     2.317 |        1 |       --- |             --- |
| Static Power             |     1.288 |          |           |                 |
|   PS Static              |     0.099 |          |           |                 |
|   PL Static              |     1.190 |          |           |                 |
| Total                    |     5.290 |          |           |                 |
+--------------------------+-----------+----------+-----------+-----------------+


1.2 Power Supply Summary
------------------------

+-----------------+-------------+-----------+-------------+------------+
| Source          | Voltage (V) | Total (A) | Dynamic (A) | Static (A) |
+-----------------+-------------+-----------+-------------+------------+
| Vccint          |       0.850 |     1.222 |       0.903 |      0.319 |
| Vccint_io       |       0.850 |     0.074 |       0.003 |      0.071 |
| Vccbram         |       0.850 |     0.014 |       0.009 |      0.005 |
| Vccaux          |       1.800 |     0.328 |       0.049 |      0.279 |
| Vccaux_io       |       1.800 |     0.062 |       0.005 |      0.058 |
| Vcco33          |       3.300 |     0.000 |       0.000 |      0.000 |
| Vcco25          |       2.500 |     0.000 |       0.000 |      0.000 |
| Vcco18          |       1.800 |     0.001 |       0.001 |      0.000 |
| Vcco15          |       1.500 |     0.000 |       0.000 |      0.000 |
| Vcco135         |       1.350 |     0.000 |       0.000 |      0.000 |
| Vcco12          |       1.200 |     0.000 |       0.000 |      0.000 |
| Vcco10          |       1.000 |     0.000 |       0.000 |      0.000 |
| Vccadc          |       1.800 |     0.008 |       0.000 |      0.008 |
| VCC_PSINTFP     |       0.850 |     0.645 |       0.610 |      0.034 |
| VCC_PSINTLP     |       0.850 |     0.275 |       0.268 |      0.007 |
| VPS_MGTRAVCC    |       0.850 |     0.139 |       0.138 |      0.001 |
| VCC_PSINTFP_DDR |       0.850 |     0.730 |       0.726 |      0.004 |
| VCC_PSPLL       |       1.200 |     0.056 |       0.054 |      0.002 |
| VPS_MGTRAVTT    |       1.800 |     0.034 |       0.033 |      0.001 |
| VCCO_PSDDR_504  |       1.200 |     0.626 |       0.592 |      0.034 |
| VCC_PSAUX       |       1.800 |     0.002 |       0.000 |      0.002 |
| VCC_PSBATT      |       1.200 |     0.000 |       0.000 |      0.000 |
| VCC_PSDDR_PLL   |       1.800 |     0.001 |       0.000 |      0.001 |
| VCCO_PSIO0_500  |       1.800 |     0.001 |       0.000 |      0.001 |
| VCCO_PSIO1_501  |       1.800 |     0.001 |       0.000 |      0.001 |
| VCCO_PSIO2_502  |       1.800 |     0.001 |       0.000 |      0.001 |
| VCCO_PSIO3_503  |       3.300 |     0.001 |       0.000 |      0.001 |
| VCC_PSADC       |       1.800 |     0.002 |       0.000 |      0.002 |
| VCCINT_AMS      |       0.850 |     0.010 |       0.000 |      0.010 |
| DACAVCC         |       0.925 |     0.008 |       0.000 |      0.008 |
| DACAVCCAUX      |       1.800 |     0.000 |       0.000 |      0.000 |
| DACAVTT         |       2.500 |     0.005 |       0.000 |      0.005 |
| ADCAVCC         |       0.925 |     0.012 |       0.000 |      0.012 |
| ADCAVCCAUX      |       1.800 |     0.049 |       0.000 |      0.049 |
| VCCSDFEC        |       0.850 |     0.031 |       0.000 |      0.031 |
| MGTYAVcc        |       0.900 |     0.240 |       0.190 |      0.050 |
| MGTYAVtt        |       1.200 |     0.522 |       0.498 |      0.024 |
| MGTYVccaux      |       1.800 |     0.025 |       0.022 |      0.003 |
+-----------------+-------------+-----------+-------------+------------+


1.3 Confidence Level
--------------------

+-----------------------------+------------+------------------------------------------------+------------------------------------------------------------------------------------------------------------+
| User Input Data             | Confidence | Details                                        | Action                                                                                                     |
+-----------------------------+------------+------------------------------------------------+------------------------------------------------------------------------------------------------------------+
| Design implementation state | High       | Design is routed                               |                                                                                                            |
| Clock nodes activity        | High       | User specified more than 95% of clocks         |                                                                                                            |
| I/O nodes activity          | High       | User specified more than 95% of inputs         |                                                                                                            |
| Internal nodes activity     | Medium     | User specified less than 25% of internal nodes | Provide missing internal nodes activity with simulation results or by editing the "By Resource Type" views |
| Device models               | High       | Device models are Production                   |                                                                                                            |
|                             |            |                                                |                                                                                                            |
| Overall confidence level    | Medium     |                                                |                                                                                                            |
+-----------------------------+------------+------------------------------------------------+------------------------------------------------------------------------------------------------------------+


2. Settings
-----------

2.1 Environment
---------------

+-----------------------+--------------------------+
| Ambient Temp (C)      | 25.0                     |
| ThetaJA (C/W)         | 0.8                      |
| Airflow (LFM)         | 250                      |
| Heat Sink             | medium (Medium Profile)  |
| ThetaSA (C/W)         | 1.2                      |
| Board Selection       | medium (10"x10")         |
| # of Board Layers     | 12to15 (12 to 15 Layers) |
| Board Temperature (C) | 25.0                     |
+-----------------------+--------------------------+


2.2 Clock Constraints
---------------------

+----------------------+----------------------------------------------------------------------------------------------------------------------------------------------------------------------------------------------------------------------------------------------------------+-----------------+
| Clock                | Domain                                                                                                                                                                                                                                                   | Constraint (ns) |
+----------------------+----------------------------------------------------------------------------------------------------------------------------------------------------------------------------------------------------------------------------------------------------------+-----------------+
| clk_128_p            | clk_128_p                                                                                                                                                                                                                                                |             7.8 |
| clk_pl_0             | zcu111_inst/zynq_ultra_ps_e_0/U0/pl_clk_unbuffered[0]                                                                                                                                                                                                    |            10.0 |
| ethclk0              | ref_clk_p0                                                                                                                                                                                                                                               |             6.4 |
| qpll0outclk[0]       | tengbaser_infra0_inst/i_xxv_ethernet_1_common_wrapper/xxv_ethernet_1_gt_gtye4_common_wrapper_i/common_inst/qpll0outclk[0]                                                                                                                                |             0.2 |
| qpll0outrefclk[0]    | tengbaser_infra0_inst/i_xxv_ethernet_1_common_wrapper/xxv_ethernet_1_gt_gtye4_common_wrapper_i/common_inst/qpll0outrefclk[0]                                                                                                                             |             6.4 |
| rxoutclk_out[0]      | tengbaser_phy0/inst/i_tengbaser_phy_ultrascale_gt/inst/gen_gtwizard_gtye4_top.tengbaser_phy_ultrascale_gt_gtwizard_gtye4_inst/gen_gtwizard_gtye4.gen_channel_container[1].gen_enabled_channel.gtye4_channel_wrapper_inst/channel_inst/rxoutclk_out[0]    |             6.4 |
| rxoutclk_out[0]_1    | tengbaser_phy1/inst/i_tengbaser_phy_ultrascale_gt/inst/gen_gtwizard_gtye4_top.tengbaser_phy_ultrascale_gt_gtwizard_gtye4_inst/gen_gtwizard_gtye4.gen_channel_container[1].gen_enabled_channel.gtye4_channel_wrapper_inst/channel_inst/rxoutclk_out[0]    |             6.4 |
| rxoutclk_out[0]_2    | tengbaser_phy3/inst/i_tengbaser_phy_ultrascale_gt/inst/gen_gtwizard_gtye4_top.tengbaser_phy_ultrascale_gt_gtwizard_gtye4_inst/gen_gtwizard_gtye4.gen_channel_container[1].gen_enabled_channel.gtye4_channel_wrapper_inst/channel_inst/rxoutclk_out[0]    |             6.4 |
| txoutclk_out[0]      | tengbaser_phy0/inst/i_tengbaser_phy_ultrascale_gt/inst/gen_gtwizard_gtye4_top.tengbaser_phy_ultrascale_gt_gtwizard_gtye4_inst/gen_gtwizard_gtye4.gen_channel_container[1].gen_enabled_channel.gtye4_channel_wrapper_inst/channel_inst/txoutclk_out[0]    |             6.4 |
| txoutclk_out[0]_1    | tengbaser_phy1/inst/i_tengbaser_phy_ultrascale_gt/inst/gen_gtwizard_gtye4_top.tengbaser_phy_ultrascale_gt_gtwizard_gtye4_inst/gen_gtwizard_gtye4.gen_channel_container[1].gen_enabled_channel.gtye4_channel_wrapper_inst/channel_inst/txoutclk_out[0]    |             6.4 |
| txoutclk_out[0]_2    | tengbaser_phy3/inst/i_tengbaser_phy_ultrascale_gt/inst/gen_gtwizard_gtye4_top.tengbaser_phy_ultrascale_gt_gtwizard_gtye4_inst/gen_gtwizard_gtye4.gen_channel_container[1].gen_enabled_channel.gtye4_channel_wrapper_inst/channel_inst/txoutclk_out[0]    |             6.4 |
| txoutclkpcs_out[0]   | tengbaser_phy0/inst/i_tengbaser_phy_ultrascale_gt/inst/gen_gtwizard_gtye4_top.tengbaser_phy_ultrascale_gt_gtwizard_gtye4_inst/gen_gtwizard_gtye4.gen_channel_container[1].gen_enabled_channel.gtye4_channel_wrapper_inst/channel_inst/txoutclkpcs_out[0] |             6.2 |
| txoutclkpcs_out[0]_1 | tengbaser_phy1/inst/i_tengbaser_phy_ultrascale_gt/inst/gen_gtwizard_gtye4_top.tengbaser_phy_ultrascale_gt_gtwizard_gtye4_inst/gen_gtwizard_gtye4.gen_channel_container[1].gen_enabled_channel.gtye4_channel_wrapper_inst/channel_inst/txoutclkpcs_out[0] |             6.2 |
| txoutclkpcs_out[0]_2 | tengbaser_phy3/inst/i_tengbaser_phy_ultrascale_gt/inst/gen_gtwizard_gtye4_top.tengbaser_phy_ultrascale_gt_gtwizard_gtye4_inst/gen_gtwizard_gtye4.gen_channel_container[1].gen_enabled_channel.gtye4_channel_wrapper_inst/channel_inst/txoutclkpcs_out[0] |             6.2 |
| user_clk_mmcm        | zcu111_infr_inst/user_clk_mmcm                                                                                                                                                                                                                           |             3.9 |
+----------------------+----------------------------------------------------------------------------------------------------------------------------------------------------------------------------------------------------------------------------------------------------------+-----------------+


3. Detailed Reports
-------------------

3.1 By Hierarchy
----------------

+------------------------------------------------------------------------+-----------+
| Name                                                                   | Power (W) |
+------------------------------------------------------------------------+-----------+
| top                                                                    |     4.002 |
|   axi4lite_interconnect                                                |     0.218 |
|     axi4lite_gbe0_rxs_ss_bram_inst                                     |     0.032 |
|       ipb_gbe0_rxs_ss_bram_dp_ram_inst                                 |     0.031 |
|     axi4lite_gbe0_txs_ss_bram_inst                                     |     0.032 |
|       axi4lite_slave_logic_inst                                        |     0.001 |
|       ipb_gbe0_txs_ss_bram_dp_ram_inst                                 |     0.031 |
|     axi4lite_gbe1_rxs_ss_bram_inst                                     |     0.031 |
|       ipb_gbe1_rxs_ss_bram_dp_ram_inst                                 |     0.031 |
|     axi4lite_gbe1_txs_ss_bram_inst                                     |     0.031 |
|       ipb_gbe1_txs_ss_bram_dp_ram_inst                                 |     0.031 |
|     axi4lite_gbe2_rxs_ss_bram_inst                                     |     0.031 |
|       ipb_gbe2_rxs_ss_bram_dp_ram_inst                                 |     0.031 |
|     axi4lite_gbe2_txs_ss_bram_inst                                     |     0.031 |
|       ipb_gbe2_txs_ss_bram_dp_ram_inst                                 |     0.031 |
|     axi4lite_sw_reg_inst                                               |     0.007 |
|     axi4lite_tx_snapshot_ss_bram_inst                                  |     0.021 |
|       ipb_tx_snapshot_ss_bram_dp_ram_inst                              |     0.021 |
|   tengbaser_infra0_inst                                                |     0.006 |
|     i_xxv_ethernet_1_clocking_wrapper                                  |     0.006 |
|   tengbaser_phy0                                                       |     0.344 |
|     inst                                                               |     0.344 |
|       i_tengbaser_phy_ultrascale_gt                                    |     0.308 |
|       i_tengbaser_phy_ultrascale_rx_64bit_retiming_sync_serdes_data0_0 |     0.001 |
|       i_tengbaser_phy_ultrascale_top_0                                 |     0.032 |
|       i_tengbaser_phy_ultrascale_tx_64bit_retiming_sync_serdes_data0_0 |     0.002 |
|   tengbaser_phy1                                                       |     0.343 |
|     inst                                                               |     0.343 |
|       i_tengbaser_phy_ultrascale_gt                                    |     0.308 |
|       i_tengbaser_phy_ultrascale_top_0                                 |     0.031 |
|       i_tengbaser_phy_ultrascale_tx_64bit_retiming_sync_serdes_data0_0 |     0.002 |
|   tengbaser_phy3                                                       |     0.342 |
|     inst                                                               |     0.342 |
|       i_tengbaser_phy_ultrascale_gt                                    |     0.308 |
|       i_tengbaser_phy_ultrascale_top_0                                 |     0.030 |
|       i_tengbaser_phy_ultrascale_tx_64bit_retiming_sync_serdes_data0_0 |     0.002 |
|   zcu111_infr_inst                                                     |     0.091 |
|     i_clk                                                              |     0.002 |
|   zcu111_inst                                                          |     2.344 |
|     axi_interconnect_0                                                 |     0.020 |
|       m00_couplers                                                     |     0.003 |
|       m01_couplers                                                     |     0.009 |
|       xbar                                                             |     0.007 |
|     axi_protocol_convert_2                                             |     0.005 |
|       inst                                                             |     0.005 |
|     zynq_ultra_ps_e_0                                                  |     2.318 |
|       U0                                                               |     2.318 |
|   zcu111_tengbe_tx_rx_direct_gbe0                                      |     0.066 |
|     ten_gig_eth_mac_inst                                               |     0.021 |
|     tge_rx_inst                                                        |     0.014 |
|       rx_cpu_enabled.cpu_rx_buffer                                     |     0.003 |
|       rx_packet_ctrl_fifo_inst                                         |     0.002 |
|       use_bram.rx_packet_fifo_bram_inst                                |     0.006 |
|     tge_tx_inst                                                        |     0.028 |
|       arp_cache_inst                                                   |     0.004 |
|       large_packet_gen.tx_ctrl_fifo_ext                                |     0.002 |
|       large_packet_gen.tx_data_fifo_ext                                |     0.002 |
|       tx_cpu_enabled.cpu_tx_buffer                                     |     0.005 |
|       tx_packet_ctrl_fifo_inst                                         |     0.004 |
|       tx_packet_fifo_inst                                              |     0.005 |
|     wb_attach_inst                                                     |     0.001 |
|   zcu111_tengbe_tx_rx_direct_gbe1                                      |     0.062 |
|     ten_gig_eth_mac_inst                                               |     0.021 |
|     tge_rx_inst                                                        |     0.015 |
|       rx_cpu_enabled.cpu_rx_buffer                                     |     0.002 |
|       rx_packet_ctrl_fifo_inst                                         |     0.003 |
|       use_bram.rx_packet_fifo_bram_inst                                |     0.006 |
|     tge_tx_inst                                                        |     0.024 |
|       arp_cache_inst                                                   |     0.004 |
|       large_packet_gen.tx_ctrl_fifo_ext                                |     0.002 |
|       large_packet_gen.tx_data_fifo_ext                                |     0.002 |
|       tx_cpu_enabled.cpu_tx_buffer                                     |     0.005 |
|       tx_packet_ctrl_fifo_inst                                         |     0.003 |
|       tx_packet_fifo_inst                                              |     0.004 |
|     wb_attach_inst                                                     |     0.001 |
|   zcu111_tengbe_tx_rx_direct_gbe2                                      |     0.063 |
|     ten_gig_eth_mac_inst                                               |     0.020 |
|     tge_rx_inst                                                        |     0.014 |
|       rx_cpu_enabled.cpu_rx_buffer                                     |     0.002 |
|       rx_packet_ctrl_fifo_inst                                         |     0.003 |
|       use_bram.rx_packet_fifo_bram_inst                                |     0.006 |
|     tge_tx_inst                                                        |     0.026 |
|       arp_cache_inst                                                   |     0.004 |
|       large_packet_gen.tx_ctrl_fifo_ext                                |     0.002 |
|       large_packet_gen.tx_data_fifo_ext                                |     0.002 |
|       tx_cpu_enabled.cpu_tx_buffer                                     |     0.005 |
|       tx_packet_ctrl_fifo_inst                                         |     0.004 |
|       tx_packet_fifo_inst                                              |     0.006 |
|     wb_attach_inst                                                     |     0.001 |
|   zcu111_tengbe_tx_rx_direct_gbe2_wb2axi4lite                          |     0.002 |
|   zcu111_tengbe_tx_rx_direct_inst                                      |     0.107 |
|     zcu111_tengbe_tx_rx_direct_struct                                  |     0.107 |
|       gbe0                                                             |     0.036 |
|       gbe1                                                             |     0.025 |
|       gbe2                                                             |     0.035 |
|       pkt_sim                                                          |     0.004 |
|       tx_snapshot                                                      |     0.004 |
+------------------------------------------------------------------------+-----------+


