#-----------------------------------------------------------
# Vivado v2019.1.3 (64-bit)
# SW Build 2644227 on Wed Sep  4 09:44:18 MDT 2019
# IP Build 2633630 on Wed Sep  4 12:30:14 MDT 2019
# Start of session at: Wed Oct 28 20:41:14 2020
# Process ID: 5172
# Current directory: /home/wei/casper/ZCU111/tenbge_tx_rx/zcu111_tengbe_tx_rx_direct/myproj
# Command line: vivado
# Log file: /home/wei/casper/ZCU111/tenbge_tx_rx/zcu111_tengbe_tx_rx_direct/myproj/vivado.log
# Journal file: /home/wei/casper/ZCU111/tenbge_tx_rx/zcu111_tengbe_tx_rx_direct/myproj/vivado.jou
#-----------------------------------------------------------
start_gui
open_project /home/wei/casper/ZCU111/tenbge_tx_rx/zcu111_tengbe_tx_rx_direct/myproj/myproj.xpr
Scanning sources...
Finished scanning sources
INFO: [IP_Flow 19-234] Refreshing IP repositories
INFO: [IP_Flow 19-1704] No user IP repositories specified
INFO: [IP_Flow 19-2313] Loaded Vivado IP repository '/home/wei/Software/Vivado_2019_1/install/Vivado/2019.1/data/ip'.
open_project: Time (s): cpu = 00:00:24 ; elapsed = 00:00:14 . Memory (MB): peak = 6695.785 ; gain = 314.008 ; free physical = 5610 ; free virtual = 25947
launch_sdk -workspace /home/wei/casper/ZCU111/tenbge_tx_rx/zcu111_tengbe_tx_rx_direct/myproj/myproj.sdk -hwspec /home/wei/casper/ZCU111/tenbge_tx_rx/zcu111_tengbe_tx_rx_direct/myproj/myproj.sdk/top.hdf
INFO: [Vivado 12-393] Launching SDK...
INFO: [Vivado 12-417] Running xsdk -workspace /home/wei/casper/ZCU111/tenbge_tx_rx/zcu111_tengbe_tx_rx_direct/myproj/myproj.sdk -hwspec /home/wei/casper/ZCU111/tenbge_tx_rx/zcu111_tengbe_tx_rx_direct/myproj/myproj.sdk/top.hdf
INFO: [Vivado 12-3157] SDK launch initiated. Please check console for any further messages.
update_compile_order -fileset sources_1
pwd
/home/wei/casper/ZCU111/tenbge_tx_rx/zcu111_tengbe_tx_rx_direct/myproj
cd /home/wei/casper/ZCU111/tenbge_tx_rx/zcu111_tengbe_tx_rx_direct/myproj/myproj.sdk/top_hw_platform_0
ls
WARNING: [Common 17-259] Unknown Tcl command 'ls' sending command to the OS shell for execution. It is recommended to use 'exec' to send the command to the OS shell.
psu_init.c
psu_init_gpl.c
psu_init_gpl.h
psu_init.h
psu_init.html
psu_init.tcl
system.hdf
top.bit
psu_init.tcl
invalid command name "psu_init.tcl"
exec psu_init.tcl
couldn't execute "psu_init.tcl": no such file or directory
exec ./psu_init.tcl
couldn't execute "./psu_init.tcl": permission denied
launch_sdk -workspace /home/wei/casper/ZCU111/tenbge_tx_rx/zcu111_tengbe_tx_rx_direct/myproj/myproj.sdk -hwspec /home/wei/casper/ZCU111/tenbge_tx_rx/zcu111_tengbe_tx_rx_direct/myproj/myproj.sdk/top.hdf
INFO: [Vivado 12-393] Launching SDK...
INFO: [Vivado 12-417] Running xsdk -workspace /home/wei/casper/ZCU111/tenbge_tx_rx/zcu111_tengbe_tx_rx_direct/myproj/myproj.sdk -hwspec /home/wei/casper/ZCU111/tenbge_tx_rx/zcu111_tengbe_tx_rx_direct/myproj/myproj.sdk/top.hdf
INFO: [Vivado 12-3157] SDK launch initiated. Please check console for any further messages.
hw_server -e "set processor-debug-claim 2"
WARNING: [Common 17-259] Unknown Tcl command 'hw_server -e set processor-debug-claim 2' sending command to the OS shell for execution. It is recommended to use 'exec' to send the command to the OS shell.
