
*** Running vivado
    with args -log rfdc_one_adc_4096gsps_c_counter_binary_v12_0_i1.vds -m64 -product Vivado -mode batch -messageDb vivado.pb -notrace -source rfdc_one_adc_4096gsps_c_counter_binary_v12_0_i1.tcl


****** Vivado v2019.1.3 (64-bit)
  **** SW Build 2644227 on Wed Sep  4 09:44:18 MDT 2019
  **** IP Build 2633630 on Wed Sep  4 12:30:14 MDT 2019
    ** Copyright 1986-2019 Xilinx, Inc. All Rights Reserved.

WARNING: [Runs 36-547] Tool Strategy 'Vivado Implementation Defaults' from file '/home/wei/Software/Vivado_2019_1/install/Vivado/2019.1/strategies/VDI2018.psg' discarded because strategy with same name already parsed from '/home/wei/Software/Vivado_2019_1/install/Vivado/2019.1/strategies/VDI2018.psg'
WARNING: [Runs 36-547] Tool Strategy 'Performance_Explore' from file '/home/wei/Software/Vivado_2019_1/install/Vivado/2019.1/strategies/VDI2018.psg' discarded because strategy with same name already parsed from '/home/wei/Software/Vivado_2019_1/install/Vivado/2019.1/strategies/VDI2018.psg'
WARNING: [Runs 36-547] Tool Strategy 'Performance_ExplorePostRoutePhysOpt' from file '/home/wei/Software/Vivado_2019_1/install/Vivado/2019.1/strategies/VDI2018.psg' discarded because strategy with same name already parsed from '/home/wei/Software/Vivado_2019_1/install/Vivado/2019.1/strategies/VDI2018.psg'
WARNING: [Runs 36-547] Tool Strategy 'Performance_ExploreWithRemap' from file '/home/wei/Software/Vivado_2019_1/install/Vivado/2019.1/strategies/VDI2018.psg' discarded because strategy with same name already parsed from '/home/wei/Software/Vivado_2019_1/install/Vivado/2019.1/strategies/VDI2018.psg'
WARNING: [Runs 36-547] Tool Strategy 'Performance_WLBlockPlacement' from file '/home/wei/Software/Vivado_2019_1/install/Vivado/2019.1/strategies/VDI2018.psg' discarded because strategy with same name already parsed from '/home/wei/Software/Vivado_2019_1/install/Vivado/2019.1/strategies/VDI2018.psg'
WARNING: [Runs 36-547] Tool Strategy 'Performance_WLBlockPlacementFanoutOpt' from file '/home/wei/Software/Vivado_2019_1/install/Vivado/2019.1/strategies/VDI2018.psg' discarded because strategy with same name already parsed from '/home/wei/Software/Vivado_2019_1/install/Vivado/2019.1/strategies/VDI2018.psg'
WARNING: [Runs 36-547] Tool Strategy 'Performance_EarlyBlockPlacement' from file '/home/wei/Software/Vivado_2019_1/install/Vivado/2019.1/strategies/VDI2018.psg' discarded because strategy with same name already parsed from '/home/wei/Software/Vivado_2019_1/install/Vivado/2019.1/strategies/VDI2018.psg'
WARNING: [Runs 36-547] Tool Strategy 'Performance_NetDelay_high' from file '/home/wei/Software/Vivado_2019_1/install/Vivado/2019.1/strategies/VDI2018.psg' discarded because strategy with same name already parsed from '/home/wei/Software/Vivado_2019_1/install/Vivado/2019.1/strategies/VDI2018.psg'
WARNING: [Runs 36-547] Tool Strategy 'Performance_NetDelay_low' from file '/home/wei/Software/Vivado_2019_1/install/Vivado/2019.1/strategies/VDI2018.psg' discarded because strategy with same name already parsed from '/home/wei/Software/Vivado_2019_1/install/Vivado/2019.1/strategies/VDI2018.psg'
WARNING: [Runs 36-547] Tool Strategy 'Performance_Retiming' from file '/home/wei/Software/Vivado_2019_1/install/Vivado/2019.1/strategies/VDI2018.psg' discarded because strategy with same name already parsed from '/home/wei/Software/Vivado_2019_1/install/Vivado/2019.1/strategies/VDI2018.psg'
WARNING: [Runs 36-547] Tool Strategy 'Performance_ExtraTimingOpt' from file '/home/wei/Software/Vivado_2019_1/install/Vivado/2019.1/strategies/VDI2018.psg' discarded because strategy with same name already parsed from '/home/wei/Software/Vivado_2019_1/install/Vivado/2019.1/strategies/VDI2018.psg'
WARNING: [Runs 36-547] Tool Strategy 'Performance_RefinePlacement' from file '/home/wei/Software/Vivado_2019_1/install/Vivado/2019.1/strategies/VDI2018.psg' discarded because strategy with same name already parsed from '/home/wei/Software/Vivado_2019_1/install/Vivado/2019.1/strategies/VDI2018.psg'
WARNING: [Runs 36-547] Tool Strategy 'Performance_SpreadSLLs' from file '/home/wei/Software/Vivado_2019_1/install/Vivado/2019.1/strategies/VDI2018.psg' discarded because strategy with same name already parsed from '/home/wei/Software/Vivado_2019_1/install/Vivado/2019.1/strategies/VDI2018.psg'
WARNING: [Runs 36-547] Tool Strategy 'Performance_BalanceSLLs' from file '/home/wei/Software/Vivado_2019_1/install/Vivado/2019.1/strategies/VDI2018.psg' discarded because strategy with same name already parsed from '/home/wei/Software/Vivado_2019_1/install/Vivado/2019.1/strategies/VDI2018.psg'
WARNING: [Runs 36-547] Tool Strategy 'Performance_BalanceSLRs' from file '/home/wei/Software/Vivado_2019_1/install/Vivado/2019.1/strategies/VDI2018.psg' discarded because strategy with same name already parsed from '/home/wei/Software/Vivado_2019_1/install/Vivado/2019.1/strategies/VDI2018.psg'
WARNING: [Runs 36-547] Tool Strategy 'Performance_HighUtilSLRs' from file '/home/wei/Software/Vivado_2019_1/install/Vivado/2019.1/strategies/VDI2018.psg' discarded because strategy with same name already parsed from '/home/wei/Software/Vivado_2019_1/install/Vivado/2019.1/strategies/VDI2018.psg'
WARNING: [Runs 36-547] Tool Strategy 'Congestion_SpreadLogic_high' from file '/home/wei/Software/Vivado_2019_1/install/Vivado/2019.1/strategies/VDI2018.psg' discarded because strategy with same name already parsed from '/home/wei/Software/Vivado_2019_1/install/Vivado/2019.1/strategies/VDI2018.psg'
WARNING: [Runs 36-547] Tool Strategy 'Congestion_SpreadLogic_medium' from file '/home/wei/Software/Vivado_2019_1/install/Vivado/2019.1/strategies/VDI2018.psg' discarded because strategy with same name already parsed from '/home/wei/Software/Vivado_2019_1/install/Vivado/2019.1/strategies/VDI2018.psg'
WARNING: [Runs 36-547] Tool Strategy 'Congestion_SpreadLogic_low' from file '/home/wei/Software/Vivado_2019_1/install/Vivado/2019.1/strategies/VDI2018.psg' discarded because strategy with same name already parsed from '/home/wei/Software/Vivado_2019_1/install/Vivado/2019.1/strategies/VDI2018.psg'
WARNING: [Runs 36-547] Tool Strategy 'Congestion_SSI_SpreadLogic_high' from file '/home/wei/Software/Vivado_2019_1/install/Vivado/2019.1/strategies/VDI2018.psg' discarded because strategy with same name already parsed from '/home/wei/Software/Vivado_2019_1/install/Vivado/2019.1/strategies/VDI2018.psg'
WARNING: [Runs 36-547] Tool Strategy 'Congestion_SSI_SpreadLogic_low' from file '/home/wei/Software/Vivado_2019_1/install/Vivado/2019.1/strategies/VDI2018.psg' discarded because strategy with same name already parsed from '/home/wei/Software/Vivado_2019_1/install/Vivado/2019.1/strategies/VDI2018.psg'
WARNING: [Runs 36-547] Tool Strategy 'Area_Explore' from file '/home/wei/Software/Vivado_2019_1/install/Vivado/2019.1/strategies/VDI2018.psg' discarded because strategy with same name already parsed from '/home/wei/Software/Vivado_2019_1/install/Vivado/2019.1/strategies/VDI2018.psg'
WARNING: [Runs 36-547] Tool Strategy 'Area_ExploreSequential' from file '/home/wei/Software/Vivado_2019_1/install/Vivado/2019.1/strategies/VDI2018.psg' discarded because strategy with same name already parsed from '/home/wei/Software/Vivado_2019_1/install/Vivado/2019.1/strategies/VDI2018.psg'
WARNING: [Runs 36-547] Tool Strategy 'Area_ExploreWithRemap' from file '/home/wei/Software/Vivado_2019_1/install/Vivado/2019.1/strategies/VDI2018.psg' discarded because strategy with same name already parsed from '/home/wei/Software/Vivado_2019_1/install/Vivado/2019.1/strategies/VDI2018.psg'
WARNING: [Runs 36-547] Tool Strategy 'Power_DefaultOpt' from file '/home/wei/Software/Vivado_2019_1/install/Vivado/2019.1/strategies/VDI2018.psg' discarded because strategy with same name already parsed from '/home/wei/Software/Vivado_2019_1/install/Vivado/2019.1/strategies/VDI2018.psg'
WARNING: [Runs 36-547] Tool Strategy 'Power_ExploreArea' from file '/home/wei/Software/Vivado_2019_1/install/Vivado/2019.1/strategies/VDI2018.psg' discarded because strategy with same name already parsed from '/home/wei/Software/Vivado_2019_1/install/Vivado/2019.1/strategies/VDI2018.psg'
WARNING: [Runs 36-547] Tool Strategy 'Flow_RunPhysOpt' from file '/home/wei/Software/Vivado_2019_1/install/Vivado/2019.1/strategies/VDI2018.psg' discarded because strategy with same name already parsed from '/home/wei/Software/Vivado_2019_1/install/Vivado/2019.1/strategies/VDI2018.psg'
WARNING: [Runs 36-547] Tool Strategy 'Flow_RunPostRoutePhysOpt' from file '/home/wei/Software/Vivado_2019_1/install/Vivado/2019.1/strategies/VDI2018.psg' discarded because strategy with same name already parsed from '/home/wei/Software/Vivado_2019_1/install/Vivado/2019.1/strategies/VDI2018.psg'
WARNING: [Runs 36-547] Tool Strategy 'Flow_RuntimeOptimized' from file '/home/wei/Software/Vivado_2019_1/install/Vivado/2019.1/strategies/VDI2018.psg' discarded because strategy with same name already parsed from '/home/wei/Software/Vivado_2019_1/install/Vivado/2019.1/strategies/VDI2018.psg'
WARNING: [Runs 36-547] Tool Strategy 'Flow_Quick' from file '/home/wei/Software/Vivado_2019_1/install/Vivado/2019.1/strategies/VDI2018.psg' discarded because strategy with same name already parsed from '/home/wei/Software/Vivado_2019_1/install/Vivado/2019.1/strategies/VDI2018.psg'
WARNING: [Runs 36-547] Tool Strategy 'Vivado Synthesis Defaults' from file '/home/wei/Software/Vivado_2019_1/install/Vivado/2019.1/strategies/VDS2016.psg' discarded because strategy with same name already parsed from '/home/wei/Software/Vivado_2019_1/install/Vivado/2019.1/strategies/VDS2016.psg'
WARNING: [Runs 36-547] Tool Strategy 'Flow_AreaOptimized_high' from file '/home/wei/Software/Vivado_2019_1/install/Vivado/2019.1/strategies/VDS2016.psg' discarded because strategy with same name already parsed from '/home/wei/Software/Vivado_2019_1/install/Vivado/2019.1/strategies/VDS2016.psg'
WARNING: [Runs 36-547] Tool Strategy 'Flow_AreaOptimized_medium' from file '/home/wei/Software/Vivado_2019_1/install/Vivado/2019.1/strategies/VDS2016.psg' discarded because strategy with same name already parsed from '/home/wei/Software/Vivado_2019_1/install/Vivado/2019.1/strategies/VDS2016.psg'
WARNING: [Runs 36-547] Tool Strategy 'Flow_AreaMultThresholdDSP' from file '/home/wei/Software/Vivado_2019_1/install/Vivado/2019.1/strategies/VDS2016.psg' discarded because strategy with same name already parsed from '/home/wei/Software/Vivado_2019_1/install/Vivado/2019.1/strategies/VDS2016.psg'
WARNING: [Runs 36-547] Tool Strategy 'Flow_AlternateRoutability' from file '/home/wei/Software/Vivado_2019_1/install/Vivado/2019.1/strategies/VDS2016.psg' discarded because strategy with same name already parsed from '/home/wei/Software/Vivado_2019_1/install/Vivado/2019.1/strategies/VDS2016.psg'
WARNING: [Runs 36-547] Tool Strategy 'Flow_PerfOptimized_high' from file '/home/wei/Software/Vivado_2019_1/install/Vivado/2019.1/strategies/VDS2016.psg' discarded because strategy with same name already parsed from '/home/wei/Software/Vivado_2019_1/install/Vivado/2019.1/strategies/VDS2016.psg'
WARNING: [Runs 36-547] Tool Strategy 'Flow_PerfThresholdCarry' from file '/home/wei/Software/Vivado_2019_1/install/Vivado/2019.1/strategies/VDS2016.psg' discarded because strategy with same name already parsed from '/home/wei/Software/Vivado_2019_1/install/Vivado/2019.1/strategies/VDS2016.psg'
WARNING: [Runs 36-547] Tool Strategy 'Flow_RuntimeOptimized' from file '/home/wei/Software/Vivado_2019_1/install/Vivado/2019.1/strategies/VDS2016.psg' discarded because strategy with same name already parsed from '/home/wei/Software/Vivado_2019_1/install/Vivado/2019.1/strategies/VDS2016.psg'
WARNING: [Runs 36-547] Tool Strategy 'Vivado Implementation Defaults' from file '/home/wei/Software/Vivado_2019_1/install/Vivado/2019.1/strategies/VDI2019.psg' discarded because strategy with same name already parsed from '/home/wei/Software/Vivado_2019_1/install/Vivado/2019.1/strategies/VDI2019.psg'
WARNING: [Runs 36-547] Tool Strategy 'Performance_Explore' from file '/home/wei/Software/Vivado_2019_1/install/Vivado/2019.1/strategies/VDI2019.psg' discarded because strategy with same name already parsed from '/home/wei/Software/Vivado_2019_1/install/Vivado/2019.1/strategies/VDI2019.psg'
WARNING: [Runs 36-547] Tool Strategy 'Performance_ExplorePostRoutePhysOpt' from file '/home/wei/Software/Vivado_2019_1/install/Vivado/2019.1/strategies/VDI2019.psg' discarded because strategy with same name already parsed from '/home/wei/Software/Vivado_2019_1/install/Vivado/2019.1/strategies/VDI2019.psg'
WARNING: [Runs 36-547] Tool Strategy 'Performance_ExploreWithRemap' from file '/home/wei/Software/Vivado_2019_1/install/Vivado/2019.1/strategies/VDI2019.psg' discarded because strategy with same name already parsed from '/home/wei/Software/Vivado_2019_1/install/Vivado/2019.1/strategies/VDI2019.psg'
WARNING: [Runs 36-547] Tool Strategy 'Performance_WLBlockPlacement' from file '/home/wei/Software/Vivado_2019_1/install/Vivado/2019.1/strategies/VDI2019.psg' discarded because strategy with same name already parsed from '/home/wei/Software/Vivado_2019_1/install/Vivado/2019.1/strategies/VDI2019.psg'
WARNING: [Runs 36-547] Tool Strategy 'Performance_WLBlockPlacementFanoutOpt' from file '/home/wei/Software/Vivado_2019_1/install/Vivado/2019.1/strategies/VDI2019.psg' discarded because strategy with same name already parsed from '/home/wei/Software/Vivado_2019_1/install/Vivado/2019.1/strategies/VDI2019.psg'
WARNING: [Runs 36-547] Tool Strategy 'Performance_EarlyBlockPlacement' from file '/home/wei/Software/Vivado_2019_1/install/Vivado/2019.1/strategies/VDI2019.psg' discarded because strategy with same name already parsed from '/home/wei/Software/Vivado_2019_1/install/Vivado/2019.1/strategies/VDI2019.psg'
WARNING: [Runs 36-547] Tool Strategy 'Performance_NetDelay_high' from file '/home/wei/Software/Vivado_2019_1/install/Vivado/2019.1/strategies/VDI2019.psg' discarded because strategy with same name already parsed from '/home/wei/Software/Vivado_2019_1/install/Vivado/2019.1/strategies/VDI2019.psg'
WARNING: [Runs 36-547] Tool Strategy 'Performance_NetDelay_low' from file '/home/wei/Software/Vivado_2019_1/install/Vivado/2019.1/strategies/VDI2019.psg' discarded because strategy with same name already parsed from '/home/wei/Software/Vivado_2019_1/install/Vivado/2019.1/strategies/VDI2019.psg'
WARNING: [Runs 36-547] Tool Strategy 'Performance_Retiming' from file '/home/wei/Software/Vivado_2019_1/install/Vivado/2019.1/strategies/VDI2019.psg' discarded because strategy with same name already parsed from '/home/wei/Software/Vivado_2019_1/install/Vivado/2019.1/strategies/VDI2019.psg'
WARNING: [Runs 36-547] Tool Strategy 'Performance_ExtraTimingOpt' from file '/home/wei/Software/Vivado_2019_1/install/Vivado/2019.1/strategies/VDI2019.psg' discarded because strategy with same name already parsed from '/home/wei/Software/Vivado_2019_1/install/Vivado/2019.1/strategies/VDI2019.psg'
WARNING: [Runs 36-547] Tool Strategy 'Performance_RefinePlacement' from file '/home/wei/Software/Vivado_2019_1/install/Vivado/2019.1/strategies/VDI2019.psg' discarded because strategy with same name already parsed from '/home/wei/Software/Vivado_2019_1/install/Vivado/2019.1/strategies/VDI2019.psg'
WARNING: [Runs 36-547] Tool Strategy 'Performance_SpreadSLLs' from file '/home/wei/Software/Vivado_2019_1/install/Vivado/2019.1/strategies/VDI2019.psg' discarded because strategy with same name already parsed from '/home/wei/Software/Vivado_2019_1/install/Vivado/2019.1/strategies/VDI2019.psg'
WARNING: [Runs 36-547] Tool Strategy 'Performance_BalanceSLLs' from file '/home/wei/Software/Vivado_2019_1/install/Vivado/2019.1/strategies/VDI2019.psg' discarded because strategy with same name already parsed from '/home/wei/Software/Vivado_2019_1/install/Vivado/2019.1/strategies/VDI2019.psg'
WARNING: [Runs 36-547] Tool Strategy 'Performance_BalanceSLRs' from file '/home/wei/Software/Vivado_2019_1/install/Vivado/2019.1/strategies/VDI2019.psg' discarded because strategy with same name already parsed from '/home/wei/Software/Vivado_2019_1/install/Vivado/2019.1/strategies/VDI2019.psg'
WARNING: [Runs 36-547] Tool Strategy 'Performance_HighUtilSLRs' from file '/home/wei/Software/Vivado_2019_1/install/Vivado/2019.1/strategies/VDI2019.psg' discarded because strategy with same name already parsed from '/home/wei/Software/Vivado_2019_1/install/Vivado/2019.1/strategies/VDI2019.psg'
WARNING: [Runs 36-547] Tool Strategy 'Congestion_SpreadLogic_high' from file '/home/wei/Software/Vivado_2019_1/install/Vivado/2019.1/strategies/VDI2019.psg' discarded because strategy with same name already parsed from '/home/wei/Software/Vivado_2019_1/install/Vivado/2019.1/strategies/VDI2019.psg'
WARNING: [Runs 36-547] Tool Strategy 'Congestion_SpreadLogic_medium' from file '/home/wei/Software/Vivado_2019_1/install/Vivado/2019.1/strategies/VDI2019.psg' discarded because strategy with same name already parsed from '/home/wei/Software/Vivado_2019_1/install/Vivado/2019.1/strategies/VDI2019.psg'
WARNING: [Runs 36-547] Tool Strategy 'Congestion_SpreadLogic_low' from file '/home/wei/Software/Vivado_2019_1/install/Vivado/2019.1/strategies/VDI2019.psg' discarded because strategy with same name already parsed from '/home/wei/Software/Vivado_2019_1/install/Vivado/2019.1/strategies/VDI2019.psg'
WARNING: [Runs 36-547] Tool Strategy 'Congestion_SSI_SpreadLogic_high' from file '/home/wei/Software/Vivado_2019_1/install/Vivado/2019.1/strategies/VDI2019.psg' discarded because strategy with same name already parsed from '/home/wei/Software/Vivado_2019_1/install/Vivado/2019.1/strategies/VDI2019.psg'
WARNING: [Runs 36-547] Tool Strategy 'Congestion_SSI_SpreadLogic_low' from file '/home/wei/Software/Vivado_2019_1/install/Vivado/2019.1/strategies/VDI2019.psg' discarded because strategy with same name already parsed from '/home/wei/Software/Vivado_2019_1/install/Vivado/2019.1/strategies/VDI2019.psg'
WARNING: [Runs 36-547] Tool Strategy 'Area_Explore' from file '/home/wei/Software/Vivado_2019_1/install/Vivado/2019.1/strategies/VDI2019.psg' discarded because strategy with same name already parsed from '/home/wei/Software/Vivado_2019_1/install/Vivado/2019.1/strategies/VDI2019.psg'
WARNING: [Runs 36-547] Tool Strategy 'Area_ExploreSequential' from file '/home/wei/Software/Vivado_2019_1/install/Vivado/2019.1/strategies/VDI2019.psg' discarded because strategy with same name already parsed from '/home/wei/Software/Vivado_2019_1/install/Vivado/2019.1/strategies/VDI2019.psg'
WARNING: [Runs 36-547] Tool Strategy 'Area_ExploreWithRemap' from file '/home/wei/Software/Vivado_2019_1/install/Vivado/2019.1/strategies/VDI2019.psg' discarded because strategy with same name already parsed from '/home/wei/Software/Vivado_2019_1/install/Vivado/2019.1/strategies/VDI2019.psg'
WARNING: [Runs 36-547] Tool Strategy 'Power_DefaultOpt' from file '/home/wei/Software/Vivado_2019_1/install/Vivado/2019.1/strategies/VDI2019.psg' discarded because strategy with same name already parsed from '/home/wei/Software/Vivado_2019_1/install/Vivado/2019.1/strategies/VDI2019.psg'
WARNING: [Runs 36-547] Tool Strategy 'Power_ExploreArea' from file '/home/wei/Software/Vivado_2019_1/install/Vivado/2019.1/strategies/VDI2019.psg' discarded because strategy with same name already parsed from '/home/wei/Software/Vivado_2019_1/install/Vivado/2019.1/strategies/VDI2019.psg'
WARNING: [Runs 36-547] Tool Strategy 'Flow_RunPhysOpt' from file '/home/wei/Software/Vivado_2019_1/install/Vivado/2019.1/strategies/VDI2019.psg' discarded because strategy with same name already parsed from '/home/wei/Software/Vivado_2019_1/install/Vivado/2019.1/strategies/VDI2019.psg'
WARNING: [Runs 36-547] Tool Strategy 'Flow_RunPostRoutePhysOpt' from file '/home/wei/Software/Vivado_2019_1/install/Vivado/2019.1/strategies/VDI2019.psg' discarded because strategy with same name already parsed from '/home/wei/Software/Vivado_2019_1/install/Vivado/2019.1/strategies/VDI2019.psg'
WARNING: [Runs 36-547] Tool Strategy 'Flow_RuntimeOptimized' from file '/home/wei/Software/Vivado_2019_1/install/Vivado/2019.1/strategies/VDI2019.psg' discarded because strategy with same name already parsed from '/home/wei/Software/Vivado_2019_1/install/Vivado/2019.1/strategies/VDI2019.psg'
WARNING: [Runs 36-547] Tool Strategy 'Flow_Quick' from file '/home/wei/Software/Vivado_2019_1/install/Vivado/2019.1/strategies/VDI2019.psg' discarded because strategy with same name already parsed from '/home/wei/Software/Vivado_2019_1/install/Vivado/2019.1/strategies/VDI2019.psg'
WARNING: [Runs 36-547] Tool Strategy 'Vivado Implementation Defaults' from file '/home/wei/Software/Vivado_2019_1/install/Vivado/2019.1/strategies/VDI2014.psg' discarded because strategy with same name already parsed from '/home/wei/Software/Vivado_2019_1/install/Vivado/2019.1/strategies/VDI2014.psg'
WARNING: [Runs 36-547] Tool Strategy 'Performance_Explore' from file '/home/wei/Software/Vivado_2019_1/install/Vivado/2019.1/strategies/VDI2014.psg' discarded because strategy with same name already parsed from '/home/wei/Software/Vivado_2019_1/install/Vivado/2019.1/strategies/VDI2014.psg'
WARNING: [Runs 36-547] Tool Strategy 'Performance_ExplorePostRoutePhysOpt' from file '/home/wei/Software/Vivado_2019_1/install/Vivado/2019.1/strategies/VDI2014.psg' discarded because strategy with same name already parsed from '/home/wei/Software/Vivado_2019_1/install/Vivado/2019.1/strategies/VDI2014.psg'
WARNING: [Runs 36-547] Tool Strategy 'Performance_RefinePlacement' from file '/home/wei/Software/Vivado_2019_1/install/Vivado/2019.1/strategies/VDI2014.psg' discarded because strategy with same name already parsed from '/home/wei/Software/Vivado_2019_1/install/Vivado/2019.1/strategies/VDI2014.psg'
WARNING: [Runs 36-547] Tool Strategy 'Performance_WLBlockPlacement' from file '/home/wei/Software/Vivado_2019_1/install/Vivado/2019.1/strategies/VDI2014.psg' discarded because strategy with same name already parsed from '/home/wei/Software/Vivado_2019_1/install/Vivado/2019.1/strategies/VDI2014.psg'
WARNING: [Runs 36-547] Tool Strategy 'Performance_WLBlockPlacementFanoutOpt' from file '/home/wei/Software/Vivado_2019_1/install/Vivado/2019.1/strategies/VDI2014.psg' discarded because strategy with same name already parsed from '/home/wei/Software/Vivado_2019_1/install/Vivado/2019.1/strategies/VDI2014.psg'
WARNING: [Runs 36-547] Tool Strategy 'Performance_LateBlockPlacement' from file '/home/wei/Software/Vivado_2019_1/install/Vivado/2019.1/strategies/VDI2014.psg' discarded because strategy with same name already parsed from '/home/wei/Software/Vivado_2019_1/install/Vivado/2019.1/strategies/VDI2014.psg'
WARNING: [Runs 36-547] Tool Strategy 'Performance_NetDelay_high' from file '/home/wei/Software/Vivado_2019_1/install/Vivado/2019.1/strategies/VDI2014.psg' discarded because strategy with same name already parsed from '/home/wei/Software/Vivado_2019_1/install/Vivado/2019.1/strategies/VDI2014.psg'
WARNING: [Runs 36-547] Tool Strategy 'Performance_NetDelay_medium' from file '/home/wei/Software/Vivado_2019_1/install/Vivado/2019.1/strategies/VDI2014.psg' discarded because strategy with same name already parsed from '/home/wei/Software/Vivado_2019_1/install/Vivado/2019.1/strategies/VDI2014.psg'
WARNING: [Runs 36-547] Tool Strategy 'Performance_NetDelay_low' from file '/home/wei/Software/Vivado_2019_1/install/Vivado/2019.1/strategies/VDI2014.psg' discarded because strategy with same name already parsed from '/home/wei/Software/Vivado_2019_1/install/Vivado/2019.1/strategies/VDI2014.psg'
WARNING: [Runs 36-547] Tool Strategy 'Performance_ExploreSLLs' from file '/home/wei/Software/Vivado_2019_1/install/Vivado/2019.1/strategies/VDI2014.psg' discarded because strategy with same name already parsed from '/home/wei/Software/Vivado_2019_1/install/Vivado/2019.1/strategies/VDI2014.psg'
WARNING: [Runs 36-547] Tool Strategy 'Performance_Retiming' from file '/home/wei/Software/Vivado_2019_1/install/Vivado/2019.1/strategies/VDI2014.psg' discarded because strategy with same name already parsed from '/home/wei/Software/Vivado_2019_1/install/Vivado/2019.1/strategies/VDI2014.psg'
WARNING: [Runs 36-547] Tool Strategy 'Area_Explore' from file '/home/wei/Software/Vivado_2019_1/install/Vivado/2019.1/strategies/VDI2014.psg' discarded because strategy with same name already parsed from '/home/wei/Software/Vivado_2019_1/install/Vivado/2019.1/strategies/VDI2014.psg'
WARNING: [Runs 36-547] Tool Strategy 'Power_DefaultOpt' from file '/home/wei/Software/Vivado_2019_1/install/Vivado/2019.1/strategies/VDI2014.psg' discarded because strategy with same name already parsed from '/home/wei/Software/Vivado_2019_1/install/Vivado/2019.1/strategies/VDI2014.psg'
WARNING: [Runs 36-547] Tool Strategy 'Flow_RunPhysOpt' from file '/home/wei/Software/Vivado_2019_1/install/Vivado/2019.1/strategies/VDI2014.psg' discarded because strategy with same name already parsed from '/home/wei/Software/Vivado_2019_1/install/Vivado/2019.1/strategies/VDI2014.psg'
WARNING: [Runs 36-547] Tool Strategy 'Flow_RunPostRoutePhysOpt' from file '/home/wei/Software/Vivado_2019_1/install/Vivado/2019.1/strategies/VDI2014.psg' discarded because strategy with same name already parsed from '/home/wei/Software/Vivado_2019_1/install/Vivado/2019.1/strategies/VDI2014.psg'
WARNING: [Runs 36-547] Tool Strategy 'Flow_RuntimeOptimized' from file '/home/wei/Software/Vivado_2019_1/install/Vivado/2019.1/strategies/VDI2014.psg' discarded because strategy with same name already parsed from '/home/wei/Software/Vivado_2019_1/install/Vivado/2019.1/strategies/VDI2014.psg'
WARNING: [Runs 36-547] Tool Strategy 'Flow_Quick' from file '/home/wei/Software/Vivado_2019_1/install/Vivado/2019.1/strategies/VDI2014.psg' discarded because strategy with same name already parsed from '/home/wei/Software/Vivado_2019_1/install/Vivado/2019.1/strategies/VDI2014.psg'
WARNING: [Runs 36-547] Tool Strategy 'Congestion_SpreadLogic_high' from file '/home/wei/Software/Vivado_2019_1/install/Vivado/2019.1/strategies/VDI2014.psg' discarded because strategy with same name already parsed from '/home/wei/Software/Vivado_2019_1/install/Vivado/2019.1/strategies/VDI2014.psg'
WARNING: [Runs 36-547] Tool Strategy 'Congestion_SpreadLogic_medium' from file '/home/wei/Software/Vivado_2019_1/install/Vivado/2019.1/strategies/VDI2014.psg' discarded because strategy with same name already parsed from '/home/wei/Software/Vivado_2019_1/install/Vivado/2019.1/strategies/VDI2014.psg'
WARNING: [Runs 36-547] Tool Strategy 'Congestion_SpreadLogic_low' from file '/home/wei/Software/Vivado_2019_1/install/Vivado/2019.1/strategies/VDI2014.psg' discarded because strategy with same name already parsed from '/home/wei/Software/Vivado_2019_1/install/Vivado/2019.1/strategies/VDI2014.psg'
WARNING: [Runs 36-547] Tool Strategy 'Congestion_SpreadLogicSLLs' from file '/home/wei/Software/Vivado_2019_1/install/Vivado/2019.1/strategies/VDI2014.psg' discarded because strategy with same name already parsed from '/home/wei/Software/Vivado_2019_1/install/Vivado/2019.1/strategies/VDI2014.psg'
WARNING: [Runs 36-547] Tool Strategy 'Congestion_BalanceSLLs' from file '/home/wei/Software/Vivado_2019_1/install/Vivado/2019.1/strategies/VDI2014.psg' discarded because strategy with same name already parsed from '/home/wei/Software/Vivado_2019_1/install/Vivado/2019.1/strategies/VDI2014.psg'
WARNING: [Runs 36-547] Tool Strategy 'Congestion_BalanceSLRs' from file '/home/wei/Software/Vivado_2019_1/install/Vivado/2019.1/strategies/VDI2014.psg' discarded because strategy with same name already parsed from '/home/wei/Software/Vivado_2019_1/install/Vivado/2019.1/strategies/VDI2014.psg'
WARNING: [Runs 36-547] Tool Strategy 'Congestion_CompressSLRs' from file '/home/wei/Software/Vivado_2019_1/install/Vivado/2019.1/strategies/VDI2014.psg' discarded because strategy with same name already parsed from '/home/wei/Software/Vivado_2019_1/install/Vivado/2019.1/strategies/VDI2014.psg'
WARNING: [Runs 36-547] Tool Strategy 'Vivado Synthesis Defaults' from file '/home/wei/Software/Vivado_2019_1/install/Vivado/2019.1/strategies/VDS2012.psg' discarded because strategy with same name already parsed from '/home/wei/Software/Vivado_2019_1/install/Vivado/2019.1/strategies/VDS2012.psg'
WARNING: [Runs 36-547] Tool Strategy 'Vivado Synthesis Defaults' from file '/home/wei/Software/Vivado_2019_1/install/Vivado/2019.1/strategies/VDS2013.psg' discarded because strategy with same name already parsed from '/home/wei/Software/Vivado_2019_1/install/Vivado/2019.1/strategies/VDS2013.psg'
WARNING: [Runs 36-547] Tool Strategy 'Flow_RuntimeOptimized' from file '/home/wei/Software/Vivado_2019_1/install/Vivado/2019.1/strategies/VDS2013.psg' discarded because strategy with same name already parsed from '/home/wei/Software/Vivado_2019_1/install/Vivado/2019.1/strategies/VDS2013.psg'
WARNING: [Runs 36-547] Tool Strategy 'Vivado Synthesis Defaults' from file '/home/wei/Software/Vivado_2019_1/install/Vivado/2019.1/strategies/VDS2018.psg' discarded because strategy with same name already parsed from '/home/wei/Software/Vivado_2019_1/install/Vivado/2019.1/strategies/VDS2018.psg'
WARNING: [Runs 36-547] Tool Strategy 'Flow_AreaOptimized_high' from file '/home/wei/Software/Vivado_2019_1/install/Vivado/2019.1/strategies/VDS2018.psg' discarded because strategy with same name already parsed from '/home/wei/Software/Vivado_2019_1/install/Vivado/2019.1/strategies/VDS2018.psg'
WARNING: [Runs 36-547] Tool Strategy 'Flow_AreaOptimized_medium' from file '/home/wei/Software/Vivado_2019_1/install/Vivado/2019.1/strategies/VDS2018.psg' discarded because strategy with same name already parsed from '/home/wei/Software/Vivado_2019_1/install/Vivado/2019.1/strategies/VDS2018.psg'
WARNING: [Runs 36-547] Tool Strategy 'Flow_AreaMultThresholdDSP' from file '/home/wei/Software/Vivado_2019_1/install/Vivado/2019.1/strategies/VDS2018.psg' discarded because strategy with same name already parsed from '/home/wei/Software/Vivado_2019_1/install/Vivado/2019.1/strategies/VDS2018.psg'
INFO: [Common 17-14] Message 'Runs 36-547' appears 100 times and further instances of the messages will be disabled. Use the Tcl command set_msg_config to change the current settings.
WARNING: [Runs 36-546] Tool Report Strategy 'Vivado Synthesis Default Reports' from file '/home/wei/Software/Vivado_2019_1/install/Vivado/2019.1/reportstrategies/VRS2019.psg' discarded because strategy with same name already parsed from '/home/wei/Software/Vivado_2019_1/install/Vivado/2019.1/reportstrategies/VRS2019.psg'
WARNING: [Runs 36-546] Tool Report Strategy 'No Reports' from file '/home/wei/Software/Vivado_2019_1/install/Vivado/2019.1/reportstrategies/VRS2019.psg' discarded because strategy with same name already parsed from '/home/wei/Software/Vivado_2019_1/install/Vivado/2019.1/reportstrategies/VRS2019.psg'
WARNING: [Runs 36-546] Tool Report Strategy 'Vivado Synthesis Default Reports' from file '/home/wei/Software/Vivado_2019_1/install/Vivado/2019.1/reportstrategies/VRS2017.psg' discarded because strategy with same name already parsed from '/home/wei/Software/Vivado_2019_1/install/Vivado/2019.1/reportstrategies/VRS2017.psg'
WARNING: [Runs 36-546] Tool Report Strategy 'No Reports' from file '/home/wei/Software/Vivado_2019_1/install/Vivado/2019.1/reportstrategies/VRS2017.psg' discarded because strategy with same name already parsed from '/home/wei/Software/Vivado_2019_1/install/Vivado/2019.1/reportstrategies/VRS2017.psg'
WARNING: [Runs 36-546] Tool Report Strategy 'Vivado Implementation Default Reports' from file '/home/wei/Software/Vivado_2019_1/install/Vivado/2019.1/reportstrategies/VRI2019.psg' discarded because strategy with same name already parsed from '/home/wei/Software/Vivado_2019_1/install/Vivado/2019.1/reportstrategies/VRI2019.psg'
WARNING: [Runs 36-546] Tool Report Strategy 'UltraFast Design Methodology Reports' from file '/home/wei/Software/Vivado_2019_1/install/Vivado/2019.1/reportstrategies/VRI2019.psg' discarded because strategy with same name already parsed from '/home/wei/Software/Vivado_2019_1/install/Vivado/2019.1/reportstrategies/VRI2019.psg'
WARNING: [Runs 36-546] Tool Report Strategy 'Performance Explore Reports' from file '/home/wei/Software/Vivado_2019_1/install/Vivado/2019.1/reportstrategies/VRI2019.psg' discarded because strategy with same name already parsed from '/home/wei/Software/Vivado_2019_1/install/Vivado/2019.1/reportstrategies/VRI2019.psg'
WARNING: [Runs 36-546] Tool Report Strategy 'Timing Closure Reports' from file '/home/wei/Software/Vivado_2019_1/install/Vivado/2019.1/reportstrategies/VRI2019.psg' discarded because strategy with same name already parsed from '/home/wei/Software/Vivado_2019_1/install/Vivado/2019.1/reportstrategies/VRI2019.psg'
WARNING: [Runs 36-546] Tool Report Strategy 'No Reports' from file '/home/wei/Software/Vivado_2019_1/install/Vivado/2019.1/reportstrategies/VRI2019.psg' discarded because strategy with same name already parsed from '/home/wei/Software/Vivado_2019_1/install/Vivado/2019.1/reportstrategies/VRI2019.psg'
WARNING: [Runs 36-546] Tool Report Strategy 'Vivado Synthesis Default Reports' from file '/home/wei/Software/Vivado_2019_1/install/Vivado/2019.1/reportstrategies/VRS2018.psg' discarded because strategy with same name already parsed from '/home/wei/Software/Vivado_2019_1/install/Vivado/2019.1/reportstrategies/VRS2018.psg'
WARNING: [Runs 36-546] Tool Report Strategy 'No Reports' from file '/home/wei/Software/Vivado_2019_1/install/Vivado/2019.1/reportstrategies/VRS2018.psg' discarded because strategy with same name already parsed from '/home/wei/Software/Vivado_2019_1/install/Vivado/2019.1/reportstrategies/VRS2018.psg'
WARNING: [Runs 36-546] Tool Report Strategy 'Vivado Implementation Default Reports' from file '/home/wei/Software/Vivado_2019_1/install/Vivado/2019.1/reportstrategies/VRI2018.psg' discarded because strategy with same name already parsed from '/home/wei/Software/Vivado_2019_1/install/Vivado/2019.1/reportstrategies/VRI2018.psg'
WARNING: [Runs 36-546] Tool Report Strategy 'UltraFast Design Methodology Reports' from file '/home/wei/Software/Vivado_2019_1/install/Vivado/2019.1/reportstrategies/VRI2018.psg' discarded because strategy with same name already parsed from '/home/wei/Software/Vivado_2019_1/install/Vivado/2019.1/reportstrategies/VRI2018.psg'
WARNING: [Runs 36-546] Tool Report Strategy 'Performance Explore Reports' from file '/home/wei/Software/Vivado_2019_1/install/Vivado/2019.1/reportstrategies/VRI2018.psg' discarded because strategy with same name already parsed from '/home/wei/Software/Vivado_2019_1/install/Vivado/2019.1/reportstrategies/VRI2018.psg'
WARNING: [Runs 36-546] Tool Report Strategy 'Timing Closure Reports' from file '/home/wei/Software/Vivado_2019_1/install/Vivado/2019.1/reportstrategies/VRI2018.psg' discarded because strategy with same name already parsed from '/home/wei/Software/Vivado_2019_1/install/Vivado/2019.1/reportstrategies/VRI2018.psg'
WARNING: [Runs 36-546] Tool Report Strategy 'No Reports' from file '/home/wei/Software/Vivado_2019_1/install/Vivado/2019.1/reportstrategies/VRI2018.psg' discarded because strategy with same name already parsed from '/home/wei/Software/Vivado_2019_1/install/Vivado/2019.1/reportstrategies/VRI2018.psg'
WARNING: [Runs 36-546] Tool Report Strategy 'Vivado Implementation Default Reports' from file '/home/wei/Software/Vivado_2019_1/install/Vivado/2019.1/reportstrategies/VRI2017.psg' discarded because strategy with same name already parsed from '/home/wei/Software/Vivado_2019_1/install/Vivado/2019.1/reportstrategies/VRI2017.psg'
WARNING: [Runs 36-546] Tool Report Strategy 'UltraFast Design Methodology Reports' from file '/home/wei/Software/Vivado_2019_1/install/Vivado/2019.1/reportstrategies/VRI2017.psg' discarded because strategy with same name already parsed from '/home/wei/Software/Vivado_2019_1/install/Vivado/2019.1/reportstrategies/VRI2017.psg'
WARNING: [Runs 36-546] Tool Report Strategy 'Performance Explore Reports' from file '/home/wei/Software/Vivado_2019_1/install/Vivado/2019.1/reportstrategies/VRI2017.psg' discarded because strategy with same name already parsed from '/home/wei/Software/Vivado_2019_1/install/Vivado/2019.1/reportstrategies/VRI2017.psg'
WARNING: [Runs 36-546] Tool Report Strategy 'Timing Closure Reports' from file '/home/wei/Software/Vivado_2019_1/install/Vivado/2019.1/reportstrategies/VRI2017.psg' discarded because strategy with same name already parsed from '/home/wei/Software/Vivado_2019_1/install/Vivado/2019.1/reportstrategies/VRI2017.psg'
WARNING: [Runs 36-546] Tool Report Strategy 'No Reports' from file '/home/wei/Software/Vivado_2019_1/install/Vivado/2019.1/reportstrategies/VRI2017.psg' discarded because strategy with same name already parsed from '/home/wei/Software/Vivado_2019_1/install/Vivado/2019.1/reportstrategies/VRI2017.psg'
source rfdc_one_adc_4096gsps_c_counter_binary_v12_0_i1.tcl -notrace
Command: synth_design -top rfdc_one_adc_4096gsps_c_counter_binary_v12_0_i1 -part xczu28dr-ffvg1517-2-e -mode out_of_context
Starting synth_design
Attempting to get a license for feature 'Synthesis' and/or device 'xczu28dr'
INFO: [Common 17-349] Got license for feature 'Synthesis' and/or device 'xczu28dr'
INFO: [Device 21-403] Loading part xczu28dr-ffvg1517-2-e
INFO: Launching helper process for spawning children vivado processes
INFO: Helper process launched with PID 25524 
load diablo GTM unisim library
---------------------------------------------------------------------------------
Starting RTL Elaboration : Time (s): cpu = 00:00:03 ; elapsed = 00:00:05 . Memory (MB): peak = 2415.031 ; gain = 145.715 ; free physical = 216 ; free virtual = 23532
---------------------------------------------------------------------------------
INFO: [Synth 8-638] synthesizing module 'rfdc_one_adc_4096gsps_c_counter_binary_v12_0_i1' [/home/wei/casper/ZCU111/rfdc_multi_adc_cores/mode1/4096GSps/rfdc_one_adc_4096gsps/myproj/myproj.srcs/sources_1/ip/rfdc_one_adc_4096gsps_c_counter_binary_v12_0_i1/synth/rfdc_one_adc_4096gsps_c_counter_binary_v12_0_i1.vhd:68]
	Parameter C_IMPLEMENTATION bound to: 1 - type: integer 
	Parameter C_VERBOSITY bound to: 0 - type: integer 
	Parameter C_XDEVICEFAMILY bound to: zynquplus - type: string 
	Parameter C_WIDTH bound to: 13 - type: integer 
	Parameter C_HAS_CE bound to: 1 - type: integer 
	Parameter C_HAS_SCLR bound to: 1 - type: integer 
	Parameter C_RESTRICT_COUNT bound to: 0 - type: integer 
	Parameter C_COUNT_TO bound to: 1 - type: string 
	Parameter C_COUNT_BY bound to: 100 - type: string 
	Parameter C_COUNT_MODE bound to: 0 - type: integer 
	Parameter C_THRESH0_VALUE bound to: 1 - type: string 
	Parameter C_CE_OVERRIDES_SYNC bound to: 0 - type: integer 
	Parameter C_HAS_THRESH0 bound to: 0 - type: integer 
	Parameter C_HAS_LOAD bound to: 0 - type: integer 
	Parameter C_LOAD_LOW bound to: 0 - type: integer 
	Parameter C_LATENCY bound to: 1 - type: integer 
	Parameter C_FB_LATENCY bound to: 0 - type: integer 
	Parameter C_AINIT_VAL bound to: 0 - type: string 
	Parameter C_SINIT_VAL bound to: 0 - type: string 
	Parameter C_SCLR_OVERRIDES_SSET bound to: 1 - type: integer 
	Parameter C_HAS_SSET bound to: 0 - type: integer 
	Parameter C_HAS_SINIT bound to: 0 - type: integer 
INFO: [Synth 8-3491] module 'c_counter_binary_v12_0_13' declared at '/home/wei/casper/ZCU111/rfdc_multi_adc_cores/mode1/4096GSps/rfdc_one_adc_4096gsps/myproj/myproj.srcs/sources_1/ip/rfdc_one_adc_4096gsps_c_counter_binary_v12_0_i1/hdl/c_counter_binary_v12_0_vh_rfs.vhd:2147' bound to instance 'U0' of component 'c_counter_binary_v12_0_13' [/home/wei/casper/ZCU111/rfdc_multi_adc_cores/mode1/4096GSps/rfdc_one_adc_4096gsps/myproj/myproj.srcs/sources_1/ip/rfdc_one_adc_4096gsps_c_counter_binary_v12_0_i1/synth/rfdc_one_adc_4096gsps_c_counter_binary_v12_0_i1.vhd:127]
INFO: [Synth 8-256] done synthesizing module 'rfdc_one_adc_4096gsps_c_counter_binary_v12_0_i1' (7#1) [/home/wei/casper/ZCU111/rfdc_multi_adc_cores/mode1/4096GSps/rfdc_one_adc_4096gsps/myproj/myproj.srcs/sources_1/ip/rfdc_one_adc_4096gsps_c_counter_binary_v12_0_i1/synth/rfdc_one_adc_4096gsps_c_counter_binary_v12_0_i1.vhd:68]
WARNING: [Synth 8-3331] design xbip_dsp48e1_wrapper_v3_0 has unconnected port CEA1
WARNING: [Synth 8-3331] design xbip_dsp48e1_wrapper_v3_0 has unconnected port CEA2
WARNING: [Synth 8-3331] design xbip_dsp48e1_wrapper_v3_0 has unconnected port CEB1
WARNING: [Synth 8-3331] design xbip_dsp48e1_wrapper_v3_0 has unconnected port CEB2
WARNING: [Synth 8-3331] design xbip_dsp48e1_wrapper_v3_0 has unconnected port CEAD
WARNING: [Synth 8-3331] design xbip_dsp48e1_wrapper_v3_0 has unconnected port CED
WARNING: [Synth 8-3331] design xbip_dsp48e1_wrapper_v3_0 has unconnected port CEC
WARNING: [Synth 8-3331] design xbip_dsp48e1_wrapper_v3_0 has unconnected port CECARRYIN
WARNING: [Synth 8-3331] design xbip_dsp48e1_wrapper_v3_0 has unconnected port CECTRL
WARNING: [Synth 8-3331] design xbip_dsp48e1_wrapper_v3_0 has unconnected port CEALUMODE
WARNING: [Synth 8-3331] design xbip_dsp48e1_wrapper_v3_0 has unconnected port CEINMODE
WARNING: [Synth 8-3331] design xbip_dsp48e1_wrapper_v3_0 has unconnected port CEM
WARNING: [Synth 8-3331] design xbip_dsp48e1_wrapper_v3_0 has unconnected port CEP
WARNING: [Synth 8-3331] design xbip_dsp48e1_wrapper_v3_0 has unconnected port SCLRA
WARNING: [Synth 8-3331] design xbip_dsp48e1_wrapper_v3_0 has unconnected port SCLRB
WARNING: [Synth 8-3331] design xbip_dsp48e1_wrapper_v3_0 has unconnected port SCLRC
WARNING: [Synth 8-3331] design xbip_dsp48e1_wrapper_v3_0 has unconnected port SCLRD
WARNING: [Synth 8-3331] design xbip_dsp48e1_wrapper_v3_0 has unconnected port SCLRALLCARRYIN
WARNING: [Synth 8-3331] design xbip_dsp48e1_wrapper_v3_0 has unconnected port SCLRCTRL
WARNING: [Synth 8-3331] design xbip_dsp48e1_wrapper_v3_0 has unconnected port SCLRALUMODE
WARNING: [Synth 8-3331] design xbip_dsp48e1_wrapper_v3_0 has unconnected port SCLRINMODE
WARNING: [Synth 8-3331] design xbip_dsp48e1_wrapper_v3_0 has unconnected port SCLRM
WARNING: [Synth 8-3331] design xbip_dsp48e1_wrapper_v3_0 has unconnected port SCLRP
WARNING: [Synth 8-3331] design xbip_pipe_v3_0_6_viv__parameterized1 has unconnected port CLK
WARNING: [Synth 8-3331] design xbip_pipe_v3_0_6_viv__parameterized1 has unconnected port CE
WARNING: [Synth 8-3331] design xbip_pipe_v3_0_6_viv__parameterized1 has unconnected port SCLR
WARNING: [Synth 8-3331] design xbip_pipe_v3_0_6_viv__parameterized1 has unconnected port SSET
WARNING: [Synth 8-3331] design xbip_pipe_v3_0_6_viv__parameterized1 has unconnected port SINIT
WARNING: [Synth 8-3331] design xbip_pipe_v3_0_6_viv has unconnected port CLK
WARNING: [Synth 8-3331] design xbip_pipe_v3_0_6_viv has unconnected port CE
WARNING: [Synth 8-3331] design xbip_pipe_v3_0_6_viv has unconnected port SCLR
WARNING: [Synth 8-3331] design xbip_pipe_v3_0_6_viv has unconnected port SSET
WARNING: [Synth 8-3331] design xbip_pipe_v3_0_6_viv has unconnected port SINIT
WARNING: [Synth 8-3331] design dsp48_counter has unconnected port N_TC
WARNING: [Synth 8-3331] design dsp48_counter has unconnected port UP
WARNING: [Synth 8-3331] design xbip_counter_v3_0_6_viv has unconnected port LOAD
WARNING: [Synth 8-3331] design c_counter_binary_v12_0_13_viv has unconnected port SSET
WARNING: [Synth 8-3331] design c_counter_binary_v12_0_13_viv has unconnected port SINIT
---------------------------------------------------------------------------------
Finished RTL Elaboration : Time (s): cpu = 00:00:05 ; elapsed = 00:00:07 . Memory (MB): peak = 2483.750 ; gain = 214.434 ; free physical = 533 ; free virtual = 23767
---------------------------------------------------------------------------------

Report Check Netlist: 
+------+------------------+-------+---------+-------+------------------+
|      |Item              |Errors |Warnings |Status |Description       |
+------+------------------+-------+---------+-------+------------------+
|1     |multi_driven_nets |      0|        0|Passed |Multi driven nets |
+------+------------------+-------+---------+-------+------------------+
---------------------------------------------------------------------------------
Start Handling Custom Attributes
---------------------------------------------------------------------------------
---------------------------------------------------------------------------------
Finished Handling Custom Attributes : Time (s): cpu = 00:00:05 ; elapsed = 00:00:08 . Memory (MB): peak = 2486.719 ; gain = 217.402 ; free physical = 484 ; free virtual = 23718
---------------------------------------------------------------------------------
---------------------------------------------------------------------------------
Finished RTL Optimization Phase 1 : Time (s): cpu = 00:00:05 ; elapsed = 00:00:08 . Memory (MB): peak = 2486.719 ; gain = 217.402 ; free physical = 484 ; free virtual = 23718
---------------------------------------------------------------------------------
INFO: [Netlist 29-17] Analyzing 1 Unisim elements for replacement
INFO: [Netlist 29-28] Unisim Transformation completed in 0 CPU seconds
INFO: [Project 1-570] Preparing netlist for logic optimization

Processing XDC Constraints
Initializing timing engine
Parsing XDC File [/home/wei/casper/ZCU111/rfdc_multi_adc_cores/mode1/4096GSps/rfdc_one_adc_4096gsps/myproj/myproj.srcs/sources_1/ip/rfdc_one_adc_4096gsps_c_counter_binary_v12_0_i1/rfdc_one_adc_4096gsps_c_counter_binary_v12_0_i1_ooc.xdc] for cell 'U0'
Finished Parsing XDC File [/home/wei/casper/ZCU111/rfdc_multi_adc_cores/mode1/4096GSps/rfdc_one_adc_4096gsps/myproj/myproj.srcs/sources_1/ip/rfdc_one_adc_4096gsps_c_counter_binary_v12_0_i1/rfdc_one_adc_4096gsps_c_counter_binary_v12_0_i1_ooc.xdc] for cell 'U0'
Parsing XDC File [/home/wei/casper/ZCU111/rfdc_multi_adc_cores/mode1/4096GSps/rfdc_one_adc_4096gsps/myproj/myproj.runs/rfdc_one_adc_4096gsps_c_counter_binary_v12_0_i1_synth_1/dont_touch.xdc]
Finished Parsing XDC File [/home/wei/casper/ZCU111/rfdc_multi_adc_cores/mode1/4096GSps/rfdc_one_adc_4096gsps/myproj/myproj.runs/rfdc_one_adc_4096gsps_c_counter_binary_v12_0_i1_synth_1/dont_touch.xdc]
Completed Processing XDC Constraints

Netlist sorting complete. Time (s): cpu = 00:00:00 ; elapsed = 00:00:00 . Memory (MB): peak = 2605.406 ; gain = 0.000 ; free physical = 221 ; free virtual = 23456
INFO: [Project 1-111] Unisim Transformation Summary:
  A total of 1 instances were transformed.
  DSP48E1 => DSP48E2 (DSP_ALU, DSP_A_B_DATA, DSP_C_DATA, DSP_MULTIPLIER, DSP_M_DATA, DSP_OUTPUT, DSP_PREADD_DATA, DSP_PREADD): 1 instances

Constraint Validation Runtime : Time (s): cpu = 00:00:00.01 ; elapsed = 00:00:00.03 . Memory (MB): peak = 2605.406 ; gain = 0.000 ; free physical = 221 ; free virtual = 23455
load diablo GTM unisim library
---------------------------------------------------------------------------------
Finished Constraint Validation : Time (s): cpu = 00:00:14 ; elapsed = 00:00:19 . Memory (MB): peak = 2605.406 ; gain = 336.090 ; free physical = 438 ; free virtual = 23675
---------------------------------------------------------------------------------
---------------------------------------------------------------------------------
Start Loading Part and Timing Information
---------------------------------------------------------------------------------
Loading part: xczu28dr-ffvg1517-2-e
INFO: [Synth 8-6742] Reading net delay rules and data
---------------------------------------------------------------------------------
Finished Loading Part and Timing Information : Time (s): cpu = 00:00:14 ; elapsed = 00:00:19 . Memory (MB): peak = 2605.406 ; gain = 336.090 ; free physical = 447 ; free virtual = 23684
---------------------------------------------------------------------------------
---------------------------------------------------------------------------------
Start Applying 'set_property' XDC Constraints
---------------------------------------------------------------------------------
Applied set_property DONT_TOUCH = true for U0. (constraint file  /home/wei/casper/ZCU111/rfdc_multi_adc_cores/mode1/4096GSps/rfdc_one_adc_4096gsps/myproj/myproj.runs/rfdc_one_adc_4096gsps_c_counter_binary_v12_0_i1_synth_1/dont_touch.xdc, line 9).
---------------------------------------------------------------------------------
Finished applying 'set_property' XDC Constraints : Time (s): cpu = 00:00:14 ; elapsed = 00:00:19 . Memory (MB): peak = 2605.406 ; gain = 336.090 ; free physical = 450 ; free virtual = 23687
---------------------------------------------------------------------------------
---------------------------------------------------------------------------------
Finished RTL Optimization Phase 2 : Time (s): cpu = 00:00:14 ; elapsed = 00:00:20 . Memory (MB): peak = 2605.406 ; gain = 336.090 ; free physical = 442 ; free virtual = 23680
---------------------------------------------------------------------------------

Report RTL Partitions: 
+-+--------------+------------+----------+
| |RTL Partition |Replication |Instances |
+-+--------------+------------+----------+
+-+--------------+------------+----------+
---------------------------------------------------------------------------------
Start RTL Component Statistics 
---------------------------------------------------------------------------------
---------------------------------------------------------------------------------
Finished RTL Component Statistics 
---------------------------------------------------------------------------------
---------------------------------------------------------------------------------
Start RTL Hierarchical Component Statistics 
---------------------------------------------------------------------------------
---------------------------------------------------------------------------------
Finished RTL Hierarchical Component Statistics
---------------------------------------------------------------------------------
---------------------------------------------------------------------------------
Start Part Resource Summary
---------------------------------------------------------------------------------
Part Resources:
DSPs: 4272 (col length:192)
BRAMs: 2160 (col length: RAMB18 192 RAMB36 96)
---------------------------------------------------------------------------------
Finished Part Resource Summary
---------------------------------------------------------------------------------
---------------------------------------------------------------------------------
Start Cross Boundary and Area Optimization
---------------------------------------------------------------------------------
Warning: Parallel synthesis criteria is not met 
WARNING: [Synth 8-3331] design c_counter_binary_v12_0_13_viv has unconnected port SSET
WARNING: [Synth 8-3331] design c_counter_binary_v12_0_13_viv has unconnected port SINIT
WARNING: [Synth 8-3331] design c_counter_binary_v12_0_13_viv has unconnected port UP
WARNING: [Synth 8-3331] design c_counter_binary_v12_0_13_viv has unconnected port LOAD
---------------------------------------------------------------------------------
Finished Cross Boundary and Area Optimization : Time (s): cpu = 00:00:15 ; elapsed = 00:00:20 . Memory (MB): peak = 2605.406 ; gain = 336.090 ; free physical = 445 ; free virtual = 23690
---------------------------------------------------------------------------------

Report RTL Partitions: 
+-+--------------+------------+----------+
| |RTL Partition |Replication |Instances |
+-+--------------+------------+----------+
+-+--------------+------------+----------+
---------------------------------------------------------------------------------
Start Applying XDC Timing Constraints
---------------------------------------------------------------------------------
---------------------------------------------------------------------------------
Finished Applying XDC Timing Constraints : Time (s): cpu = 00:00:33 ; elapsed = 00:00:55 . Memory (MB): peak = 2924.516 ; gain = 655.199 ; free physical = 225 ; free virtual = 23158
---------------------------------------------------------------------------------
---------------------------------------------------------------------------------
Start Timing Optimization
---------------------------------------------------------------------------------
---------------------------------------------------------------------------------
Finished Timing Optimization : Time (s): cpu = 00:00:33 ; elapsed = 00:00:55 . Memory (MB): peak = 2925.516 ; gain = 656.199 ; free physical = 222 ; free virtual = 23156
---------------------------------------------------------------------------------

Report RTL Partitions: 
+-+--------------+------------+----------+
| |RTL Partition |Replication |Instances |
+-+--------------+------------+----------+
+-+--------------+------------+----------+
---------------------------------------------------------------------------------
Start Technology Mapping
---------------------------------------------------------------------------------
---------------------------------------------------------------------------------
Finished Technology Mapping : Time (s): cpu = 00:00:33 ; elapsed = 00:00:55 . Memory (MB): peak = 2934.531 ; gain = 665.215 ; free physical = 229 ; free virtual = 23163
---------------------------------------------------------------------------------

Report RTL Partitions: 
+-+--------------+------------+----------+
| |RTL Partition |Replication |Instances |
+-+--------------+------------+----------+
+-+--------------+------------+----------+
---------------------------------------------------------------------------------
Start IO Insertion
---------------------------------------------------------------------------------
---------------------------------------------------------------------------------
Start Flattening Before IO Insertion
---------------------------------------------------------------------------------
---------------------------------------------------------------------------------
Finished Flattening Before IO Insertion
---------------------------------------------------------------------------------
---------------------------------------------------------------------------------
Start Final Netlist Cleanup
---------------------------------------------------------------------------------
---------------------------------------------------------------------------------
Finished Final Netlist Cleanup
---------------------------------------------------------------------------------
---------------------------------------------------------------------------------
Finished IO Insertion : Time (s): cpu = 00:00:35 ; elapsed = 00:00:56 . Memory (MB): peak = 2949.406 ; gain = 680.090 ; free physical = 225 ; free virtual = 23158
---------------------------------------------------------------------------------

Report Check Netlist: 
+------+------------------+-------+---------+-------+------------------+
|      |Item              |Errors |Warnings |Status |Description       |
+------+------------------+-------+---------+-------+------------------+
|1     |multi_driven_nets |      0|        0|Passed |Multi driven nets |
+------+------------------+-------+---------+-------+------------------+
---------------------------------------------------------------------------------
Start Renaming Generated Instances
---------------------------------------------------------------------------------
---------------------------------------------------------------------------------
Finished Renaming Generated Instances : Time (s): cpu = 00:00:35 ; elapsed = 00:00:56 . Memory (MB): peak = 2949.406 ; gain = 680.090 ; free physical = 225 ; free virtual = 23158
---------------------------------------------------------------------------------

Report RTL Partitions: 
+-+--------------+------------+----------+
| |RTL Partition |Replication |Instances |
+-+--------------+------------+----------+
+-+--------------+------------+----------+
---------------------------------------------------------------------------------
Start Rebuilding User Hierarchy
---------------------------------------------------------------------------------
---------------------------------------------------------------------------------
Finished Rebuilding User Hierarchy : Time (s): cpu = 00:00:35 ; elapsed = 00:00:56 . Memory (MB): peak = 2949.406 ; gain = 680.090 ; free physical = 225 ; free virtual = 23158
---------------------------------------------------------------------------------
---------------------------------------------------------------------------------
Start Renaming Generated Ports
---------------------------------------------------------------------------------
---------------------------------------------------------------------------------
Finished Renaming Generated Ports : Time (s): cpu = 00:00:35 ; elapsed = 00:00:56 . Memory (MB): peak = 2949.406 ; gain = 680.090 ; free physical = 225 ; free virtual = 23158
---------------------------------------------------------------------------------
---------------------------------------------------------------------------------
Start Handling Custom Attributes
---------------------------------------------------------------------------------
---------------------------------------------------------------------------------
Finished Handling Custom Attributes : Time (s): cpu = 00:00:35 ; elapsed = 00:00:56 . Memory (MB): peak = 2949.406 ; gain = 680.090 ; free physical = 225 ; free virtual = 23158
---------------------------------------------------------------------------------
---------------------------------------------------------------------------------
Start Renaming Generated Nets
---------------------------------------------------------------------------------
---------------------------------------------------------------------------------
Finished Renaming Generated Nets : Time (s): cpu = 00:00:35 ; elapsed = 00:00:56 . Memory (MB): peak = 2949.406 ; gain = 680.090 ; free physical = 225 ; free virtual = 23158
---------------------------------------------------------------------------------
---------------------------------------------------------------------------------
Start Writing Synthesis Report
---------------------------------------------------------------------------------

Report BlackBoxes: 
+-+--------------+----------+
| |BlackBox name |Instances |
+-+--------------+----------+
+-+--------------+----------+

Report Cell Usage: 
+------+--------+------+
|      |Cell    |Count |
+------+--------+------+
|1     |DSP48E1 |     1|
+------+--------+------+
---------------------------------------------------------------------------------
Finished Writing Synthesis Report : Time (s): cpu = 00:00:35 ; elapsed = 00:00:56 . Memory (MB): peak = 2949.406 ; gain = 680.090 ; free physical = 225 ; free virtual = 23158
---------------------------------------------------------------------------------
Synthesis finished with 0 errors, 0 critical warnings and 4 warnings.
Synthesis Optimization Runtime : Time (s): cpu = 00:00:28 ; elapsed = 00:00:48 . Memory (MB): peak = 2949.406 ; gain = 561.402 ; free physical = 264 ; free virtual = 23198
Synthesis Optimization Complete : Time (s): cpu = 00:00:35 ; elapsed = 00:00:56 . Memory (MB): peak = 2949.414 ; gain = 680.090 ; free physical = 264 ; free virtual = 23198
INFO: [Project 1-571] Translating synthesized netlist
INFO: [Netlist 29-17] Analyzing 1 Unisim elements for replacement
INFO: [Netlist 29-28] Unisim Transformation completed in 0 CPU seconds
INFO: [Project 1-570] Preparing netlist for logic optimization
INFO: [Opt 31-138] Pushed 0 inverter(s) to 0 load pin(s).
Netlist sorting complete. Time (s): cpu = 00:00:00 ; elapsed = 00:00:00 . Memory (MB): peak = 2995.031 ; gain = 0.000 ; free physical = 219 ; free virtual = 23119
INFO: [Project 1-111] Unisim Transformation Summary:
  A total of 1 instances were transformed.
  DSP48E1 => DSP48E2 (DSP_ALU, DSP_A_B_DATA, DSP_C_DATA, DSP_MULTIPLIER, DSP_M_DATA, DSP_OUTPUT, DSP_PREADD_DATA, DSP_PREADD): 1 instances

INFO: [Common 17-83] Releasing license: Synthesis
17 Infos, 42 Warnings, 0 Critical Warnings and 0 Errors encountered.
synth_design completed successfully
synth_design: Time (s): cpu = 00:00:45 ; elapsed = 00:01:13 . Memory (MB): peak = 2995.031 ; gain = 1518.285 ; free physical = 416 ; free virtual = 23317
Netlist sorting complete. Time (s): cpu = 00:00:00 ; elapsed = 00:00:00 . Memory (MB): peak = 2995.031 ; gain = 0.000 ; free physical = 421 ; free virtual = 23321
WARNING: [Constraints 18-5210] No constraints selected for write.
Resolution: This message can indicate that there are no constraints for the design, or it can indicate that the used_in flags are set such that the constraints are ignored. This later case is used when running synth_design to not write synthesis constraints to the resulting checkpoint. Instead, project constraints are read when the synthesized design is opened.
INFO: [Common 17-1381] The checkpoint '/home/wei/casper/ZCU111/rfdc_multi_adc_cores/mode1/4096GSps/rfdc_one_adc_4096gsps/myproj/myproj.runs/rfdc_one_adc_4096gsps_c_counter_binary_v12_0_i1_synth_1/rfdc_one_adc_4096gsps_c_counter_binary_v12_0_i1.dcp' has been generated.
WARNING: [Common 17-576] 'use_project_ipc' is deprecated. This option is deprecated and no longer used.
INFO: [Coretcl 2-1648] Added synthesis output to IP cache for IP rfdc_one_adc_4096gsps_c_counter_binary_v12_0_i1, cache-ID = 655674b200d6f5c6
INFO: [Coretcl 2-1174] Renamed 5 cell refs.
Netlist sorting complete. Time (s): cpu = 00:00:00 ; elapsed = 00:00:00 . Memory (MB): peak = 2995.031 ; gain = 0.000 ; free physical = 474 ; free virtual = 23375
WARNING: [Constraints 18-5210] No constraints selected for write.
Resolution: This message can indicate that there are no constraints for the design, or it can indicate that the used_in flags are set such that the constraints are ignored. This later case is used when running synth_design to not write synthesis constraints to the resulting checkpoint. Instead, project constraints are read when the synthesized design is opened.
INFO: [Common 17-1381] The checkpoint '/home/wei/casper/ZCU111/rfdc_multi_adc_cores/mode1/4096GSps/rfdc_one_adc_4096gsps/myproj/myproj.runs/rfdc_one_adc_4096gsps_c_counter_binary_v12_0_i1_synth_1/rfdc_one_adc_4096gsps_c_counter_binary_v12_0_i1.dcp' has been generated.
INFO: [runtcl-4] Executing : report_utilization -file rfdc_one_adc_4096gsps_c_counter_binary_v12_0_i1_utilization_synth.rpt -pb rfdc_one_adc_4096gsps_c_counter_binary_v12_0_i1_utilization_synth.pb
INFO: [Common 17-206] Exiting Vivado at Thu Feb 25 21:00:02 2021...
