#-----------------------------------------------------------
# Vivado v2019.1.3 (64-bit)
# SW Build 2644227 on Wed Sep  4 09:44:18 MDT 2019
# IP Build 2633630 on Wed Sep  4 12:30:14 MDT 2019
# Start of session at: Thu Feb 25 20:43:02 2021
# Process ID: 22605
# Current directory: /home/wei/casper/ZCU111
# Command line: vivado -jou /home/wei/casper/ZCU111/rfdc_multi_adc_cores/mode1/4096GSps/rfdc_one_adc_4096gsps/vivado.jou -log /home/wei/casper/ZCU111/rfdc_multi_adc_cores/mode1/4096GSps/rfdc_one_adc_4096gsps/vivado.log -mode batch -source /home/wei/casper/ZCU111/rfdc_multi_adc_cores/mode1/4096GSps/rfdc_one_adc_4096gsps/gogogo.tcl
# Log file: /home/wei/casper/ZCU111/rfdc_multi_adc_cores/mode1/4096GSps/rfdc_one_adc_4096gsps/vivado.log
# Journal file: /home/wei/casper/ZCU111/rfdc_multi_adc_cores/mode1/4096GSps/rfdc_one_adc_4096gsps/vivado.jou
#-----------------------------------------------------------
WARNING: [Runs 36-547] Tool Strategy 'Vivado Implementation Defaults' from file '/home/wei/Software/Vivado_2019_1/install/Vivado/2019.1/strategies/VDI2018.psg' discarded because strategy with same name already parsed from '/home/wei/Software/Vivado_2019_1/install/Vivado/2019.1/strategies/VDI2018.psg'
WARNING: [Runs 36-547] Tool Strategy 'Performance_Explore' from file '/home/wei/Software/Vivado_2019_1/install/Vivado/2019.1/strategies/VDI2018.psg' discarded because strategy with same name already parsed from '/home/wei/Software/Vivado_2019_1/install/Vivado/2019.1/strategies/VDI2018.psg'
WARNING: [Runs 36-547] Tool Strategy 'Performance_ExplorePostRoutePhysOpt' from file '/home/wei/Software/Vivado_2019_1/install/Vivado/2019.1/strategies/VDI2018.psg' discarded because strategy with same name already parsed from '/home/wei/Software/Vivado_2019_1/install/Vivado/2019.1/strategies/VDI2018.psg'
WARNING: [Runs 36-547] Tool Strategy 'Performance_ExploreWithRemap' from file '/home/wei/Software/Vivado_2019_1/install/Vivado/2019.1/strategies/VDI2018.psg' discarded because strategy with same name already parsed from '/home/wei/Software/Vivado_2019_1/install/Vivado/2019.1/strategies/VDI2018.psg'
WARNING: [Runs 36-547] Tool Strategy 'Performance_WLBlockPlacement' from file '/home/wei/Software/Vivado_2019_1/install/Vivado/2019.1/strategies/VDI2018.psg' discarded because strategy with same name already parsed from '/home/wei/Software/Vivado_2019_1/install/Vivado/2019.1/strategies/VDI2018.psg'
WARNING: [Runs 36-547] Tool Strategy 'Performance_WLBlockPlacementFanoutOpt' from file '/home/wei/Software/Vivado_2019_1/install/Vivado/2019.1/strategies/VDI2018.psg' discarded because strategy with same name already parsed from '/home/wei/Software/Vivado_2019_1/install/Vivado/2019.1/strategies/VDI2018.psg'
WARNING: [Runs 36-547] Tool Strategy 'Performance_EarlyBlockPlacement' from file '/home/wei/Software/Vivado_2019_1/install/Vivado/2019.1/strategies/VDI2018.psg' discarded because strategy with same name already parsed from '/home/wei/Software/Vivado_2019_1/install/Vivado/2019.1/strategies/VDI2018.psg'
WARNING: [Runs 36-547] Tool Strategy 'Performance_NetDelay_high' from file '/home/wei/Software/Vivado_2019_1/install/Vivado/2019.1/strategies/VDI2018.psg' discarded because strategy with same name already parsed from '/home/wei/Software/Vivado_2019_1/install/Vivado/2019.1/strategies/VDI2018.psg'
WARNING: [Runs 36-547] Tool Strategy 'Performance_NetDelay_low' from file '/home/wei/Software/Vivado_2019_1/install/Vivado/2019.1/strategies/VDI2018.psg' discarded because strategy with same name already parsed from '/home/wei/Software/Vivado_2019_1/install/Vivado/2019.1/strategies/VDI2018.psg'
WARNING: [Runs 36-547] Tool Strategy 'Performance_Retiming' from file '/home/wei/Software/Vivado_2019_1/install/Vivado/2019.1/strategies/VDI2018.psg' discarded because strategy with same name already parsed from '/home/wei/Software/Vivado_2019_1/install/Vivado/2019.1/strategies/VDI2018.psg'
WARNING: [Runs 36-547] Tool Strategy 'Performance_ExtraTimingOpt' from file '/home/wei/Software/Vivado_2019_1/install/Vivado/2019.1/strategies/VDI2018.psg' discarded because strategy with same name already parsed from '/home/wei/Software/Vivado_2019_1/install/Vivado/2019.1/strategies/VDI2018.psg'
WARNING: [Runs 36-547] Tool Strategy 'Performance_RefinePlacement' from file '/home/wei/Software/Vivado_2019_1/install/Vivado/2019.1/strategies/VDI2018.psg' discarded because strategy with same name already parsed from '/home/wei/Software/Vivado_2019_1/install/Vivado/2019.1/strategies/VDI2018.psg'
WARNING: [Runs 36-547] Tool Strategy 'Performance_SpreadSLLs' from file '/home/wei/Software/Vivado_2019_1/install/Vivado/2019.1/strategies/VDI2018.psg' discarded because strategy with same name already parsed from '/home/wei/Software/Vivado_2019_1/install/Vivado/2019.1/strategies/VDI2018.psg'
WARNING: [Runs 36-547] Tool Strategy 'Performance_BalanceSLLs' from file '/home/wei/Software/Vivado_2019_1/install/Vivado/2019.1/strategies/VDI2018.psg' discarded because strategy with same name already parsed from '/home/wei/Software/Vivado_2019_1/install/Vivado/2019.1/strategies/VDI2018.psg'
WARNING: [Runs 36-547] Tool Strategy 'Performance_BalanceSLRs' from file '/home/wei/Software/Vivado_2019_1/install/Vivado/2019.1/strategies/VDI2018.psg' discarded because strategy with same name already parsed from '/home/wei/Software/Vivado_2019_1/install/Vivado/2019.1/strategies/VDI2018.psg'
WARNING: [Runs 36-547] Tool Strategy 'Performance_HighUtilSLRs' from file '/home/wei/Software/Vivado_2019_1/install/Vivado/2019.1/strategies/VDI2018.psg' discarded because strategy with same name already parsed from '/home/wei/Software/Vivado_2019_1/install/Vivado/2019.1/strategies/VDI2018.psg'
WARNING: [Runs 36-547] Tool Strategy 'Congestion_SpreadLogic_high' from file '/home/wei/Software/Vivado_2019_1/install/Vivado/2019.1/strategies/VDI2018.psg' discarded because strategy with same name already parsed from '/home/wei/Software/Vivado_2019_1/install/Vivado/2019.1/strategies/VDI2018.psg'
WARNING: [Runs 36-547] Tool Strategy 'Congestion_SpreadLogic_medium' from file '/home/wei/Software/Vivado_2019_1/install/Vivado/2019.1/strategies/VDI2018.psg' discarded because strategy with same name already parsed from '/home/wei/Software/Vivado_2019_1/install/Vivado/2019.1/strategies/VDI2018.psg'
WARNING: [Runs 36-547] Tool Strategy 'Congestion_SpreadLogic_low' from file '/home/wei/Software/Vivado_2019_1/install/Vivado/2019.1/strategies/VDI2018.psg' discarded because strategy with same name already parsed from '/home/wei/Software/Vivado_2019_1/install/Vivado/2019.1/strategies/VDI2018.psg'
WARNING: [Runs 36-547] Tool Strategy 'Congestion_SSI_SpreadLogic_high' from file '/home/wei/Software/Vivado_2019_1/install/Vivado/2019.1/strategies/VDI2018.psg' discarded because strategy with same name already parsed from '/home/wei/Software/Vivado_2019_1/install/Vivado/2019.1/strategies/VDI2018.psg'
WARNING: [Runs 36-547] Tool Strategy 'Congestion_SSI_SpreadLogic_low' from file '/home/wei/Software/Vivado_2019_1/install/Vivado/2019.1/strategies/VDI2018.psg' discarded because strategy with same name already parsed from '/home/wei/Software/Vivado_2019_1/install/Vivado/2019.1/strategies/VDI2018.psg'
WARNING: [Runs 36-547] Tool Strategy 'Area_Explore' from file '/home/wei/Software/Vivado_2019_1/install/Vivado/2019.1/strategies/VDI2018.psg' discarded because strategy with same name already parsed from '/home/wei/Software/Vivado_2019_1/install/Vivado/2019.1/strategies/VDI2018.psg'
WARNING: [Runs 36-547] Tool Strategy 'Area_ExploreSequential' from file '/home/wei/Software/Vivado_2019_1/install/Vivado/2019.1/strategies/VDI2018.psg' discarded because strategy with same name already parsed from '/home/wei/Software/Vivado_2019_1/install/Vivado/2019.1/strategies/VDI2018.psg'
WARNING: [Runs 36-547] Tool Strategy 'Area_ExploreWithRemap' from file '/home/wei/Software/Vivado_2019_1/install/Vivado/2019.1/strategies/VDI2018.psg' discarded because strategy with same name already parsed from '/home/wei/Software/Vivado_2019_1/install/Vivado/2019.1/strategies/VDI2018.psg'
WARNING: [Runs 36-547] Tool Strategy 'Power_DefaultOpt' from file '/home/wei/Software/Vivado_2019_1/install/Vivado/2019.1/strategies/VDI2018.psg' discarded because strategy with same name already parsed from '/home/wei/Software/Vivado_2019_1/install/Vivado/2019.1/strategies/VDI2018.psg'
WARNING: [Runs 36-547] Tool Strategy 'Power_ExploreArea' from file '/home/wei/Software/Vivado_2019_1/install/Vivado/2019.1/strategies/VDI2018.psg' discarded because strategy with same name already parsed from '/home/wei/Software/Vivado_2019_1/install/Vivado/2019.1/strategies/VDI2018.psg'
WARNING: [Runs 36-547] Tool Strategy 'Flow_RunPhysOpt' from file '/home/wei/Software/Vivado_2019_1/install/Vivado/2019.1/strategies/VDI2018.psg' discarded because strategy with same name already parsed from '/home/wei/Software/Vivado_2019_1/install/Vivado/2019.1/strategies/VDI2018.psg'
WARNING: [Runs 36-547] Tool Strategy 'Flow_RunPostRoutePhysOpt' from file '/home/wei/Software/Vivado_2019_1/install/Vivado/2019.1/strategies/VDI2018.psg' discarded because strategy with same name already parsed from '/home/wei/Software/Vivado_2019_1/install/Vivado/2019.1/strategies/VDI2018.psg'
WARNING: [Runs 36-547] Tool Strategy 'Flow_RuntimeOptimized' from file '/home/wei/Software/Vivado_2019_1/install/Vivado/2019.1/strategies/VDI2018.psg' discarded because strategy with same name already parsed from '/home/wei/Software/Vivado_2019_1/install/Vivado/2019.1/strategies/VDI2018.psg'
WARNING: [Runs 36-547] Tool Strategy 'Flow_Quick' from file '/home/wei/Software/Vivado_2019_1/install/Vivado/2019.1/strategies/VDI2018.psg' discarded because strategy with same name already parsed from '/home/wei/Software/Vivado_2019_1/install/Vivado/2019.1/strategies/VDI2018.psg'
WARNING: [Runs 36-547] Tool Strategy 'Vivado Synthesis Defaults' from file '/home/wei/Software/Vivado_2019_1/install/Vivado/2019.1/strategies/VDS2016.psg' discarded because strategy with same name already parsed from '/home/wei/Software/Vivado_2019_1/install/Vivado/2019.1/strategies/VDS2016.psg'
WARNING: [Runs 36-547] Tool Strategy 'Flow_AreaOptimized_high' from file '/home/wei/Software/Vivado_2019_1/install/Vivado/2019.1/strategies/VDS2016.psg' discarded because strategy with same name already parsed from '/home/wei/Software/Vivado_2019_1/install/Vivado/2019.1/strategies/VDS2016.psg'
WARNING: [Runs 36-547] Tool Strategy 'Flow_AreaOptimized_medium' from file '/home/wei/Software/Vivado_2019_1/install/Vivado/2019.1/strategies/VDS2016.psg' discarded because strategy with same name already parsed from '/home/wei/Software/Vivado_2019_1/install/Vivado/2019.1/strategies/VDS2016.psg'
WARNING: [Runs 36-547] Tool Strategy 'Flow_AreaMultThresholdDSP' from file '/home/wei/Software/Vivado_2019_1/install/Vivado/2019.1/strategies/VDS2016.psg' discarded because strategy with same name already parsed from '/home/wei/Software/Vivado_2019_1/install/Vivado/2019.1/strategies/VDS2016.psg'
WARNING: [Runs 36-547] Tool Strategy 'Flow_AlternateRoutability' from file '/home/wei/Software/Vivado_2019_1/install/Vivado/2019.1/strategies/VDS2016.psg' discarded because strategy with same name already parsed from '/home/wei/Software/Vivado_2019_1/install/Vivado/2019.1/strategies/VDS2016.psg'
WARNING: [Runs 36-547] Tool Strategy 'Flow_PerfOptimized_high' from file '/home/wei/Software/Vivado_2019_1/install/Vivado/2019.1/strategies/VDS2016.psg' discarded because strategy with same name already parsed from '/home/wei/Software/Vivado_2019_1/install/Vivado/2019.1/strategies/VDS2016.psg'
WARNING: [Runs 36-547] Tool Strategy 'Flow_PerfThresholdCarry' from file '/home/wei/Software/Vivado_2019_1/install/Vivado/2019.1/strategies/VDS2016.psg' discarded because strategy with same name already parsed from '/home/wei/Software/Vivado_2019_1/install/Vivado/2019.1/strategies/VDS2016.psg'
WARNING: [Runs 36-547] Tool Strategy 'Flow_RuntimeOptimized' from file '/home/wei/Software/Vivado_2019_1/install/Vivado/2019.1/strategies/VDS2016.psg' discarded because strategy with same name already parsed from '/home/wei/Software/Vivado_2019_1/install/Vivado/2019.1/strategies/VDS2016.psg'
WARNING: [Runs 36-547] Tool Strategy 'Vivado Implementation Defaults' from file '/home/wei/Software/Vivado_2019_1/install/Vivado/2019.1/strategies/VDI2019.psg' discarded because strategy with same name already parsed from '/home/wei/Software/Vivado_2019_1/install/Vivado/2019.1/strategies/VDI2019.psg'
WARNING: [Runs 36-547] Tool Strategy 'Performance_Explore' from file '/home/wei/Software/Vivado_2019_1/install/Vivado/2019.1/strategies/VDI2019.psg' discarded because strategy with same name already parsed from '/home/wei/Software/Vivado_2019_1/install/Vivado/2019.1/strategies/VDI2019.psg'
WARNING: [Runs 36-547] Tool Strategy 'Performance_ExplorePostRoutePhysOpt' from file '/home/wei/Software/Vivado_2019_1/install/Vivado/2019.1/strategies/VDI2019.psg' discarded because strategy with same name already parsed from '/home/wei/Software/Vivado_2019_1/install/Vivado/2019.1/strategies/VDI2019.psg'
WARNING: [Runs 36-547] Tool Strategy 'Performance_ExploreWithRemap' from file '/home/wei/Software/Vivado_2019_1/install/Vivado/2019.1/strategies/VDI2019.psg' discarded because strategy with same name already parsed from '/home/wei/Software/Vivado_2019_1/install/Vivado/2019.1/strategies/VDI2019.psg'
WARNING: [Runs 36-547] Tool Strategy 'Performance_WLBlockPlacement' from file '/home/wei/Software/Vivado_2019_1/install/Vivado/2019.1/strategies/VDI2019.psg' discarded because strategy with same name already parsed from '/home/wei/Software/Vivado_2019_1/install/Vivado/2019.1/strategies/VDI2019.psg'
WARNING: [Runs 36-547] Tool Strategy 'Performance_WLBlockPlacementFanoutOpt' from file '/home/wei/Software/Vivado_2019_1/install/Vivado/2019.1/strategies/VDI2019.psg' discarded because strategy with same name already parsed from '/home/wei/Software/Vivado_2019_1/install/Vivado/2019.1/strategies/VDI2019.psg'
WARNING: [Runs 36-547] Tool Strategy 'Performance_EarlyBlockPlacement' from file '/home/wei/Software/Vivado_2019_1/install/Vivado/2019.1/strategies/VDI2019.psg' discarded because strategy with same name already parsed from '/home/wei/Software/Vivado_2019_1/install/Vivado/2019.1/strategies/VDI2019.psg'
WARNING: [Runs 36-547] Tool Strategy 'Performance_NetDelay_high' from file '/home/wei/Software/Vivado_2019_1/install/Vivado/2019.1/strategies/VDI2019.psg' discarded because strategy with same name already parsed from '/home/wei/Software/Vivado_2019_1/install/Vivado/2019.1/strategies/VDI2019.psg'
WARNING: [Runs 36-547] Tool Strategy 'Performance_NetDelay_low' from file '/home/wei/Software/Vivado_2019_1/install/Vivado/2019.1/strategies/VDI2019.psg' discarded because strategy with same name already parsed from '/home/wei/Software/Vivado_2019_1/install/Vivado/2019.1/strategies/VDI2019.psg'
WARNING: [Runs 36-547] Tool Strategy 'Performance_Retiming' from file '/home/wei/Software/Vivado_2019_1/install/Vivado/2019.1/strategies/VDI2019.psg' discarded because strategy with same name already parsed from '/home/wei/Software/Vivado_2019_1/install/Vivado/2019.1/strategies/VDI2019.psg'
WARNING: [Runs 36-547] Tool Strategy 'Performance_ExtraTimingOpt' from file '/home/wei/Software/Vivado_2019_1/install/Vivado/2019.1/strategies/VDI2019.psg' discarded because strategy with same name already parsed from '/home/wei/Software/Vivado_2019_1/install/Vivado/2019.1/strategies/VDI2019.psg'
WARNING: [Runs 36-547] Tool Strategy 'Performance_RefinePlacement' from file '/home/wei/Software/Vivado_2019_1/install/Vivado/2019.1/strategies/VDI2019.psg' discarded because strategy with same name already parsed from '/home/wei/Software/Vivado_2019_1/install/Vivado/2019.1/strategies/VDI2019.psg'
WARNING: [Runs 36-547] Tool Strategy 'Performance_SpreadSLLs' from file '/home/wei/Software/Vivado_2019_1/install/Vivado/2019.1/strategies/VDI2019.psg' discarded because strategy with same name already parsed from '/home/wei/Software/Vivado_2019_1/install/Vivado/2019.1/strategies/VDI2019.psg'
WARNING: [Runs 36-547] Tool Strategy 'Performance_BalanceSLLs' from file '/home/wei/Software/Vivado_2019_1/install/Vivado/2019.1/strategies/VDI2019.psg' discarded because strategy with same name already parsed from '/home/wei/Software/Vivado_2019_1/install/Vivado/2019.1/strategies/VDI2019.psg'
WARNING: [Runs 36-547] Tool Strategy 'Performance_BalanceSLRs' from file '/home/wei/Software/Vivado_2019_1/install/Vivado/2019.1/strategies/VDI2019.psg' discarded because strategy with same name already parsed from '/home/wei/Software/Vivado_2019_1/install/Vivado/2019.1/strategies/VDI2019.psg'
WARNING: [Runs 36-547] Tool Strategy 'Performance_HighUtilSLRs' from file '/home/wei/Software/Vivado_2019_1/install/Vivado/2019.1/strategies/VDI2019.psg' discarded because strategy with same name already parsed from '/home/wei/Software/Vivado_2019_1/install/Vivado/2019.1/strategies/VDI2019.psg'
WARNING: [Runs 36-547] Tool Strategy 'Congestion_SpreadLogic_high' from file '/home/wei/Software/Vivado_2019_1/install/Vivado/2019.1/strategies/VDI2019.psg' discarded because strategy with same name already parsed from '/home/wei/Software/Vivado_2019_1/install/Vivado/2019.1/strategies/VDI2019.psg'
WARNING: [Runs 36-547] Tool Strategy 'Congestion_SpreadLogic_medium' from file '/home/wei/Software/Vivado_2019_1/install/Vivado/2019.1/strategies/VDI2019.psg' discarded because strategy with same name already parsed from '/home/wei/Software/Vivado_2019_1/install/Vivado/2019.1/strategies/VDI2019.psg'
WARNING: [Runs 36-547] Tool Strategy 'Congestion_SpreadLogic_low' from file '/home/wei/Software/Vivado_2019_1/install/Vivado/2019.1/strategies/VDI2019.psg' discarded because strategy with same name already parsed from '/home/wei/Software/Vivado_2019_1/install/Vivado/2019.1/strategies/VDI2019.psg'
WARNING: [Runs 36-547] Tool Strategy 'Congestion_SSI_SpreadLogic_high' from file '/home/wei/Software/Vivado_2019_1/install/Vivado/2019.1/strategies/VDI2019.psg' discarded because strategy with same name already parsed from '/home/wei/Software/Vivado_2019_1/install/Vivado/2019.1/strategies/VDI2019.psg'
WARNING: [Runs 36-547] Tool Strategy 'Congestion_SSI_SpreadLogic_low' from file '/home/wei/Software/Vivado_2019_1/install/Vivado/2019.1/strategies/VDI2019.psg' discarded because strategy with same name already parsed from '/home/wei/Software/Vivado_2019_1/install/Vivado/2019.1/strategies/VDI2019.psg'
WARNING: [Runs 36-547] Tool Strategy 'Area_Explore' from file '/home/wei/Software/Vivado_2019_1/install/Vivado/2019.1/strategies/VDI2019.psg' discarded because strategy with same name already parsed from '/home/wei/Software/Vivado_2019_1/install/Vivado/2019.1/strategies/VDI2019.psg'
WARNING: [Runs 36-547] Tool Strategy 'Area_ExploreSequential' from file '/home/wei/Software/Vivado_2019_1/install/Vivado/2019.1/strategies/VDI2019.psg' discarded because strategy with same name already parsed from '/home/wei/Software/Vivado_2019_1/install/Vivado/2019.1/strategies/VDI2019.psg'
WARNING: [Runs 36-547] Tool Strategy 'Area_ExploreWithRemap' from file '/home/wei/Software/Vivado_2019_1/install/Vivado/2019.1/strategies/VDI2019.psg' discarded because strategy with same name already parsed from '/home/wei/Software/Vivado_2019_1/install/Vivado/2019.1/strategies/VDI2019.psg'
WARNING: [Runs 36-547] Tool Strategy 'Power_DefaultOpt' from file '/home/wei/Software/Vivado_2019_1/install/Vivado/2019.1/strategies/VDI2019.psg' discarded because strategy with same name already parsed from '/home/wei/Software/Vivado_2019_1/install/Vivado/2019.1/strategies/VDI2019.psg'
WARNING: [Runs 36-547] Tool Strategy 'Power_ExploreArea' from file '/home/wei/Software/Vivado_2019_1/install/Vivado/2019.1/strategies/VDI2019.psg' discarded because strategy with same name already parsed from '/home/wei/Software/Vivado_2019_1/install/Vivado/2019.1/strategies/VDI2019.psg'
WARNING: [Runs 36-547] Tool Strategy 'Flow_RunPhysOpt' from file '/home/wei/Software/Vivado_2019_1/install/Vivado/2019.1/strategies/VDI2019.psg' discarded because strategy with same name already parsed from '/home/wei/Software/Vivado_2019_1/install/Vivado/2019.1/strategies/VDI2019.psg'
WARNING: [Runs 36-547] Tool Strategy 'Flow_RunPostRoutePhysOpt' from file '/home/wei/Software/Vivado_2019_1/install/Vivado/2019.1/strategies/VDI2019.psg' discarded because strategy with same name already parsed from '/home/wei/Software/Vivado_2019_1/install/Vivado/2019.1/strategies/VDI2019.psg'
WARNING: [Runs 36-547] Tool Strategy 'Flow_RuntimeOptimized' from file '/home/wei/Software/Vivado_2019_1/install/Vivado/2019.1/strategies/VDI2019.psg' discarded because strategy with same name already parsed from '/home/wei/Software/Vivado_2019_1/install/Vivado/2019.1/strategies/VDI2019.psg'
WARNING: [Runs 36-547] Tool Strategy 'Flow_Quick' from file '/home/wei/Software/Vivado_2019_1/install/Vivado/2019.1/strategies/VDI2019.psg' discarded because strategy with same name already parsed from '/home/wei/Software/Vivado_2019_1/install/Vivado/2019.1/strategies/VDI2019.psg'
WARNING: [Runs 36-547] Tool Strategy 'Vivado Implementation Defaults' from file '/home/wei/Software/Vivado_2019_1/install/Vivado/2019.1/strategies/VDI2014.psg' discarded because strategy with same name already parsed from '/home/wei/Software/Vivado_2019_1/install/Vivado/2019.1/strategies/VDI2014.psg'
WARNING: [Runs 36-547] Tool Strategy 'Performance_Explore' from file '/home/wei/Software/Vivado_2019_1/install/Vivado/2019.1/strategies/VDI2014.psg' discarded because strategy with same name already parsed from '/home/wei/Software/Vivado_2019_1/install/Vivado/2019.1/strategies/VDI2014.psg'
WARNING: [Runs 36-547] Tool Strategy 'Performance_ExplorePostRoutePhysOpt' from file '/home/wei/Software/Vivado_2019_1/install/Vivado/2019.1/strategies/VDI2014.psg' discarded because strategy with same name already parsed from '/home/wei/Software/Vivado_2019_1/install/Vivado/2019.1/strategies/VDI2014.psg'
WARNING: [Runs 36-547] Tool Strategy 'Performance_RefinePlacement' from file '/home/wei/Software/Vivado_2019_1/install/Vivado/2019.1/strategies/VDI2014.psg' discarded because strategy with same name already parsed from '/home/wei/Software/Vivado_2019_1/install/Vivado/2019.1/strategies/VDI2014.psg'
WARNING: [Runs 36-547] Tool Strategy 'Performance_WLBlockPlacement' from file '/home/wei/Software/Vivado_2019_1/install/Vivado/2019.1/strategies/VDI2014.psg' discarded because strategy with same name already parsed from '/home/wei/Software/Vivado_2019_1/install/Vivado/2019.1/strategies/VDI2014.psg'
WARNING: [Runs 36-547] Tool Strategy 'Performance_WLBlockPlacementFanoutOpt' from file '/home/wei/Software/Vivado_2019_1/install/Vivado/2019.1/strategies/VDI2014.psg' discarded because strategy with same name already parsed from '/home/wei/Software/Vivado_2019_1/install/Vivado/2019.1/strategies/VDI2014.psg'
WARNING: [Runs 36-547] Tool Strategy 'Performance_LateBlockPlacement' from file '/home/wei/Software/Vivado_2019_1/install/Vivado/2019.1/strategies/VDI2014.psg' discarded because strategy with same name already parsed from '/home/wei/Software/Vivado_2019_1/install/Vivado/2019.1/strategies/VDI2014.psg'
WARNING: [Runs 36-547] Tool Strategy 'Performance_NetDelay_high' from file '/home/wei/Software/Vivado_2019_1/install/Vivado/2019.1/strategies/VDI2014.psg' discarded because strategy with same name already parsed from '/home/wei/Software/Vivado_2019_1/install/Vivado/2019.1/strategies/VDI2014.psg'
WARNING: [Runs 36-547] Tool Strategy 'Performance_NetDelay_medium' from file '/home/wei/Software/Vivado_2019_1/install/Vivado/2019.1/strategies/VDI2014.psg' discarded because strategy with same name already parsed from '/home/wei/Software/Vivado_2019_1/install/Vivado/2019.1/strategies/VDI2014.psg'
WARNING: [Runs 36-547] Tool Strategy 'Performance_NetDelay_low' from file '/home/wei/Software/Vivado_2019_1/install/Vivado/2019.1/strategies/VDI2014.psg' discarded because strategy with same name already parsed from '/home/wei/Software/Vivado_2019_1/install/Vivado/2019.1/strategies/VDI2014.psg'
WARNING: [Runs 36-547] Tool Strategy 'Performance_ExploreSLLs' from file '/home/wei/Software/Vivado_2019_1/install/Vivado/2019.1/strategies/VDI2014.psg' discarded because strategy with same name already parsed from '/home/wei/Software/Vivado_2019_1/install/Vivado/2019.1/strategies/VDI2014.psg'
WARNING: [Runs 36-547] Tool Strategy 'Performance_Retiming' from file '/home/wei/Software/Vivado_2019_1/install/Vivado/2019.1/strategies/VDI2014.psg' discarded because strategy with same name already parsed from '/home/wei/Software/Vivado_2019_1/install/Vivado/2019.1/strategies/VDI2014.psg'
WARNING: [Runs 36-547] Tool Strategy 'Area_Explore' from file '/home/wei/Software/Vivado_2019_1/install/Vivado/2019.1/strategies/VDI2014.psg' discarded because strategy with same name already parsed from '/home/wei/Software/Vivado_2019_1/install/Vivado/2019.1/strategies/VDI2014.psg'
WARNING: [Runs 36-547] Tool Strategy 'Power_DefaultOpt' from file '/home/wei/Software/Vivado_2019_1/install/Vivado/2019.1/strategies/VDI2014.psg' discarded because strategy with same name already parsed from '/home/wei/Software/Vivado_2019_1/install/Vivado/2019.1/strategies/VDI2014.psg'
WARNING: [Runs 36-547] Tool Strategy 'Flow_RunPhysOpt' from file '/home/wei/Software/Vivado_2019_1/install/Vivado/2019.1/strategies/VDI2014.psg' discarded because strategy with same name already parsed from '/home/wei/Software/Vivado_2019_1/install/Vivado/2019.1/strategies/VDI2014.psg'
WARNING: [Runs 36-547] Tool Strategy 'Flow_RunPostRoutePhysOpt' from file '/home/wei/Software/Vivado_2019_1/install/Vivado/2019.1/strategies/VDI2014.psg' discarded because strategy with same name already parsed from '/home/wei/Software/Vivado_2019_1/install/Vivado/2019.1/strategies/VDI2014.psg'
WARNING: [Runs 36-547] Tool Strategy 'Flow_RuntimeOptimized' from file '/home/wei/Software/Vivado_2019_1/install/Vivado/2019.1/strategies/VDI2014.psg' discarded because strategy with same name already parsed from '/home/wei/Software/Vivado_2019_1/install/Vivado/2019.1/strategies/VDI2014.psg'
WARNING: [Runs 36-547] Tool Strategy 'Flow_Quick' from file '/home/wei/Software/Vivado_2019_1/install/Vivado/2019.1/strategies/VDI2014.psg' discarded because strategy with same name already parsed from '/home/wei/Software/Vivado_2019_1/install/Vivado/2019.1/strategies/VDI2014.psg'
WARNING: [Runs 36-547] Tool Strategy 'Congestion_SpreadLogic_high' from file '/home/wei/Software/Vivado_2019_1/install/Vivado/2019.1/strategies/VDI2014.psg' discarded because strategy with same name already parsed from '/home/wei/Software/Vivado_2019_1/install/Vivado/2019.1/strategies/VDI2014.psg'
WARNING: [Runs 36-547] Tool Strategy 'Congestion_SpreadLogic_medium' from file '/home/wei/Software/Vivado_2019_1/install/Vivado/2019.1/strategies/VDI2014.psg' discarded because strategy with same name already parsed from '/home/wei/Software/Vivado_2019_1/install/Vivado/2019.1/strategies/VDI2014.psg'
WARNING: [Runs 36-547] Tool Strategy 'Congestion_SpreadLogic_low' from file '/home/wei/Software/Vivado_2019_1/install/Vivado/2019.1/strategies/VDI2014.psg' discarded because strategy with same name already parsed from '/home/wei/Software/Vivado_2019_1/install/Vivado/2019.1/strategies/VDI2014.psg'
WARNING: [Runs 36-547] Tool Strategy 'Congestion_SpreadLogicSLLs' from file '/home/wei/Software/Vivado_2019_1/install/Vivado/2019.1/strategies/VDI2014.psg' discarded because strategy with same name already parsed from '/home/wei/Software/Vivado_2019_1/install/Vivado/2019.1/strategies/VDI2014.psg'
WARNING: [Runs 36-547] Tool Strategy 'Congestion_BalanceSLLs' from file '/home/wei/Software/Vivado_2019_1/install/Vivado/2019.1/strategies/VDI2014.psg' discarded because strategy with same name already parsed from '/home/wei/Software/Vivado_2019_1/install/Vivado/2019.1/strategies/VDI2014.psg'
WARNING: [Runs 36-547] Tool Strategy 'Congestion_BalanceSLRs' from file '/home/wei/Software/Vivado_2019_1/install/Vivado/2019.1/strategies/VDI2014.psg' discarded because strategy with same name already parsed from '/home/wei/Software/Vivado_2019_1/install/Vivado/2019.1/strategies/VDI2014.psg'
WARNING: [Runs 36-547] Tool Strategy 'Congestion_CompressSLRs' from file '/home/wei/Software/Vivado_2019_1/install/Vivado/2019.1/strategies/VDI2014.psg' discarded because strategy with same name already parsed from '/home/wei/Software/Vivado_2019_1/install/Vivado/2019.1/strategies/VDI2014.psg'
WARNING: [Runs 36-547] Tool Strategy 'Vivado Synthesis Defaults' from file '/home/wei/Software/Vivado_2019_1/install/Vivado/2019.1/strategies/VDS2012.psg' discarded because strategy with same name already parsed from '/home/wei/Software/Vivado_2019_1/install/Vivado/2019.1/strategies/VDS2012.psg'
WARNING: [Runs 36-547] Tool Strategy 'Vivado Synthesis Defaults' from file '/home/wei/Software/Vivado_2019_1/install/Vivado/2019.1/strategies/VDS2013.psg' discarded because strategy with same name already parsed from '/home/wei/Software/Vivado_2019_1/install/Vivado/2019.1/strategies/VDS2013.psg'
WARNING: [Runs 36-547] Tool Strategy 'Flow_RuntimeOptimized' from file '/home/wei/Software/Vivado_2019_1/install/Vivado/2019.1/strategies/VDS2013.psg' discarded because strategy with same name already parsed from '/home/wei/Software/Vivado_2019_1/install/Vivado/2019.1/strategies/VDS2013.psg'
WARNING: [Runs 36-547] Tool Strategy 'Vivado Synthesis Defaults' from file '/home/wei/Software/Vivado_2019_1/install/Vivado/2019.1/strategies/VDS2018.psg' discarded because strategy with same name already parsed from '/home/wei/Software/Vivado_2019_1/install/Vivado/2019.1/strategies/VDS2018.psg'
WARNING: [Runs 36-547] Tool Strategy 'Flow_AreaOptimized_high' from file '/home/wei/Software/Vivado_2019_1/install/Vivado/2019.1/strategies/VDS2018.psg' discarded because strategy with same name already parsed from '/home/wei/Software/Vivado_2019_1/install/Vivado/2019.1/strategies/VDS2018.psg'
WARNING: [Runs 36-547] Tool Strategy 'Flow_AreaOptimized_medium' from file '/home/wei/Software/Vivado_2019_1/install/Vivado/2019.1/strategies/VDS2018.psg' discarded because strategy with same name already parsed from '/home/wei/Software/Vivado_2019_1/install/Vivado/2019.1/strategies/VDS2018.psg'
WARNING: [Runs 36-547] Tool Strategy 'Flow_AreaMultThresholdDSP' from file '/home/wei/Software/Vivado_2019_1/install/Vivado/2019.1/strategies/VDS2018.psg' discarded because strategy with same name already parsed from '/home/wei/Software/Vivado_2019_1/install/Vivado/2019.1/strategies/VDS2018.psg'
INFO: [Common 17-14] Message 'Runs 36-547' appears 100 times and further instances of the messages will be disabled. Use the Tcl command set_msg_config to change the current settings.
WARNING: [Runs 36-546] Tool Report Strategy 'Vivado Synthesis Default Reports' from file '/home/wei/Software/Vivado_2019_1/install/Vivado/2019.1/reportstrategies/VRS2019.psg' discarded because strategy with same name already parsed from '/home/wei/Software/Vivado_2019_1/install/Vivado/2019.1/reportstrategies/VRS2019.psg'
WARNING: [Runs 36-546] Tool Report Strategy 'No Reports' from file '/home/wei/Software/Vivado_2019_1/install/Vivado/2019.1/reportstrategies/VRS2019.psg' discarded because strategy with same name already parsed from '/home/wei/Software/Vivado_2019_1/install/Vivado/2019.1/reportstrategies/VRS2019.psg'
WARNING: [Runs 36-546] Tool Report Strategy 'Vivado Synthesis Default Reports' from file '/home/wei/Software/Vivado_2019_1/install/Vivado/2019.1/reportstrategies/VRS2017.psg' discarded because strategy with same name already parsed from '/home/wei/Software/Vivado_2019_1/install/Vivado/2019.1/reportstrategies/VRS2017.psg'
WARNING: [Runs 36-546] Tool Report Strategy 'No Reports' from file '/home/wei/Software/Vivado_2019_1/install/Vivado/2019.1/reportstrategies/VRS2017.psg' discarded because strategy with same name already parsed from '/home/wei/Software/Vivado_2019_1/install/Vivado/2019.1/reportstrategies/VRS2017.psg'
WARNING: [Runs 36-546] Tool Report Strategy 'Vivado Implementation Default Reports' from file '/home/wei/Software/Vivado_2019_1/install/Vivado/2019.1/reportstrategies/VRI2019.psg' discarded because strategy with same name already parsed from '/home/wei/Software/Vivado_2019_1/install/Vivado/2019.1/reportstrategies/VRI2019.psg'
WARNING: [Runs 36-546] Tool Report Strategy 'UltraFast Design Methodology Reports' from file '/home/wei/Software/Vivado_2019_1/install/Vivado/2019.1/reportstrategies/VRI2019.psg' discarded because strategy with same name already parsed from '/home/wei/Software/Vivado_2019_1/install/Vivado/2019.1/reportstrategies/VRI2019.psg'
WARNING: [Runs 36-546] Tool Report Strategy 'Performance Explore Reports' from file '/home/wei/Software/Vivado_2019_1/install/Vivado/2019.1/reportstrategies/VRI2019.psg' discarded because strategy with same name already parsed from '/home/wei/Software/Vivado_2019_1/install/Vivado/2019.1/reportstrategies/VRI2019.psg'
WARNING: [Runs 36-546] Tool Report Strategy 'Timing Closure Reports' from file '/home/wei/Software/Vivado_2019_1/install/Vivado/2019.1/reportstrategies/VRI2019.psg' discarded because strategy with same name already parsed from '/home/wei/Software/Vivado_2019_1/install/Vivado/2019.1/reportstrategies/VRI2019.psg'
WARNING: [Runs 36-546] Tool Report Strategy 'No Reports' from file '/home/wei/Software/Vivado_2019_1/install/Vivado/2019.1/reportstrategies/VRI2019.psg' discarded because strategy with same name already parsed from '/home/wei/Software/Vivado_2019_1/install/Vivado/2019.1/reportstrategies/VRI2019.psg'
WARNING: [Runs 36-546] Tool Report Strategy 'Vivado Synthesis Default Reports' from file '/home/wei/Software/Vivado_2019_1/install/Vivado/2019.1/reportstrategies/VRS2018.psg' discarded because strategy with same name already parsed from '/home/wei/Software/Vivado_2019_1/install/Vivado/2019.1/reportstrategies/VRS2018.psg'
WARNING: [Runs 36-546] Tool Report Strategy 'No Reports' from file '/home/wei/Software/Vivado_2019_1/install/Vivado/2019.1/reportstrategies/VRS2018.psg' discarded because strategy with same name already parsed from '/home/wei/Software/Vivado_2019_1/install/Vivado/2019.1/reportstrategies/VRS2018.psg'
WARNING: [Runs 36-546] Tool Report Strategy 'Vivado Implementation Default Reports' from file '/home/wei/Software/Vivado_2019_1/install/Vivado/2019.1/reportstrategies/VRI2018.psg' discarded because strategy with same name already parsed from '/home/wei/Software/Vivado_2019_1/install/Vivado/2019.1/reportstrategies/VRI2018.psg'
WARNING: [Runs 36-546] Tool Report Strategy 'UltraFast Design Methodology Reports' from file '/home/wei/Software/Vivado_2019_1/install/Vivado/2019.1/reportstrategies/VRI2018.psg' discarded because strategy with same name already parsed from '/home/wei/Software/Vivado_2019_1/install/Vivado/2019.1/reportstrategies/VRI2018.psg'
WARNING: [Runs 36-546] Tool Report Strategy 'Performance Explore Reports' from file '/home/wei/Software/Vivado_2019_1/install/Vivado/2019.1/reportstrategies/VRI2018.psg' discarded because strategy with same name already parsed from '/home/wei/Software/Vivado_2019_1/install/Vivado/2019.1/reportstrategies/VRI2018.psg'
WARNING: [Runs 36-546] Tool Report Strategy 'Timing Closure Reports' from file '/home/wei/Software/Vivado_2019_1/install/Vivado/2019.1/reportstrategies/VRI2018.psg' discarded because strategy with same name already parsed from '/home/wei/Software/Vivado_2019_1/install/Vivado/2019.1/reportstrategies/VRI2018.psg'
WARNING: [Runs 36-546] Tool Report Strategy 'No Reports' from file '/home/wei/Software/Vivado_2019_1/install/Vivado/2019.1/reportstrategies/VRI2018.psg' discarded because strategy with same name already parsed from '/home/wei/Software/Vivado_2019_1/install/Vivado/2019.1/reportstrategies/VRI2018.psg'
WARNING: [Runs 36-546] Tool Report Strategy 'Vivado Implementation Default Reports' from file '/home/wei/Software/Vivado_2019_1/install/Vivado/2019.1/reportstrategies/VRI2017.psg' discarded because strategy with same name already parsed from '/home/wei/Software/Vivado_2019_1/install/Vivado/2019.1/reportstrategies/VRI2017.psg'
WARNING: [Runs 36-546] Tool Report Strategy 'UltraFast Design Methodology Reports' from file '/home/wei/Software/Vivado_2019_1/install/Vivado/2019.1/reportstrategies/VRI2017.psg' discarded because strategy with same name already parsed from '/home/wei/Software/Vivado_2019_1/install/Vivado/2019.1/reportstrategies/VRI2017.psg'
WARNING: [Runs 36-546] Tool Report Strategy 'Performance Explore Reports' from file '/home/wei/Software/Vivado_2019_1/install/Vivado/2019.1/reportstrategies/VRI2017.psg' discarded because strategy with same name already parsed from '/home/wei/Software/Vivado_2019_1/install/Vivado/2019.1/reportstrategies/VRI2017.psg'
WARNING: [Runs 36-546] Tool Report Strategy 'Timing Closure Reports' from file '/home/wei/Software/Vivado_2019_1/install/Vivado/2019.1/reportstrategies/VRI2017.psg' discarded because strategy with same name already parsed from '/home/wei/Software/Vivado_2019_1/install/Vivado/2019.1/reportstrategies/VRI2017.psg'
WARNING: [Runs 36-546] Tool Report Strategy 'No Reports' from file '/home/wei/Software/Vivado_2019_1/install/Vivado/2019.1/reportstrategies/VRI2017.psg' discarded because strategy with same name already parsed from '/home/wei/Software/Vivado_2019_1/install/Vivado/2019.1/reportstrategies/VRI2017.psg'
source /home/wei/casper/ZCU111/rfdc_multi_adc_cores/mode1/4096GSps/rfdc_one_adc_4096gsps/gogogo.tcl
# puts "Starting tcl script"
Starting tcl script
# create_project -f myproj /home/wei/casper/ZCU111/rfdc_multi_adc_cores/mode1/4096GSps/rfdc_one_adc_4096gsps/myproj -part xczu28dr-ffvg1517-2-e
# set_property target_language VHDL [current_project]
# import_files -force /home/wei/casper/ZCU111/rfdc_multi_adc_cores/mode1/4096GSps/rfdc_one_adc_4096gsps/top.v
# import_files -force /home/wei/casper/ZCU111/mlib_devel/jasper_library/hdl_sources/gpio_simulink2ext
# import_files -force /home/wei/casper/ZCU111/mlib_devel/jasper_library/hdl_sources/wb_register_ppc2simulink
# import_files -force /home/wei/casper/ZCU111/mlib_devel/jasper_library/hdl_sources/rfdc_V0_4/ADC1_R2R_2048.xci
INFO: [IP_Flow 19-234] Refreshing IP repositories
INFO: [IP_Flow 19-1704] No user IP repositories specified
INFO: [IP_Flow 19-2313] Loaded Vivado IP repository '/home/wei/Software/Vivado_2019_1/install/Vivado/2019.1/data/ip'.
WARNING: [IP_Flow 19-2162] IP 'ADC1_R2R_2048' is locked:
* IP definition 'Zynq Ultrascale+ RF Data Converter (2.1)' for IP 'ADC1_R2R_2048' (customized with software release 2018.3.1_AR71948) has a different revision in the IP Catalog.
# import_files -force /home/wei/casper/ZCU111/mlib_devel/jasper_library/hdl_sources/rfdc_V0_4/ADC2_R2R_2048.xci
WARNING: [IP_Flow 19-2162] IP 'ADC2_R2R_2048' is locked:
* IP definition 'Zynq Ultrascale+ RF Data Converter (2.1)' for IP 'ADC2_R2R_2048' (customized with software release 2018.3.1_AR71948) has a different revision in the IP Catalog.
# import_files -force /home/wei/casper/ZCU111/mlib_devel/jasper_library/hdl_sources/rfdc_V0_4/ADC4_R2R_2048.xci
WARNING: [IP_Flow 19-2162] IP 'ADC4_R2R_2048' is locked:
* IP definition 'Zynq Ultrascale+ RF Data Converter (2.1)' for IP 'ADC4_R2R_2048' (customized with software release 2018.3.1_AR71948) has a different revision in the IP Catalog.
# import_files -force /home/wei/casper/ZCU111/mlib_devel/jasper_library/hdl_sources/rfdc_V0_4/ADC8_R2R_2048.xci
WARNING: [IP_Flow 19-2162] IP 'ADC8_R2R_2048' is locked:
* IP definition 'Zynq Ultrascale+ RF Data Converter (2.1)' for IP 'ADC8_R2R_2048' (customized with software release 2018.3.1_AR71948) has a different revision in the IP Catalog.
# import_files -force /home/wei/casper/ZCU111/mlib_devel/jasper_library/hdl_sources/rfdc_V0_4/ADC1_R2R_4096.xci
WARNING: [IP_Flow 19-2162] IP 'ADC1_R2R_4096' is locked:
* IP definition 'Zynq Ultrascale+ RF Data Converter (2.1)' for IP 'ADC1_R2R_4096' (customized with software release 2018.3.1_AR71948) has a different revision in the IP Catalog.
# import_files -force /home/wei/casper/ZCU111/mlib_devel/jasper_library/hdl_sources/rfdc_V0_4/ADC2_R2R_4096.xci
WARNING: [IP_Flow 19-2162] IP 'ADC2_R2R_4096' is locked:
* IP definition 'Zynq Ultrascale+ RF Data Converter (2.1)' for IP 'ADC2_R2R_4096' (customized with software release 2018.3.1_AR71948) has a different revision in the IP Catalog.
# import_files -force /home/wei/casper/ZCU111/mlib_devel/jasper_library/hdl_sources/rfdc_V0_4/ADC4_R2R_4096.xci
WARNING: [IP_Flow 19-2162] IP 'ADC4_R2R_4096' is locked:
* IP definition 'Zynq Ultrascale+ RF Data Converter (2.1)' for IP 'ADC4_R2R_4096' (customized with software release 2018.3.1_AR71948) has a different revision in the IP Catalog.
# import_files -force /home/wei/casper/ZCU111/mlib_devel/jasper_library/hdl_sources/rfdc_V0_4/ADC8_R2R_4096.xci
WARNING: [IP_Flow 19-2162] IP 'ADC8_R2R_4096' is locked:
* IP definition 'Zynq Ultrascale+ RF Data Converter (2.1)' for IP 'ADC8_R2R_4096' (customized with software release 2018.3.1_AR71948) has a different revision in the IP Catalog.
# import_files -force /home/wei/casper/ZCU111/mlib_devel/jasper_library/hdl_sources/rfdc_V0_4/ADC8_R2R_MTS_2048.xci
WARNING: [IP_Flow 19-2162] IP 'ADC8_R2R_MTS_2048' is locked:
* IP definition 'Zynq Ultrascale+ RF Data Converter (2.1)' for IP 'ADC8_R2R_MTS_2048' (customized with software release 2018.3.1_AR71948) has a different revision in the IP Catalog.
# import_files -force /home/wei/casper/ZCU111/mlib_devel/jasper_library/hdl_sources/rfdc_V0_4/ADC8_R2R_MTS_4096.xci
WARNING: [IP_Flow 19-2162] IP 'ADC8_R2R_MTS_4096' is locked:
* IP definition 'Zynq Ultrascale+ RF Data Converter (2.1)' for IP 'ADC8_R2R_MTS_4096' (customized with software release 2018.3.1_AR71948) has a different revision in the IP Catalog.
# import_files -force /home/wei/casper/ZCU111/mlib_devel/jasper_library/hdl_sources/rfdc_V0_4/mts_sysref_sync.v
# import_files -force /home/wei/casper/ZCU111/mlib_devel/jasper_library/hdl_sources/wb_register_simulink2ppc
# import_files -force /home/wei/casper/ZCU111/mlib_devel/jasper_library/hdl_sources/infrastructure/zcu111_infrastructure.v
# import_files -force /home/wei/casper/ZCU111/mlib_devel/jasper_library/hdl_sources/utils/cdc_synchroniser.vhd
# import_files -force /home/wei/casper/ZCU111/mlib_devel/jasper_library/hdl_sources/sys_block
# import_files -force /home/wei/casper/ZCU111/rfdc_multi_adc_cores/mode1/4096GSps/rfdc_one_adc_4096gsps/sysgen/hdl_netlist/rfdc_one_adc_4096gsps.srcs/sources_1/imports/sysgen
# import_files -force /home/wei/casper/ZCU111/rfdc_multi_adc_cores/mode1/4096GSps/rfdc_one_adc_4096gsps/sysgen/hdl_netlist/rfdc_one_adc_4096gsps.srcs/sources_1/ip/rfdc_one_adc_4096gsps_c_counter_binary_v12_0_i2/rfdc_one_adc_4096gsps_c_counter_binary_v12_0_i2.xci
# import_files -force /home/wei/casper/ZCU111/rfdc_multi_adc_cores/mode1/4096GSps/rfdc_one_adc_4096gsps/sysgen/hdl_netlist/rfdc_one_adc_4096gsps.srcs/sources_1/ip/rfdc_one_adc_4096gsps_c_counter_binary_v12_0_i1/rfdc_one_adc_4096gsps_c_counter_binary_v12_0_i1.xci
# import_files -force /home/wei/casper/ZCU111/rfdc_multi_adc_cores/mode1/4096GSps/rfdc_one_adc_4096gsps/sysgen/hdl_netlist/rfdc_one_adc_4096gsps.srcs/sources_1/ip/rfdc_one_adc_4096gsps_c_counter_binary_v12_0_i0/rfdc_one_adc_4096gsps_c_counter_binary_v12_0_i0.xci
# import_files -force -fileset constrs_1 /home/wei/casper/ZCU111/rfdc_multi_adc_cores/mode1/4096GSps/rfdc_one_adc_4096gsps/user_const.xdc
# set_property top top [current_fileset]
# update_compile_order -fileset sources_1
# if {[llength [glob -nocomplain [get_property directory [current_project]]/myproj.srcs/sources_1/imports/*.coe]] > 0} {
# file copy -force {*}[glob [get_property directory [current_project]]/myproj.srcs/sources_1/imports/*.coe] [get_property directory [current_project]]/myproj.srcs/sources_1/ip/
# }
# upgrade_ip -quiet [get_ips *]
INFO: [Common 17-681] Processing pending cancel.
INFO: [Common 17-206] Exiting Vivado at Thu Feb 25 20:43:42 2021...
