#-----------------------------------------------------------
# Vivado v2019.1.3 (64-bit)
# SW Build 2644227 on Wed Sep  4 09:44:18 MDT 2019
# IP Build 2633630 on Wed Sep  4 12:30:14 MDT 2019
# Start of session at: Sat Oct 24 23:49:22 2020
# Process ID: 10373
# Current directory: /home/wei/casper/ZCU111/tenbge_tx_rx/zcu111_tengbe_tx_rx/sysgen
# Command line: vivado -mode batch -source ProjectGeneration.tcl -notrace
# Log file: /home/wei/casper/ZCU111/tenbge_tx_rx/zcu111_tengbe_tx_rx/sysgen/vivado.log
# Journal file: /home/wei/casper/ZCU111/tenbge_tx_rx/zcu111_tengbe_tx_rx/sysgen/vivado.jou
#-----------------------------------------------------------
WARNING: [Runs 36-547] Tool Strategy 'Vivado Implementation Defaults' from file '/home/wei/Software/Vivado_2019_1/install/Vivado/2019.1/strategies/VDI2018.psg' discarded because strategy with same name already parsed from '/home/wei/Software/Vivado_2019_1/install/Vivado/2019.1/strategies/VDI2018.psg'
WARNING: [Runs 36-547] Tool Strategy 'Performance_Explore' from file '/home/wei/Software/Vivado_2019_1/install/Vivado/2019.1/strategies/VDI2018.psg' discarded because strategy with same name already parsed from '/home/wei/Software/Vivado_2019_1/install/Vivado/2019.1/strategies/VDI2018.psg'
WARNING: [Runs 36-547] Tool Strategy 'Performance_ExplorePostRoutePhysOpt' from file '/home/wei/Software/Vivado_2019_1/install/Vivado/2019.1/strategies/VDI2018.psg' discarded because strategy with same name already parsed from '/home/wei/Software/Vivado_2019_1/install/Vivado/2019.1/strategies/VDI2018.psg'
WARNING: [Runs 36-547] Tool Strategy 'Performance_ExploreWithRemap' from file '/home/wei/Software/Vivado_2019_1/install/Vivado/2019.1/strategies/VDI2018.psg' discarded because strategy with same name already parsed from '/home/wei/Software/Vivado_2019_1/install/Vivado/2019.1/strategies/VDI2018.psg'
WARNING: [Runs 36-547] Tool Strategy 'Performance_WLBlockPlacement' from file '/home/wei/Software/Vivado_2019_1/install/Vivado/2019.1/strategies/VDI2018.psg' discarded because strategy with same name already parsed from '/home/wei/Software/Vivado_2019_1/install/Vivado/2019.1/strategies/VDI2018.psg'
WARNING: [Runs 36-547] Tool Strategy 'Performance_WLBlockPlacementFanoutOpt' from file '/home/wei/Software/Vivado_2019_1/install/Vivado/2019.1/strategies/VDI2018.psg' discarded because strategy with same name already parsed from '/home/wei/Software/Vivado_2019_1/install/Vivado/2019.1/strategies/VDI2018.psg'
WARNING: [Runs 36-547] Tool Strategy 'Performance_EarlyBlockPlacement' from file '/home/wei/Software/Vivado_2019_1/install/Vivado/2019.1/strategies/VDI2018.psg' discarded because strategy with same name already parsed from '/home/wei/Software/Vivado_2019_1/install/Vivado/2019.1/strategies/VDI2018.psg'
WARNING: [Runs 36-547] Tool Strategy 'Performance_NetDelay_high' from file '/home/wei/Software/Vivado_2019_1/install/Vivado/2019.1/strategies/VDI2018.psg' discarded because strategy with same name already parsed from '/home/wei/Software/Vivado_2019_1/install/Vivado/2019.1/strategies/VDI2018.psg'
WARNING: [Runs 36-547] Tool Strategy 'Performance_NetDelay_low' from file '/home/wei/Software/Vivado_2019_1/install/Vivado/2019.1/strategies/VDI2018.psg' discarded because strategy with same name already parsed from '/home/wei/Software/Vivado_2019_1/install/Vivado/2019.1/strategies/VDI2018.psg'
WARNING: [Runs 36-547] Tool Strategy 'Performance_Retiming' from file '/home/wei/Software/Vivado_2019_1/install/Vivado/2019.1/strategies/VDI2018.psg' discarded because strategy with same name already parsed from '/home/wei/Software/Vivado_2019_1/install/Vivado/2019.1/strategies/VDI2018.psg'
WARNING: [Runs 36-547] Tool Strategy 'Performance_ExtraTimingOpt' from file '/home/wei/Software/Vivado_2019_1/install/Vivado/2019.1/strategies/VDI2018.psg' discarded because strategy with same name already parsed from '/home/wei/Software/Vivado_2019_1/install/Vivado/2019.1/strategies/VDI2018.psg'
WARNING: [Runs 36-547] Tool Strategy 'Performance_RefinePlacement' from file '/home/wei/Software/Vivado_2019_1/install/Vivado/2019.1/strategies/VDI2018.psg' discarded because strategy with same name already parsed from '/home/wei/Software/Vivado_2019_1/install/Vivado/2019.1/strategies/VDI2018.psg'
WARNING: [Runs 36-547] Tool Strategy 'Performance_SpreadSLLs' from file '/home/wei/Software/Vivado_2019_1/install/Vivado/2019.1/strategies/VDI2018.psg' discarded because strategy with same name already parsed from '/home/wei/Software/Vivado_2019_1/install/Vivado/2019.1/strategies/VDI2018.psg'
WARNING: [Runs 36-547] Tool Strategy 'Performance_BalanceSLLs' from file '/home/wei/Software/Vivado_2019_1/install/Vivado/2019.1/strategies/VDI2018.psg' discarded because strategy with same name already parsed from '/home/wei/Software/Vivado_2019_1/install/Vivado/2019.1/strategies/VDI2018.psg'
WARNING: [Runs 36-547] Tool Strategy 'Performance_BalanceSLRs' from file '/home/wei/Software/Vivado_2019_1/install/Vivado/2019.1/strategies/VDI2018.psg' discarded because strategy with same name already parsed from '/home/wei/Software/Vivado_2019_1/install/Vivado/2019.1/strategies/VDI2018.psg'
WARNING: [Runs 36-547] Tool Strategy 'Performance_HighUtilSLRs' from file '/home/wei/Software/Vivado_2019_1/install/Vivado/2019.1/strategies/VDI2018.psg' discarded because strategy with same name already parsed from '/home/wei/Software/Vivado_2019_1/install/Vivado/2019.1/strategies/VDI2018.psg'
WARNING: [Runs 36-547] Tool Strategy 'Congestion_SpreadLogic_high' from file '/home/wei/Software/Vivado_2019_1/install/Vivado/2019.1/strategies/VDI2018.psg' discarded because strategy with same name already parsed from '/home/wei/Software/Vivado_2019_1/install/Vivado/2019.1/strategies/VDI2018.psg'
WARNING: [Runs 36-547] Tool Strategy 'Congestion_SpreadLogic_medium' from file '/home/wei/Software/Vivado_2019_1/install/Vivado/2019.1/strategies/VDI2018.psg' discarded because strategy with same name already parsed from '/home/wei/Software/Vivado_2019_1/install/Vivado/2019.1/strategies/VDI2018.psg'
WARNING: [Runs 36-547] Tool Strategy 'Congestion_SpreadLogic_low' from file '/home/wei/Software/Vivado_2019_1/install/Vivado/2019.1/strategies/VDI2018.psg' discarded because strategy with same name already parsed from '/home/wei/Software/Vivado_2019_1/install/Vivado/2019.1/strategies/VDI2018.psg'
WARNING: [Runs 36-547] Tool Strategy 'Congestion_SSI_SpreadLogic_high' from file '/home/wei/Software/Vivado_2019_1/install/Vivado/2019.1/strategies/VDI2018.psg' discarded because strategy with same name already parsed from '/home/wei/Software/Vivado_2019_1/install/Vivado/2019.1/strategies/VDI2018.psg'
WARNING: [Runs 36-547] Tool Strategy 'Congestion_SSI_SpreadLogic_low' from file '/home/wei/Software/Vivado_2019_1/install/Vivado/2019.1/strategies/VDI2018.psg' discarded because strategy with same name already parsed from '/home/wei/Software/Vivado_2019_1/install/Vivado/2019.1/strategies/VDI2018.psg'
WARNING: [Runs 36-547] Tool Strategy 'Area_Explore' from file '/home/wei/Software/Vivado_2019_1/install/Vivado/2019.1/strategies/VDI2018.psg' discarded because strategy with same name already parsed from '/home/wei/Software/Vivado_2019_1/install/Vivado/2019.1/strategies/VDI2018.psg'
WARNING: [Runs 36-547] Tool Strategy 'Area_ExploreSequential' from file '/home/wei/Software/Vivado_2019_1/install/Vivado/2019.1/strategies/VDI2018.psg' discarded because strategy with same name already parsed from '/home/wei/Software/Vivado_2019_1/install/Vivado/2019.1/strategies/VDI2018.psg'
WARNING: [Runs 36-547] Tool Strategy 'Area_ExploreWithRemap' from file '/home/wei/Software/Vivado_2019_1/install/Vivado/2019.1/strategies/VDI2018.psg' discarded because strategy with same name already parsed from '/home/wei/Software/Vivado_2019_1/install/Vivado/2019.1/strategies/VDI2018.psg'
WARNING: [Runs 36-547] Tool Strategy 'Power_DefaultOpt' from file '/home/wei/Software/Vivado_2019_1/install/Vivado/2019.1/strategies/VDI2018.psg' discarded because strategy with same name already parsed from '/home/wei/Software/Vivado_2019_1/install/Vivado/2019.1/strategies/VDI2018.psg'
WARNING: [Runs 36-547] Tool Strategy 'Power_ExploreArea' from file '/home/wei/Software/Vivado_2019_1/install/Vivado/2019.1/strategies/VDI2018.psg' discarded because strategy with same name already parsed from '/home/wei/Software/Vivado_2019_1/install/Vivado/2019.1/strategies/VDI2018.psg'
WARNING: [Runs 36-547] Tool Strategy 'Flow_RunPhysOpt' from file '/home/wei/Software/Vivado_2019_1/install/Vivado/2019.1/strategies/VDI2018.psg' discarded because strategy with same name already parsed from '/home/wei/Software/Vivado_2019_1/install/Vivado/2019.1/strategies/VDI2018.psg'
WARNING: [Runs 36-547] Tool Strategy 'Flow_RunPostRoutePhysOpt' from file '/home/wei/Software/Vivado_2019_1/install/Vivado/2019.1/strategies/VDI2018.psg' discarded because strategy with same name already parsed from '/home/wei/Software/Vivado_2019_1/install/Vivado/2019.1/strategies/VDI2018.psg'
WARNING: [Runs 36-547] Tool Strategy 'Flow_RuntimeOptimized' from file '/home/wei/Software/Vivado_2019_1/install/Vivado/2019.1/strategies/VDI2018.psg' discarded because strategy with same name already parsed from '/home/wei/Software/Vivado_2019_1/install/Vivado/2019.1/strategies/VDI2018.psg'
WARNING: [Runs 36-547] Tool Strategy 'Flow_Quick' from file '/home/wei/Software/Vivado_2019_1/install/Vivado/2019.1/strategies/VDI2018.psg' discarded because strategy with same name already parsed from '/home/wei/Software/Vivado_2019_1/install/Vivado/2019.1/strategies/VDI2018.psg'
WARNING: [Runs 36-547] Tool Strategy 'Vivado Synthesis Defaults' from file '/home/wei/Software/Vivado_2019_1/install/Vivado/2019.1/strategies/VDS2016.psg' discarded because strategy with same name already parsed from '/home/wei/Software/Vivado_2019_1/install/Vivado/2019.1/strategies/VDS2016.psg'
WARNING: [Runs 36-547] Tool Strategy 'Flow_AreaOptimized_high' from file '/home/wei/Software/Vivado_2019_1/install/Vivado/2019.1/strategies/VDS2016.psg' discarded because strategy with same name already parsed from '/home/wei/Software/Vivado_2019_1/install/Vivado/2019.1/strategies/VDS2016.psg'
WARNING: [Runs 36-547] Tool Strategy 'Flow_AreaOptimized_medium' from file '/home/wei/Software/Vivado_2019_1/install/Vivado/2019.1/strategies/VDS2016.psg' discarded because strategy with same name already parsed from '/home/wei/Software/Vivado_2019_1/install/Vivado/2019.1/strategies/VDS2016.psg'
WARNING: [Runs 36-547] Tool Strategy 'Flow_AreaMultThresholdDSP' from file '/home/wei/Software/Vivado_2019_1/install/Vivado/2019.1/strategies/VDS2016.psg' discarded because strategy with same name already parsed from '/home/wei/Software/Vivado_2019_1/install/Vivado/2019.1/strategies/VDS2016.psg'
WARNING: [Runs 36-547] Tool Strategy 'Flow_AlternateRoutability' from file '/home/wei/Software/Vivado_2019_1/install/Vivado/2019.1/strategies/VDS2016.psg' discarded because strategy with same name already parsed from '/home/wei/Software/Vivado_2019_1/install/Vivado/2019.1/strategies/VDS2016.psg'
WARNING: [Runs 36-547] Tool Strategy 'Flow_PerfOptimized_high' from file '/home/wei/Software/Vivado_2019_1/install/Vivado/2019.1/strategies/VDS2016.psg' discarded because strategy with same name already parsed from '/home/wei/Software/Vivado_2019_1/install/Vivado/2019.1/strategies/VDS2016.psg'
WARNING: [Runs 36-547] Tool Strategy 'Flow_PerfThresholdCarry' from file '/home/wei/Software/Vivado_2019_1/install/Vivado/2019.1/strategies/VDS2016.psg' discarded because strategy with same name already parsed from '/home/wei/Software/Vivado_2019_1/install/Vivado/2019.1/strategies/VDS2016.psg'
WARNING: [Runs 36-547] Tool Strategy 'Flow_RuntimeOptimized' from file '/home/wei/Software/Vivado_2019_1/install/Vivado/2019.1/strategies/VDS2016.psg' discarded because strategy with same name already parsed from '/home/wei/Software/Vivado_2019_1/install/Vivado/2019.1/strategies/VDS2016.psg'
WARNING: [Runs 36-547] Tool Strategy 'Vivado Implementation Defaults' from file '/home/wei/Software/Vivado_2019_1/install/Vivado/2019.1/strategies/VDI2019.psg' discarded because strategy with same name already parsed from '/home/wei/Software/Vivado_2019_1/install/Vivado/2019.1/strategies/VDI2019.psg'
WARNING: [Runs 36-547] Tool Strategy 'Performance_Explore' from file '/home/wei/Software/Vivado_2019_1/install/Vivado/2019.1/strategies/VDI2019.psg' discarded because strategy with same name already parsed from '/home/wei/Software/Vivado_2019_1/install/Vivado/2019.1/strategies/VDI2019.psg'
WARNING: [Runs 36-547] Tool Strategy 'Performance_ExplorePostRoutePhysOpt' from file '/home/wei/Software/Vivado_2019_1/install/Vivado/2019.1/strategies/VDI2019.psg' discarded because strategy with same name already parsed from '/home/wei/Software/Vivado_2019_1/install/Vivado/2019.1/strategies/VDI2019.psg'
WARNING: [Runs 36-547] Tool Strategy 'Performance_ExploreWithRemap' from file '/home/wei/Software/Vivado_2019_1/install/Vivado/2019.1/strategies/VDI2019.psg' discarded because strategy with same name already parsed from '/home/wei/Software/Vivado_2019_1/install/Vivado/2019.1/strategies/VDI2019.psg'
WARNING: [Runs 36-547] Tool Strategy 'Performance_WLBlockPlacement' from file '/home/wei/Software/Vivado_2019_1/install/Vivado/2019.1/strategies/VDI2019.psg' discarded because strategy with same name already parsed from '/home/wei/Software/Vivado_2019_1/install/Vivado/2019.1/strategies/VDI2019.psg'
WARNING: [Runs 36-547] Tool Strategy 'Performance_WLBlockPlacementFanoutOpt' from file '/home/wei/Software/Vivado_2019_1/install/Vivado/2019.1/strategies/VDI2019.psg' discarded because strategy with same name already parsed from '/home/wei/Software/Vivado_2019_1/install/Vivado/2019.1/strategies/VDI2019.psg'
WARNING: [Runs 36-547] Tool Strategy 'Performance_EarlyBlockPlacement' from file '/home/wei/Software/Vivado_2019_1/install/Vivado/2019.1/strategies/VDI2019.psg' discarded because strategy with same name already parsed from '/home/wei/Software/Vivado_2019_1/install/Vivado/2019.1/strategies/VDI2019.psg'
WARNING: [Runs 36-547] Tool Strategy 'Performance_NetDelay_high' from file '/home/wei/Software/Vivado_2019_1/install/Vivado/2019.1/strategies/VDI2019.psg' discarded because strategy with same name already parsed from '/home/wei/Software/Vivado_2019_1/install/Vivado/2019.1/strategies/VDI2019.psg'
WARNING: [Runs 36-547] Tool Strategy 'Performance_NetDelay_low' from file '/home/wei/Software/Vivado_2019_1/install/Vivado/2019.1/strategies/VDI2019.psg' discarded because strategy with same name already parsed from '/home/wei/Software/Vivado_2019_1/install/Vivado/2019.1/strategies/VDI2019.psg'
WARNING: [Runs 36-547] Tool Strategy 'Performance_Retiming' from file '/home/wei/Software/Vivado_2019_1/install/Vivado/2019.1/strategies/VDI2019.psg' discarded because strategy with same name already parsed from '/home/wei/Software/Vivado_2019_1/install/Vivado/2019.1/strategies/VDI2019.psg'
WARNING: [Runs 36-547] Tool Strategy 'Performance_ExtraTimingOpt' from file '/home/wei/Software/Vivado_2019_1/install/Vivado/2019.1/strategies/VDI2019.psg' discarded because strategy with same name already parsed from '/home/wei/Software/Vivado_2019_1/install/Vivado/2019.1/strategies/VDI2019.psg'
WARNING: [Runs 36-547] Tool Strategy 'Performance_RefinePlacement' from file '/home/wei/Software/Vivado_2019_1/install/Vivado/2019.1/strategies/VDI2019.psg' discarded because strategy with same name already parsed from '/home/wei/Software/Vivado_2019_1/install/Vivado/2019.1/strategies/VDI2019.psg'
WARNING: [Runs 36-547] Tool Strategy 'Performance_SpreadSLLs' from file '/home/wei/Software/Vivado_2019_1/install/Vivado/2019.1/strategies/VDI2019.psg' discarded because strategy with same name already parsed from '/home/wei/Software/Vivado_2019_1/install/Vivado/2019.1/strategies/VDI2019.psg'
WARNING: [Runs 36-547] Tool Strategy 'Performance_BalanceSLLs' from file '/home/wei/Software/Vivado_2019_1/install/Vivado/2019.1/strategies/VDI2019.psg' discarded because strategy with same name already parsed from '/home/wei/Software/Vivado_2019_1/install/Vivado/2019.1/strategies/VDI2019.psg'
WARNING: [Runs 36-547] Tool Strategy 'Performance_BalanceSLRs' from file '/home/wei/Software/Vivado_2019_1/install/Vivado/2019.1/strategies/VDI2019.psg' discarded because strategy with same name already parsed from '/home/wei/Software/Vivado_2019_1/install/Vivado/2019.1/strategies/VDI2019.psg'
WARNING: [Runs 36-547] Tool Strategy 'Performance_HighUtilSLRs' from file '/home/wei/Software/Vivado_2019_1/install/Vivado/2019.1/strategies/VDI2019.psg' discarded because strategy with same name already parsed from '/home/wei/Software/Vivado_2019_1/install/Vivado/2019.1/strategies/VDI2019.psg'
WARNING: [Runs 36-547] Tool Strategy 'Congestion_SpreadLogic_high' from file '/home/wei/Software/Vivado_2019_1/install/Vivado/2019.1/strategies/VDI2019.psg' discarded because strategy with same name already parsed from '/home/wei/Software/Vivado_2019_1/install/Vivado/2019.1/strategies/VDI2019.psg'
WARNING: [Runs 36-547] Tool Strategy 'Congestion_SpreadLogic_medium' from file '/home/wei/Software/Vivado_2019_1/install/Vivado/2019.1/strategies/VDI2019.psg' discarded because strategy with same name already parsed from '/home/wei/Software/Vivado_2019_1/install/Vivado/2019.1/strategies/VDI2019.psg'
WARNING: [Runs 36-547] Tool Strategy 'Congestion_SpreadLogic_low' from file '/home/wei/Software/Vivado_2019_1/install/Vivado/2019.1/strategies/VDI2019.psg' discarded because strategy with same name already parsed from '/home/wei/Software/Vivado_2019_1/install/Vivado/2019.1/strategies/VDI2019.psg'
WARNING: [Runs 36-547] Tool Strategy 'Congestion_SSI_SpreadLogic_high' from file '/home/wei/Software/Vivado_2019_1/install/Vivado/2019.1/strategies/VDI2019.psg' discarded because strategy with same name already parsed from '/home/wei/Software/Vivado_2019_1/install/Vivado/2019.1/strategies/VDI2019.psg'
WARNING: [Runs 36-547] Tool Strategy 'Congestion_SSI_SpreadLogic_low' from file '/home/wei/Software/Vivado_2019_1/install/Vivado/2019.1/strategies/VDI2019.psg' discarded because strategy with same name already parsed from '/home/wei/Software/Vivado_2019_1/install/Vivado/2019.1/strategies/VDI2019.psg'
WARNING: [Runs 36-547] Tool Strategy 'Area_Explore' from file '/home/wei/Software/Vivado_2019_1/install/Vivado/2019.1/strategies/VDI2019.psg' discarded because strategy with same name already parsed from '/home/wei/Software/Vivado_2019_1/install/Vivado/2019.1/strategies/VDI2019.psg'
WARNING: [Runs 36-547] Tool Strategy 'Area_ExploreSequential' from file '/home/wei/Software/Vivado_2019_1/install/Vivado/2019.1/strategies/VDI2019.psg' discarded because strategy with same name already parsed from '/home/wei/Software/Vivado_2019_1/install/Vivado/2019.1/strategies/VDI2019.psg'
WARNING: [Runs 36-547] Tool Strategy 'Area_ExploreWithRemap' from file '/home/wei/Software/Vivado_2019_1/install/Vivado/2019.1/strategies/VDI2019.psg' discarded because strategy with same name already parsed from '/home/wei/Software/Vivado_2019_1/install/Vivado/2019.1/strategies/VDI2019.psg'
WARNING: [Runs 36-547] Tool Strategy 'Power_DefaultOpt' from file '/home/wei/Software/Vivado_2019_1/install/Vivado/2019.1/strategies/VDI2019.psg' discarded because strategy with same name already parsed from '/home/wei/Software/Vivado_2019_1/install/Vivado/2019.1/strategies/VDI2019.psg'
WARNING: [Runs 36-547] Tool Strategy 'Power_ExploreArea' from file '/home/wei/Software/Vivado_2019_1/install/Vivado/2019.1/strategies/VDI2019.psg' discarded because strategy with same name already parsed from '/home/wei/Software/Vivado_2019_1/install/Vivado/2019.1/strategies/VDI2019.psg'
WARNING: [Runs 36-547] Tool Strategy 'Flow_RunPhysOpt' from file '/home/wei/Software/Vivado_2019_1/install/Vivado/2019.1/strategies/VDI2019.psg' discarded because strategy with same name already parsed from '/home/wei/Software/Vivado_2019_1/install/Vivado/2019.1/strategies/VDI2019.psg'
WARNING: [Runs 36-547] Tool Strategy 'Flow_RunPostRoutePhysOpt' from file '/home/wei/Software/Vivado_2019_1/install/Vivado/2019.1/strategies/VDI2019.psg' discarded because strategy with same name already parsed from '/home/wei/Software/Vivado_2019_1/install/Vivado/2019.1/strategies/VDI2019.psg'
WARNING: [Runs 36-547] Tool Strategy 'Flow_RuntimeOptimized' from file '/home/wei/Software/Vivado_2019_1/install/Vivado/2019.1/strategies/VDI2019.psg' discarded because strategy with same name already parsed from '/home/wei/Software/Vivado_2019_1/install/Vivado/2019.1/strategies/VDI2019.psg'
WARNING: [Runs 36-547] Tool Strategy 'Flow_Quick' from file '/home/wei/Software/Vivado_2019_1/install/Vivado/2019.1/strategies/VDI2019.psg' discarded because strategy with same name already parsed from '/home/wei/Software/Vivado_2019_1/install/Vivado/2019.1/strategies/VDI2019.psg'
WARNING: [Runs 36-547] Tool Strategy 'Vivado Implementation Defaults' from file '/home/wei/Software/Vivado_2019_1/install/Vivado/2019.1/strategies/VDI2014.psg' discarded because strategy with same name already parsed from '/home/wei/Software/Vivado_2019_1/install/Vivado/2019.1/strategies/VDI2014.psg'
WARNING: [Runs 36-547] Tool Strategy 'Performance_Explore' from file '/home/wei/Software/Vivado_2019_1/install/Vivado/2019.1/strategies/VDI2014.psg' discarded because strategy with same name already parsed from '/home/wei/Software/Vivado_2019_1/install/Vivado/2019.1/strategies/VDI2014.psg'
WARNING: [Runs 36-547] Tool Strategy 'Performance_ExplorePostRoutePhysOpt' from file '/home/wei/Software/Vivado_2019_1/install/Vivado/2019.1/strategies/VDI2014.psg' discarded because strategy with same name already parsed from '/home/wei/Software/Vivado_2019_1/install/Vivado/2019.1/strategies/VDI2014.psg'
WARNING: [Runs 36-547] Tool Strategy 'Performance_RefinePlacement' from file '/home/wei/Software/Vivado_2019_1/install/Vivado/2019.1/strategies/VDI2014.psg' discarded because strategy with same name already parsed from '/home/wei/Software/Vivado_2019_1/install/Vivado/2019.1/strategies/VDI2014.psg'
WARNING: [Runs 36-547] Tool Strategy 'Performance_WLBlockPlacement' from file '/home/wei/Software/Vivado_2019_1/install/Vivado/2019.1/strategies/VDI2014.psg' discarded because strategy with same name already parsed from '/home/wei/Software/Vivado_2019_1/install/Vivado/2019.1/strategies/VDI2014.psg'
WARNING: [Runs 36-547] Tool Strategy 'Performance_WLBlockPlacementFanoutOpt' from file '/home/wei/Software/Vivado_2019_1/install/Vivado/2019.1/strategies/VDI2014.psg' discarded because strategy with same name already parsed from '/home/wei/Software/Vivado_2019_1/install/Vivado/2019.1/strategies/VDI2014.psg'
WARNING: [Runs 36-547] Tool Strategy 'Performance_LateBlockPlacement' from file '/home/wei/Software/Vivado_2019_1/install/Vivado/2019.1/strategies/VDI2014.psg' discarded because strategy with same name already parsed from '/home/wei/Software/Vivado_2019_1/install/Vivado/2019.1/strategies/VDI2014.psg'
WARNING: [Runs 36-547] Tool Strategy 'Performance_NetDelay_high' from file '/home/wei/Software/Vivado_2019_1/install/Vivado/2019.1/strategies/VDI2014.psg' discarded because strategy with same name already parsed from '/home/wei/Software/Vivado_2019_1/install/Vivado/2019.1/strategies/VDI2014.psg'
WARNING: [Runs 36-547] Tool Strategy 'Performance_NetDelay_medium' from file '/home/wei/Software/Vivado_2019_1/install/Vivado/2019.1/strategies/VDI2014.psg' discarded because strategy with same name already parsed from '/home/wei/Software/Vivado_2019_1/install/Vivado/2019.1/strategies/VDI2014.psg'
WARNING: [Runs 36-547] Tool Strategy 'Performance_NetDelay_low' from file '/home/wei/Software/Vivado_2019_1/install/Vivado/2019.1/strategies/VDI2014.psg' discarded because strategy with same name already parsed from '/home/wei/Software/Vivado_2019_1/install/Vivado/2019.1/strategies/VDI2014.psg'
WARNING: [Runs 36-547] Tool Strategy 'Performance_ExploreSLLs' from file '/home/wei/Software/Vivado_2019_1/install/Vivado/2019.1/strategies/VDI2014.psg' discarded because strategy with same name already parsed from '/home/wei/Software/Vivado_2019_1/install/Vivado/2019.1/strategies/VDI2014.psg'
WARNING: [Runs 36-547] Tool Strategy 'Performance_Retiming' from file '/home/wei/Software/Vivado_2019_1/install/Vivado/2019.1/strategies/VDI2014.psg' discarded because strategy with same name already parsed from '/home/wei/Software/Vivado_2019_1/install/Vivado/2019.1/strategies/VDI2014.psg'
WARNING: [Runs 36-547] Tool Strategy 'Area_Explore' from file '/home/wei/Software/Vivado_2019_1/install/Vivado/2019.1/strategies/VDI2014.psg' discarded because strategy with same name already parsed from '/home/wei/Software/Vivado_2019_1/install/Vivado/2019.1/strategies/VDI2014.psg'
WARNING: [Runs 36-547] Tool Strategy 'Power_DefaultOpt' from file '/home/wei/Software/Vivado_2019_1/install/Vivado/2019.1/strategies/VDI2014.psg' discarded because strategy with same name already parsed from '/home/wei/Software/Vivado_2019_1/install/Vivado/2019.1/strategies/VDI2014.psg'
WARNING: [Runs 36-547] Tool Strategy 'Flow_RunPhysOpt' from file '/home/wei/Software/Vivado_2019_1/install/Vivado/2019.1/strategies/VDI2014.psg' discarded because strategy with same name already parsed from '/home/wei/Software/Vivado_2019_1/install/Vivado/2019.1/strategies/VDI2014.psg'
WARNING: [Runs 36-547] Tool Strategy 'Flow_RunPostRoutePhysOpt' from file '/home/wei/Software/Vivado_2019_1/install/Vivado/2019.1/strategies/VDI2014.psg' discarded because strategy with same name already parsed from '/home/wei/Software/Vivado_2019_1/install/Vivado/2019.1/strategies/VDI2014.psg'
WARNING: [Runs 36-547] Tool Strategy 'Flow_RuntimeOptimized' from file '/home/wei/Software/Vivado_2019_1/install/Vivado/2019.1/strategies/VDI2014.psg' discarded because strategy with same name already parsed from '/home/wei/Software/Vivado_2019_1/install/Vivado/2019.1/strategies/VDI2014.psg'
WARNING: [Runs 36-547] Tool Strategy 'Flow_Quick' from file '/home/wei/Software/Vivado_2019_1/install/Vivado/2019.1/strategies/VDI2014.psg' discarded because strategy with same name already parsed from '/home/wei/Software/Vivado_2019_1/install/Vivado/2019.1/strategies/VDI2014.psg'
WARNING: [Runs 36-547] Tool Strategy 'Congestion_SpreadLogic_high' from file '/home/wei/Software/Vivado_2019_1/install/Vivado/2019.1/strategies/VDI2014.psg' discarded because strategy with same name already parsed from '/home/wei/Software/Vivado_2019_1/install/Vivado/2019.1/strategies/VDI2014.psg'
WARNING: [Runs 36-547] Tool Strategy 'Congestion_SpreadLogic_medium' from file '/home/wei/Software/Vivado_2019_1/install/Vivado/2019.1/strategies/VDI2014.psg' discarded because strategy with same name already parsed from '/home/wei/Software/Vivado_2019_1/install/Vivado/2019.1/strategies/VDI2014.psg'
WARNING: [Runs 36-547] Tool Strategy 'Congestion_SpreadLogic_low' from file '/home/wei/Software/Vivado_2019_1/install/Vivado/2019.1/strategies/VDI2014.psg' discarded because strategy with same name already parsed from '/home/wei/Software/Vivado_2019_1/install/Vivado/2019.1/strategies/VDI2014.psg'
WARNING: [Runs 36-547] Tool Strategy 'Congestion_SpreadLogicSLLs' from file '/home/wei/Software/Vivado_2019_1/install/Vivado/2019.1/strategies/VDI2014.psg' discarded because strategy with same name already parsed from '/home/wei/Software/Vivado_2019_1/install/Vivado/2019.1/strategies/VDI2014.psg'
WARNING: [Runs 36-547] Tool Strategy 'Congestion_BalanceSLLs' from file '/home/wei/Software/Vivado_2019_1/install/Vivado/2019.1/strategies/VDI2014.psg' discarded because strategy with same name already parsed from '/home/wei/Software/Vivado_2019_1/install/Vivado/2019.1/strategies/VDI2014.psg'
WARNING: [Runs 36-547] Tool Strategy 'Congestion_BalanceSLRs' from file '/home/wei/Software/Vivado_2019_1/install/Vivado/2019.1/strategies/VDI2014.psg' discarded because strategy with same name already parsed from '/home/wei/Software/Vivado_2019_1/install/Vivado/2019.1/strategies/VDI2014.psg'
WARNING: [Runs 36-547] Tool Strategy 'Congestion_CompressSLRs' from file '/home/wei/Software/Vivado_2019_1/install/Vivado/2019.1/strategies/VDI2014.psg' discarded because strategy with same name already parsed from '/home/wei/Software/Vivado_2019_1/install/Vivado/2019.1/strategies/VDI2014.psg'
WARNING: [Runs 36-547] Tool Strategy 'Vivado Synthesis Defaults' from file '/home/wei/Software/Vivado_2019_1/install/Vivado/2019.1/strategies/VDS2012.psg' discarded because strategy with same name already parsed from '/home/wei/Software/Vivado_2019_1/install/Vivado/2019.1/strategies/VDS2012.psg'
WARNING: [Runs 36-547] Tool Strategy 'Vivado Synthesis Defaults' from file '/home/wei/Software/Vivado_2019_1/install/Vivado/2019.1/strategies/VDS2013.psg' discarded because strategy with same name already parsed from '/home/wei/Software/Vivado_2019_1/install/Vivado/2019.1/strategies/VDS2013.psg'
WARNING: [Runs 36-547] Tool Strategy 'Flow_RuntimeOptimized' from file '/home/wei/Software/Vivado_2019_1/install/Vivado/2019.1/strategies/VDS2013.psg' discarded because strategy with same name already parsed from '/home/wei/Software/Vivado_2019_1/install/Vivado/2019.1/strategies/VDS2013.psg'
WARNING: [Runs 36-547] Tool Strategy 'Vivado Synthesis Defaults' from file '/home/wei/Software/Vivado_2019_1/install/Vivado/2019.1/strategies/VDS2018.psg' discarded because strategy with same name already parsed from '/home/wei/Software/Vivado_2019_1/install/Vivado/2019.1/strategies/VDS2018.psg'
WARNING: [Runs 36-547] Tool Strategy 'Flow_AreaOptimized_high' from file '/home/wei/Software/Vivado_2019_1/install/Vivado/2019.1/strategies/VDS2018.psg' discarded because strategy with same name already parsed from '/home/wei/Software/Vivado_2019_1/install/Vivado/2019.1/strategies/VDS2018.psg'
WARNING: [Runs 36-547] Tool Strategy 'Flow_AreaOptimized_medium' from file '/home/wei/Software/Vivado_2019_1/install/Vivado/2019.1/strategies/VDS2018.psg' discarded because strategy with same name already parsed from '/home/wei/Software/Vivado_2019_1/install/Vivado/2019.1/strategies/VDS2018.psg'
WARNING: [Runs 36-547] Tool Strategy 'Flow_AreaMultThresholdDSP' from file '/home/wei/Software/Vivado_2019_1/install/Vivado/2019.1/strategies/VDS2018.psg' discarded because strategy with same name already parsed from '/home/wei/Software/Vivado_2019_1/install/Vivado/2019.1/strategies/VDS2018.psg'
INFO: [Common 17-14] Message 'Runs 36-547' appears 100 times and further instances of the messages will be disabled. Use the Tcl command set_msg_config to change the current settings.
WARNING: [Runs 36-546] Tool Report Strategy 'Vivado Synthesis Default Reports' from file '/home/wei/Software/Vivado_2019_1/install/Vivado/2019.1/reportstrategies/VRS2019.psg' discarded because strategy with same name already parsed from '/home/wei/Software/Vivado_2019_1/install/Vivado/2019.1/reportstrategies/VRS2019.psg'
WARNING: [Runs 36-546] Tool Report Strategy 'No Reports' from file '/home/wei/Software/Vivado_2019_1/install/Vivado/2019.1/reportstrategies/VRS2019.psg' discarded because strategy with same name already parsed from '/home/wei/Software/Vivado_2019_1/install/Vivado/2019.1/reportstrategies/VRS2019.psg'
WARNING: [Runs 36-546] Tool Report Strategy 'Vivado Synthesis Default Reports' from file '/home/wei/Software/Vivado_2019_1/install/Vivado/2019.1/reportstrategies/VRS2017.psg' discarded because strategy with same name already parsed from '/home/wei/Software/Vivado_2019_1/install/Vivado/2019.1/reportstrategies/VRS2017.psg'
WARNING: [Runs 36-546] Tool Report Strategy 'No Reports' from file '/home/wei/Software/Vivado_2019_1/install/Vivado/2019.1/reportstrategies/VRS2017.psg' discarded because strategy with same name already parsed from '/home/wei/Software/Vivado_2019_1/install/Vivado/2019.1/reportstrategies/VRS2017.psg'
WARNING: [Runs 36-546] Tool Report Strategy 'Vivado Implementation Default Reports' from file '/home/wei/Software/Vivado_2019_1/install/Vivado/2019.1/reportstrategies/VRI2019.psg' discarded because strategy with same name already parsed from '/home/wei/Software/Vivado_2019_1/install/Vivado/2019.1/reportstrategies/VRI2019.psg'
WARNING: [Runs 36-546] Tool Report Strategy 'UltraFast Design Methodology Reports' from file '/home/wei/Software/Vivado_2019_1/install/Vivado/2019.1/reportstrategies/VRI2019.psg' discarded because strategy with same name already parsed from '/home/wei/Software/Vivado_2019_1/install/Vivado/2019.1/reportstrategies/VRI2019.psg'
WARNING: [Runs 36-546] Tool Report Strategy 'Performance Explore Reports' from file '/home/wei/Software/Vivado_2019_1/install/Vivado/2019.1/reportstrategies/VRI2019.psg' discarded because strategy with same name already parsed from '/home/wei/Software/Vivado_2019_1/install/Vivado/2019.1/reportstrategies/VRI2019.psg'
WARNING: [Runs 36-546] Tool Report Strategy 'Timing Closure Reports' from file '/home/wei/Software/Vivado_2019_1/install/Vivado/2019.1/reportstrategies/VRI2019.psg' discarded because strategy with same name already parsed from '/home/wei/Software/Vivado_2019_1/install/Vivado/2019.1/reportstrategies/VRI2019.psg'
WARNING: [Runs 36-546] Tool Report Strategy 'No Reports' from file '/home/wei/Software/Vivado_2019_1/install/Vivado/2019.1/reportstrategies/VRI2019.psg' discarded because strategy with same name already parsed from '/home/wei/Software/Vivado_2019_1/install/Vivado/2019.1/reportstrategies/VRI2019.psg'
WARNING: [Runs 36-546] Tool Report Strategy 'Vivado Synthesis Default Reports' from file '/home/wei/Software/Vivado_2019_1/install/Vivado/2019.1/reportstrategies/VRS2018.psg' discarded because strategy with same name already parsed from '/home/wei/Software/Vivado_2019_1/install/Vivado/2019.1/reportstrategies/VRS2018.psg'
WARNING: [Runs 36-546] Tool Report Strategy 'No Reports' from file '/home/wei/Software/Vivado_2019_1/install/Vivado/2019.1/reportstrategies/VRS2018.psg' discarded because strategy with same name already parsed from '/home/wei/Software/Vivado_2019_1/install/Vivado/2019.1/reportstrategies/VRS2018.psg'
WARNING: [Runs 36-546] Tool Report Strategy 'Vivado Implementation Default Reports' from file '/home/wei/Software/Vivado_2019_1/install/Vivado/2019.1/reportstrategies/VRI2018.psg' discarded because strategy with same name already parsed from '/home/wei/Software/Vivado_2019_1/install/Vivado/2019.1/reportstrategies/VRI2018.psg'
WARNING: [Runs 36-546] Tool Report Strategy 'UltraFast Design Methodology Reports' from file '/home/wei/Software/Vivado_2019_1/install/Vivado/2019.1/reportstrategies/VRI2018.psg' discarded because strategy with same name already parsed from '/home/wei/Software/Vivado_2019_1/install/Vivado/2019.1/reportstrategies/VRI2018.psg'
WARNING: [Runs 36-546] Tool Report Strategy 'Performance Explore Reports' from file '/home/wei/Software/Vivado_2019_1/install/Vivado/2019.1/reportstrategies/VRI2018.psg' discarded because strategy with same name already parsed from '/home/wei/Software/Vivado_2019_1/install/Vivado/2019.1/reportstrategies/VRI2018.psg'
WARNING: [Runs 36-546] Tool Report Strategy 'Timing Closure Reports' from file '/home/wei/Software/Vivado_2019_1/install/Vivado/2019.1/reportstrategies/VRI2018.psg' discarded because strategy with same name already parsed from '/home/wei/Software/Vivado_2019_1/install/Vivado/2019.1/reportstrategies/VRI2018.psg'
WARNING: [Runs 36-546] Tool Report Strategy 'No Reports' from file '/home/wei/Software/Vivado_2019_1/install/Vivado/2019.1/reportstrategies/VRI2018.psg' discarded because strategy with same name already parsed from '/home/wei/Software/Vivado_2019_1/install/Vivado/2019.1/reportstrategies/VRI2018.psg'
WARNING: [Runs 36-546] Tool Report Strategy 'Vivado Implementation Default Reports' from file '/home/wei/Software/Vivado_2019_1/install/Vivado/2019.1/reportstrategies/VRI2017.psg' discarded because strategy with same name already parsed from '/home/wei/Software/Vivado_2019_1/install/Vivado/2019.1/reportstrategies/VRI2017.psg'
WARNING: [Runs 36-546] Tool Report Strategy 'UltraFast Design Methodology Reports' from file '/home/wei/Software/Vivado_2019_1/install/Vivado/2019.1/reportstrategies/VRI2017.psg' discarded because strategy with same name already parsed from '/home/wei/Software/Vivado_2019_1/install/Vivado/2019.1/reportstrategies/VRI2017.psg'
WARNING: [Runs 36-546] Tool Report Strategy 'Performance Explore Reports' from file '/home/wei/Software/Vivado_2019_1/install/Vivado/2019.1/reportstrategies/VRI2017.psg' discarded because strategy with same name already parsed from '/home/wei/Software/Vivado_2019_1/install/Vivado/2019.1/reportstrategies/VRI2017.psg'
WARNING: [Runs 36-546] Tool Report Strategy 'Timing Closure Reports' from file '/home/wei/Software/Vivado_2019_1/install/Vivado/2019.1/reportstrategies/VRI2017.psg' discarded because strategy with same name already parsed from '/home/wei/Software/Vivado_2019_1/install/Vivado/2019.1/reportstrategies/VRI2017.psg'
WARNING: [Runs 36-546] Tool Report Strategy 'No Reports' from file '/home/wei/Software/Vivado_2019_1/install/Vivado/2019.1/reportstrategies/VRI2017.psg' discarded because strategy with same name already parsed from '/home/wei/Software/Vivado_2019_1/install/Vivado/2019.1/reportstrategies/VRI2017.psg'
source ProjectGeneration.tcl -notrace
WARNING: [Coretcl 2-176] No IPs found
INFO: [IP_Flow 19-234] Refreshing IP repositories
INFO: [IP_Flow 19-1704] No user IP repositories specified
INFO: [IP_Flow 19-2313] Loaded Vivado IP repository '/home/wei/Software/Vivado_2019_1/install/Vivado/2019.1/data/ip'.
WARNING: [IP_Flow 19-4832] The IP name 'zcu111_tengbe_tx_rx_c_counter_binary_v12_0_i0' you have specified is long. The Windows operating system has path length limitations. It is recommended you use shorter names to reduce the likelihood of issues.
WARNING: [Vivado 12-3523] Attempt to change 'Component_Name' from 'zcu111_tengbe_tx_rx_c_counter_binary_v12_0_i0' to 'zcu111_tengbe_tx_rx_c_counter_binary_v12_0_i0' is not allowed and is ignored.
WARNING: [IP_Flow 19-4832] The IP name 'zcu111_tengbe_tx_rx_c_counter_binary_v12_0_i1' you have specified is long. The Windows operating system has path length limitations. It is recommended you use shorter names to reduce the likelihood of issues.
WARNING: [Vivado 12-3523] Attempt to change 'Component_Name' from 'zcu111_tengbe_tx_rx_c_counter_binary_v12_0_i1' to 'zcu111_tengbe_tx_rx_c_counter_binary_v12_0_i1' is not allowed and is ignored.
WARNING: [IP_Flow 19-4832] The IP name 'zcu111_tengbe_tx_rx_c_counter_binary_v12_0_i2' you have specified is long. The Windows operating system has path length limitations. It is recommended you use shorter names to reduce the likelihood of issues.
WARNING: [Vivado 12-3523] Attempt to change 'Component_Name' from 'zcu111_tengbe_tx_rx_c_counter_binary_v12_0_i2' to 'zcu111_tengbe_tx_rx_c_counter_binary_v12_0_i2' is not allowed and is ignored.
WARNING: [IP_Flow 19-4832] The IP name 'zcu111_tengbe_tx_rx_c_counter_binary_v12_0_i3' you have specified is long. The Windows operating system has path length limitations. It is recommended you use shorter names to reduce the likelihood of issues.
WARNING: [Vivado 12-3523] Attempt to change 'Component_Name' from 'zcu111_tengbe_tx_rx_c_counter_binary_v12_0_i3' to 'zcu111_tengbe_tx_rx_c_counter_binary_v12_0_i3' is not allowed and is ignored.
WARNING: [IP_Flow 19-3374] An attempt to modify the value of disabled parameter 'AINIT_Value' from '0' to '1' has been ignored for IP 'zcu111_tengbe_tx_rx_c_counter_binary_v12_0_i3'
WARNING: [IP_Flow 19-4832] The IP name 'zcu111_tengbe_tx_rx_c_counter_binary_v12_0_i4' you have specified is long. The Windows operating system has path length limitations. It is recommended you use shorter names to reduce the likelihood of issues.
WARNING: [Vivado 12-3523] Attempt to change 'Component_Name' from 'zcu111_tengbe_tx_rx_c_counter_binary_v12_0_i4' to 'zcu111_tengbe_tx_rx_c_counter_binary_v12_0_i4' is not allowed and is ignored.
WARNING: [IP_Flow 19-4832] The IP name 'zcu111_tengbe_tx_rx_c_counter_binary_v12_0_i5' you have specified is long. The Windows operating system has path length limitations. It is recommended you use shorter names to reduce the likelihood of issues.
WARNING: [Vivado 12-3523] Attempt to change 'Component_Name' from 'zcu111_tengbe_tx_rx_c_counter_binary_v12_0_i5' to 'zcu111_tengbe_tx_rx_c_counter_binary_v12_0_i5' is not allowed and is ignored.
INFO: [Common 17-206] Exiting Vivado at Sat Oct 24 23:49:36 2020...
