
*** Running vivado
    with args -log zcu111_tengbe_c_counter_binary_v12_0_i5.vds -m64 -product Vivado -mode batch -messageDb vivado.pb -notrace -source zcu111_tengbe_c_counter_binary_v12_0_i5.tcl


****** Vivado v2019.1.3 (64-bit)
  **** SW Build 2644227 on Wed Sep  4 09:44:18 MDT 2019
  **** IP Build 2633630 on Wed Sep  4 12:30:14 MDT 2019
    ** Copyright 1986-2019 Xilinx, Inc. All Rights Reserved.

WARNING: [Runs 36-547] Tool Strategy 'Vivado Implementation Defaults' from file '/home/wei/Software/Vivado_2019_1/install/Vivado/2019.1/strategies/VDI2018.psg' discarded because strategy with same name already parsed from '/home/wei/Software/Vivado_2019_1/install/Vivado/2019.1/strategies/VDI2018.psg'
WARNING: [Runs 36-547] Tool Strategy 'Performance_Explore' from file '/home/wei/Software/Vivado_2019_1/install/Vivado/2019.1/strategies/VDI2018.psg' discarded because strategy with same name already parsed from '/home/wei/Software/Vivado_2019_1/install/Vivado/2019.1/strategies/VDI2018.psg'
WARNING: [Runs 36-547] Tool Strategy 'Performance_ExplorePostRoutePhysOpt' from file '/home/wei/Software/Vivado_2019_1/install/Vivado/2019.1/strategies/VDI2018.psg' discarded because strategy with same name already parsed from '/home/wei/Software/Vivado_2019_1/install/Vivado/2019.1/strategies/VDI2018.psg'
WARNING: [Runs 36-547] Tool Strategy 'Performance_ExploreWithRemap' from file '/home/wei/Software/Vivado_2019_1/install/Vivado/2019.1/strategies/VDI2018.psg' discarded because strategy with same name already parsed from '/home/wei/Software/Vivado_2019_1/install/Vivado/2019.1/strategies/VDI2018.psg'
WARNING: [Runs 36-547] Tool Strategy 'Performance_WLBlockPlacement' from file '/home/wei/Software/Vivado_2019_1/install/Vivado/2019.1/strategies/VDI2018.psg' discarded because strategy with same name already parsed from '/home/wei/Software/Vivado_2019_1/install/Vivado/2019.1/strategies/VDI2018.psg'
WARNING: [Runs 36-547] Tool Strategy 'Performance_WLBlockPlacementFanoutOpt' from file '/home/wei/Software/Vivado_2019_1/install/Vivado/2019.1/strategies/VDI2018.psg' discarded because strategy with same name already parsed from '/home/wei/Software/Vivado_2019_1/install/Vivado/2019.1/strategies/VDI2018.psg'
WARNING: [Runs 36-547] Tool Strategy 'Performance_EarlyBlockPlacement' from file '/home/wei/Software/Vivado_2019_1/install/Vivado/2019.1/strategies/VDI2018.psg' discarded because strategy with same name already parsed from '/home/wei/Software/Vivado_2019_1/install/Vivado/2019.1/strategies/VDI2018.psg'
WARNING: [Runs 36-547] Tool Strategy 'Performance_NetDelay_high' from file '/home/wei/Software/Vivado_2019_1/install/Vivado/2019.1/strategies/VDI2018.psg' discarded because strategy with same name already parsed from '/home/wei/Software/Vivado_2019_1/install/Vivado/2019.1/strategies/VDI2018.psg'
WARNING: [Runs 36-547] Tool Strategy 'Performance_NetDelay_low' from file '/home/wei/Software/Vivado_2019_1/install/Vivado/2019.1/strategies/VDI2018.psg' discarded because strategy with same name already parsed from '/home/wei/Software/Vivado_2019_1/install/Vivado/2019.1/strategies/VDI2018.psg'
WARNING: [Runs 36-547] Tool Strategy 'Performance_Retiming' from file '/home/wei/Software/Vivado_2019_1/install/Vivado/2019.1/strategies/VDI2018.psg' discarded because strategy with same name already parsed from '/home/wei/Software/Vivado_2019_1/install/Vivado/2019.1/strategies/VDI2018.psg'
WARNING: [Runs 36-547] Tool Strategy 'Performance_ExtraTimingOpt' from file '/home/wei/Software/Vivado_2019_1/install/Vivado/2019.1/strategies/VDI2018.psg' discarded because strategy with same name already parsed from '/home/wei/Software/Vivado_2019_1/install/Vivado/2019.1/strategies/VDI2018.psg'
WARNING: [Runs 36-547] Tool Strategy 'Performance_RefinePlacement' from file '/home/wei/Software/Vivado_2019_1/install/Vivado/2019.1/strategies/VDI2018.psg' discarded because strategy with same name already parsed from '/home/wei/Software/Vivado_2019_1/install/Vivado/2019.1/strategies/VDI2018.psg'
WARNING: [Runs 36-547] Tool Strategy 'Performance_SpreadSLLs' from file '/home/wei/Software/Vivado_2019_1/install/Vivado/2019.1/strategies/VDI2018.psg' discarded because strategy with same name already parsed from '/home/wei/Software/Vivado_2019_1/install/Vivado/2019.1/strategies/VDI2018.psg'
WARNING: [Runs 36-547] Tool Strategy 'Performance_BalanceSLLs' from file '/home/wei/Software/Vivado_2019_1/install/Vivado/2019.1/strategies/VDI2018.psg' discarded because strategy with same name already parsed from '/home/wei/Software/Vivado_2019_1/install/Vivado/2019.1/strategies/VDI2018.psg'
WARNING: [Runs 36-547] Tool Strategy 'Performance_BalanceSLRs' from file '/home/wei/Software/Vivado_2019_1/install/Vivado/2019.1/strategies/VDI2018.psg' discarded because strategy with same name already parsed from '/home/wei/Software/Vivado_2019_1/install/Vivado/2019.1/strategies/VDI2018.psg'
WARNING: [Runs 36-547] Tool Strategy 'Performance_HighUtilSLRs' from file '/home/wei/Software/Vivado_2019_1/install/Vivado/2019.1/strategies/VDI2018.psg' discarded because strategy with same name already parsed from '/home/wei/Software/Vivado_2019_1/install/Vivado/2019.1/strategies/VDI2018.psg'
WARNING: [Runs 36-547] Tool Strategy 'Congestion_SpreadLogic_high' from file '/home/wei/Software/Vivado_2019_1/install/Vivado/2019.1/strategies/VDI2018.psg' discarded because strategy with same name already parsed from '/home/wei/Software/Vivado_2019_1/install/Vivado/2019.1/strategies/VDI2018.psg'
WARNING: [Runs 36-547] Tool Strategy 'Congestion_SpreadLogic_medium' from file '/home/wei/Software/Vivado_2019_1/install/Vivado/2019.1/strategies/VDI2018.psg' discarded because strategy with same name already parsed from '/home/wei/Software/Vivado_2019_1/install/Vivado/2019.1/strategies/VDI2018.psg'
WARNING: [Runs 36-547] Tool Strategy 'Congestion_SpreadLogic_low' from file '/home/wei/Software/Vivado_2019_1/install/Vivado/2019.1/strategies/VDI2018.psg' discarded because strategy with same name already parsed from '/home/wei/Software/Vivado_2019_1/install/Vivado/2019.1/strategies/VDI2018.psg'
WARNING: [Runs 36-547] Tool Strategy 'Congestion_SSI_SpreadLogic_high' from file '/home/wei/Software/Vivado_2019_1/install/Vivado/2019.1/strategies/VDI2018.psg' discarded because strategy with same name already parsed from '/home/wei/Software/Vivado_2019_1/install/Vivado/2019.1/strategies/VDI2018.psg'
WARNING: [Runs 36-547] Tool Strategy 'Congestion_SSI_SpreadLogic_low' from file '/home/wei/Software/Vivado_2019_1/install/Vivado/2019.1/strategies/VDI2018.psg' discarded because strategy with same name already parsed from '/home/wei/Software/Vivado_2019_1/install/Vivado/2019.1/strategies/VDI2018.psg'
WARNING: [Runs 36-547] Tool Strategy 'Area_Explore' from file '/home/wei/Software/Vivado_2019_1/install/Vivado/2019.1/strategies/VDI2018.psg' discarded because strategy with same name already parsed from '/home/wei/Software/Vivado_2019_1/install/Vivado/2019.1/strategies/VDI2018.psg'
WARNING: [Runs 36-547] Tool Strategy 'Area_ExploreSequential' from file '/home/wei/Software/Vivado_2019_1/install/Vivado/2019.1/strategies/VDI2018.psg' discarded because strategy with same name already parsed from '/home/wei/Software/Vivado_2019_1/install/Vivado/2019.1/strategies/VDI2018.psg'
WARNING: [Runs 36-547] Tool Strategy 'Area_ExploreWithRemap' from file '/home/wei/Software/Vivado_2019_1/install/Vivado/2019.1/strategies/VDI2018.psg' discarded because strategy with same name already parsed from '/home/wei/Software/Vivado_2019_1/install/Vivado/2019.1/strategies/VDI2018.psg'
WARNING: [Runs 36-547] Tool Strategy 'Power_DefaultOpt' from file '/home/wei/Software/Vivado_2019_1/install/Vivado/2019.1/strategies/VDI2018.psg' discarded because strategy with same name already parsed from '/home/wei/Software/Vivado_2019_1/install/Vivado/2019.1/strategies/VDI2018.psg'
WARNING: [Runs 36-547] Tool Strategy 'Power_ExploreArea' from file '/home/wei/Software/Vivado_2019_1/install/Vivado/2019.1/strategies/VDI2018.psg' discarded because strategy with same name already parsed from '/home/wei/Software/Vivado_2019_1/install/Vivado/2019.1/strategies/VDI2018.psg'
WARNING: [Runs 36-547] Tool Strategy 'Flow_RunPhysOpt' from file '/home/wei/Software/Vivado_2019_1/install/Vivado/2019.1/strategies/VDI2018.psg' discarded because strategy with same name already parsed from '/home/wei/Software/Vivado_2019_1/install/Vivado/2019.1/strategies/VDI2018.psg'
WARNING: [Runs 36-547] Tool Strategy 'Flow_RunPostRoutePhysOpt' from file '/home/wei/Software/Vivado_2019_1/install/Vivado/2019.1/strategies/VDI2018.psg' discarded because strategy with same name already parsed from '/home/wei/Software/Vivado_2019_1/install/Vivado/2019.1/strategies/VDI2018.psg'
WARNING: [Runs 36-547] Tool Strategy 'Flow_RuntimeOptimized' from file '/home/wei/Software/Vivado_2019_1/install/Vivado/2019.1/strategies/VDI2018.psg' discarded because strategy with same name already parsed from '/home/wei/Software/Vivado_2019_1/install/Vivado/2019.1/strategies/VDI2018.psg'
WARNING: [Runs 36-547] Tool Strategy 'Flow_Quick' from file '/home/wei/Software/Vivado_2019_1/install/Vivado/2019.1/strategies/VDI2018.psg' discarded because strategy with same name already parsed from '/home/wei/Software/Vivado_2019_1/install/Vivado/2019.1/strategies/VDI2018.psg'
WARNING: [Runs 36-547] Tool Strategy 'Vivado Synthesis Defaults' from file '/home/wei/Software/Vivado_2019_1/install/Vivado/2019.1/strategies/VDS2016.psg' discarded because strategy with same name already parsed from '/home/wei/Software/Vivado_2019_1/install/Vivado/2019.1/strategies/VDS2016.psg'
WARNING: [Runs 36-547] Tool Strategy 'Flow_AreaOptimized_high' from file '/home/wei/Software/Vivado_2019_1/install/Vivado/2019.1/strategies/VDS2016.psg' discarded because strategy with same name already parsed from '/home/wei/Software/Vivado_2019_1/install/Vivado/2019.1/strategies/VDS2016.psg'
WARNING: [Runs 36-547] Tool Strategy 'Flow_AreaOptimized_medium' from file '/home/wei/Software/Vivado_2019_1/install/Vivado/2019.1/strategies/VDS2016.psg' discarded because strategy with same name already parsed from '/home/wei/Software/Vivado_2019_1/install/Vivado/2019.1/strategies/VDS2016.psg'
WARNING: [Runs 36-547] Tool Strategy 'Flow_AreaMultThresholdDSP' from file '/home/wei/Software/Vivado_2019_1/install/Vivado/2019.1/strategies/VDS2016.psg' discarded because strategy with same name already parsed from '/home/wei/Software/Vivado_2019_1/install/Vivado/2019.1/strategies/VDS2016.psg'
WARNING: [Runs 36-547] Tool Strategy 'Flow_AlternateRoutability' from file '/home/wei/Software/Vivado_2019_1/install/Vivado/2019.1/strategies/VDS2016.psg' discarded because strategy with same name already parsed from '/home/wei/Software/Vivado_2019_1/install/Vivado/2019.1/strategies/VDS2016.psg'
WARNING: [Runs 36-547] Tool Strategy 'Flow_PerfOptimized_high' from file '/home/wei/Software/Vivado_2019_1/install/Vivado/2019.1/strategies/VDS2016.psg' discarded because strategy with same name already parsed from '/home/wei/Software/Vivado_2019_1/install/Vivado/2019.1/strategies/VDS2016.psg'
WARNING: [Runs 36-547] Tool Strategy 'Flow_PerfThresholdCarry' from file '/home/wei/Software/Vivado_2019_1/install/Vivado/2019.1/strategies/VDS2016.psg' discarded because strategy with same name already parsed from '/home/wei/Software/Vivado_2019_1/install/Vivado/2019.1/strategies/VDS2016.psg'
WARNING: [Runs 36-547] Tool Strategy 'Flow_RuntimeOptimized' from file '/home/wei/Software/Vivado_2019_1/install/Vivado/2019.1/strategies/VDS2016.psg' discarded because strategy with same name already parsed from '/home/wei/Software/Vivado_2019_1/install/Vivado/2019.1/strategies/VDS2016.psg'
WARNING: [Runs 36-547] Tool Strategy 'Vivado Implementation Defaults' from file '/home/wei/Software/Vivado_2019_1/install/Vivado/2019.1/strategies/VDI2019.psg' discarded because strategy with same name already parsed from '/home/wei/Software/Vivado_2019_1/install/Vivado/2019.1/strategies/VDI2019.psg'
WARNING: [Runs 36-547] Tool Strategy 'Performance_Explore' from file '/home/wei/Software/Vivado_2019_1/install/Vivado/2019.1/strategies/VDI2019.psg' discarded because strategy with same name already parsed from '/home/wei/Software/Vivado_2019_1/install/Vivado/2019.1/strategies/VDI2019.psg'
WARNING: [Runs 36-547] Tool Strategy 'Performance_ExplorePostRoutePhysOpt' from file '/home/wei/Software/Vivado_2019_1/install/Vivado/2019.1/strategies/VDI2019.psg' discarded because strategy with same name already parsed from '/home/wei/Software/Vivado_2019_1/install/Vivado/2019.1/strategies/VDI2019.psg'
WARNING: [Runs 36-547] Tool Strategy 'Performance_ExploreWithRemap' from file '/home/wei/Software/Vivado_2019_1/install/Vivado/2019.1/strategies/VDI2019.psg' discarded because strategy with same name already parsed from '/home/wei/Software/Vivado_2019_1/install/Vivado/2019.1/strategies/VDI2019.psg'
WARNING: [Runs 36-547] Tool Strategy 'Performance_WLBlockPlacement' from file '/home/wei/Software/Vivado_2019_1/install/Vivado/2019.1/strategies/VDI2019.psg' discarded because strategy with same name already parsed from '/home/wei/Software/Vivado_2019_1/install/Vivado/2019.1/strategies/VDI2019.psg'
WARNING: [Runs 36-547] Tool Strategy 'Performance_WLBlockPlacementFanoutOpt' from file '/home/wei/Software/Vivado_2019_1/install/Vivado/2019.1/strategies/VDI2019.psg' discarded because strategy with same name already parsed from '/home/wei/Software/Vivado_2019_1/install/Vivado/2019.1/strategies/VDI2019.psg'
WARNING: [Runs 36-547] Tool Strategy 'Performance_EarlyBlockPlacement' from file '/home/wei/Software/Vivado_2019_1/install/Vivado/2019.1/strategies/VDI2019.psg' discarded because strategy with same name already parsed from '/home/wei/Software/Vivado_2019_1/install/Vivado/2019.1/strategies/VDI2019.psg'
WARNING: [Runs 36-547] Tool Strategy 'Performance_NetDelay_high' from file '/home/wei/Software/Vivado_2019_1/install/Vivado/2019.1/strategies/VDI2019.psg' discarded because strategy with same name already parsed from '/home/wei/Software/Vivado_2019_1/install/Vivado/2019.1/strategies/VDI2019.psg'
WARNING: [Runs 36-547] Tool Strategy 'Performance_NetDelay_low' from file '/home/wei/Software/Vivado_2019_1/install/Vivado/2019.1/strategies/VDI2019.psg' discarded because strategy with same name already parsed from '/home/wei/Software/Vivado_2019_1/install/Vivado/2019.1/strategies/VDI2019.psg'
WARNING: [Runs 36-547] Tool Strategy 'Performance_Retiming' from file '/home/wei/Software/Vivado_2019_1/install/Vivado/2019.1/strategies/VDI2019.psg' discarded because strategy with same name already parsed from '/home/wei/Software/Vivado_2019_1/install/Vivado/2019.1/strategies/VDI2019.psg'
WARNING: [Runs 36-547] Tool Strategy 'Performance_ExtraTimingOpt' from file '/home/wei/Software/Vivado_2019_1/install/Vivado/2019.1/strategies/VDI2019.psg' discarded because strategy with same name already parsed from '/home/wei/Software/Vivado_2019_1/install/Vivado/2019.1/strategies/VDI2019.psg'
WARNING: [Runs 36-547] Tool Strategy 'Performance_RefinePlacement' from file '/home/wei/Software/Vivado_2019_1/install/Vivado/2019.1/strategies/VDI2019.psg' discarded because strategy with same name already parsed from '/home/wei/Software/Vivado_2019_1/install/Vivado/2019.1/strategies/VDI2019.psg'
WARNING: [Runs 36-547] Tool Strategy 'Performance_SpreadSLLs' from file '/home/wei/Software/Vivado_2019_1/install/Vivado/2019.1/strategies/VDI2019.psg' discarded because strategy with same name already parsed from '/home/wei/Software/Vivado_2019_1/install/Vivado/2019.1/strategies/VDI2019.psg'
WARNING: [Runs 36-547] Tool Strategy 'Performance_BalanceSLLs' from file '/home/wei/Software/Vivado_2019_1/install/Vivado/2019.1/strategies/VDI2019.psg' discarded because strategy with same name already parsed from '/home/wei/Software/Vivado_2019_1/install/Vivado/2019.1/strategies/VDI2019.psg'
WARNING: [Runs 36-547] Tool Strategy 'Performance_BalanceSLRs' from file '/home/wei/Software/Vivado_2019_1/install/Vivado/2019.1/strategies/VDI2019.psg' discarded because strategy with same name already parsed from '/home/wei/Software/Vivado_2019_1/install/Vivado/2019.1/strategies/VDI2019.psg'
WARNING: [Runs 36-547] Tool Strategy 'Performance_HighUtilSLRs' from file '/home/wei/Software/Vivado_2019_1/install/Vivado/2019.1/strategies/VDI2019.psg' discarded because strategy with same name already parsed from '/home/wei/Software/Vivado_2019_1/install/Vivado/2019.1/strategies/VDI2019.psg'
WARNING: [Runs 36-547] Tool Strategy 'Congestion_SpreadLogic_high' from file '/home/wei/Software/Vivado_2019_1/install/Vivado/2019.1/strategies/VDI2019.psg' discarded because strategy with same name already parsed from '/home/wei/Software/Vivado_2019_1/install/Vivado/2019.1/strategies/VDI2019.psg'
WARNING: [Runs 36-547] Tool Strategy 'Congestion_SpreadLogic_medium' from file '/home/wei/Software/Vivado_2019_1/install/Vivado/2019.1/strategies/VDI2019.psg' discarded because strategy with same name already parsed from '/home/wei/Software/Vivado_2019_1/install/Vivado/2019.1/strategies/VDI2019.psg'
WARNING: [Runs 36-547] Tool Strategy 'Congestion_SpreadLogic_low' from file '/home/wei/Software/Vivado_2019_1/install/Vivado/2019.1/strategies/VDI2019.psg' discarded because strategy with same name already parsed from '/home/wei/Software/Vivado_2019_1/install/Vivado/2019.1/strategies/VDI2019.psg'
WARNING: [Runs 36-547] Tool Strategy 'Congestion_SSI_SpreadLogic_high' from file '/home/wei/Software/Vivado_2019_1/install/Vivado/2019.1/strategies/VDI2019.psg' discarded because strategy with same name already parsed from '/home/wei/Software/Vivado_2019_1/install/Vivado/2019.1/strategies/VDI2019.psg'
WARNING: [Runs 36-547] Tool Strategy 'Congestion_SSI_SpreadLogic_low' from file '/home/wei/Software/Vivado_2019_1/install/Vivado/2019.1/strategies/VDI2019.psg' discarded because strategy with same name already parsed from '/home/wei/Software/Vivado_2019_1/install/Vivado/2019.1/strategies/VDI2019.psg'
WARNING: [Runs 36-547] Tool Strategy 'Area_Explore' from file '/home/wei/Software/Vivado_2019_1/install/Vivado/2019.1/strategies/VDI2019.psg' discarded because strategy with same name already parsed from '/home/wei/Software/Vivado_2019_1/install/Vivado/2019.1/strategies/VDI2019.psg'
WARNING: [Runs 36-547] Tool Strategy 'Area_ExploreSequential' from file '/home/wei/Software/Vivado_2019_1/install/Vivado/2019.1/strategies/VDI2019.psg' discarded because strategy with same name already parsed from '/home/wei/Software/Vivado_2019_1/install/Vivado/2019.1/strategies/VDI2019.psg'
WARNING: [Runs 36-547] Tool Strategy 'Area_ExploreWithRemap' from file '/home/wei/Software/Vivado_2019_1/install/Vivado/2019.1/strategies/VDI2019.psg' discarded because strategy with same name already parsed from '/home/wei/Software/Vivado_2019_1/install/Vivado/2019.1/strategies/VDI2019.psg'
WARNING: [Runs 36-547] Tool Strategy 'Power_DefaultOpt' from file '/home/wei/Software/Vivado_2019_1/install/Vivado/2019.1/strategies/VDI2019.psg' discarded because strategy with same name already parsed from '/home/wei/Software/Vivado_2019_1/install/Vivado/2019.1/strategies/VDI2019.psg'
WARNING: [Runs 36-547] Tool Strategy 'Power_ExploreArea' from file '/home/wei/Software/Vivado_2019_1/install/Vivado/2019.1/strategies/VDI2019.psg' discarded because strategy with same name already parsed from '/home/wei/Software/Vivado_2019_1/install/Vivado/2019.1/strategies/VDI2019.psg'
WARNING: [Runs 36-547] Tool Strategy 'Flow_RunPhysOpt' from file '/home/wei/Software/Vivado_2019_1/install/Vivado/2019.1/strategies/VDI2019.psg' discarded because strategy with same name already parsed from '/home/wei/Software/Vivado_2019_1/install/Vivado/2019.1/strategies/VDI2019.psg'
WARNING: [Runs 36-547] Tool Strategy 'Flow_RunPostRoutePhysOpt' from file '/home/wei/Software/Vivado_2019_1/install/Vivado/2019.1/strategies/VDI2019.psg' discarded because strategy with same name already parsed from '/home/wei/Software/Vivado_2019_1/install/Vivado/2019.1/strategies/VDI2019.psg'
WARNING: [Runs 36-547] Tool Strategy 'Flow_RuntimeOptimized' from file '/home/wei/Software/Vivado_2019_1/install/Vivado/2019.1/strategies/VDI2019.psg' discarded because strategy with same name already parsed from '/home/wei/Software/Vivado_2019_1/install/Vivado/2019.1/strategies/VDI2019.psg'
WARNING: [Runs 36-547] Tool Strategy 'Flow_Quick' from file '/home/wei/Software/Vivado_2019_1/install/Vivado/2019.1/strategies/VDI2019.psg' discarded because strategy with same name already parsed from '/home/wei/Software/Vivado_2019_1/install/Vivado/2019.1/strategies/VDI2019.psg'
WARNING: [Runs 36-547] Tool Strategy 'Vivado Implementation Defaults' from file '/home/wei/Software/Vivado_2019_1/install/Vivado/2019.1/strategies/VDI2014.psg' discarded because strategy with same name already parsed from '/home/wei/Software/Vivado_2019_1/install/Vivado/2019.1/strategies/VDI2014.psg'
WARNING: [Runs 36-547] Tool Strategy 'Performance_Explore' from file '/home/wei/Software/Vivado_2019_1/install/Vivado/2019.1/strategies/VDI2014.psg' discarded because strategy with same name already parsed from '/home/wei/Software/Vivado_2019_1/install/Vivado/2019.1/strategies/VDI2014.psg'
WARNING: [Runs 36-547] Tool Strategy 'Performance_ExplorePostRoutePhysOpt' from file '/home/wei/Software/Vivado_2019_1/install/Vivado/2019.1/strategies/VDI2014.psg' discarded because strategy with same name already parsed from '/home/wei/Software/Vivado_2019_1/install/Vivado/2019.1/strategies/VDI2014.psg'
WARNING: [Runs 36-547] Tool Strategy 'Performance_RefinePlacement' from file '/home/wei/Software/Vivado_2019_1/install/Vivado/2019.1/strategies/VDI2014.psg' discarded because strategy with same name already parsed from '/home/wei/Software/Vivado_2019_1/install/Vivado/2019.1/strategies/VDI2014.psg'
WARNING: [Runs 36-547] Tool Strategy 'Performance_WLBlockPlacement' from file '/home/wei/Software/Vivado_2019_1/install/Vivado/2019.1/strategies/VDI2014.psg' discarded because strategy with same name already parsed from '/home/wei/Software/Vivado_2019_1/install/Vivado/2019.1/strategies/VDI2014.psg'
WARNING: [Runs 36-547] Tool Strategy 'Performance_WLBlockPlacementFanoutOpt' from file '/home/wei/Software/Vivado_2019_1/install/Vivado/2019.1/strategies/VDI2014.psg' discarded because strategy with same name already parsed from '/home/wei/Software/Vivado_2019_1/install/Vivado/2019.1/strategies/VDI2014.psg'
WARNING: [Runs 36-547] Tool Strategy 'Performance_LateBlockPlacement' from file '/home/wei/Software/Vivado_2019_1/install/Vivado/2019.1/strategies/VDI2014.psg' discarded because strategy with same name already parsed from '/home/wei/Software/Vivado_2019_1/install/Vivado/2019.1/strategies/VDI2014.psg'
WARNING: [Runs 36-547] Tool Strategy 'Performance_NetDelay_high' from file '/home/wei/Software/Vivado_2019_1/install/Vivado/2019.1/strategies/VDI2014.psg' discarded because strategy with same name already parsed from '/home/wei/Software/Vivado_2019_1/install/Vivado/2019.1/strategies/VDI2014.psg'
WARNING: [Runs 36-547] Tool Strategy 'Performance_NetDelay_medium' from file '/home/wei/Software/Vivado_2019_1/install/Vivado/2019.1/strategies/VDI2014.psg' discarded because strategy with same name already parsed from '/home/wei/Software/Vivado_2019_1/install/Vivado/2019.1/strategies/VDI2014.psg'
WARNING: [Runs 36-547] Tool Strategy 'Performance_NetDelay_low' from file '/home/wei/Software/Vivado_2019_1/install/Vivado/2019.1/strategies/VDI2014.psg' discarded because strategy with same name already parsed from '/home/wei/Software/Vivado_2019_1/install/Vivado/2019.1/strategies/VDI2014.psg'
WARNING: [Runs 36-547] Tool Strategy 'Performance_ExploreSLLs' from file '/home/wei/Software/Vivado_2019_1/install/Vivado/2019.1/strategies/VDI2014.psg' discarded because strategy with same name already parsed from '/home/wei/Software/Vivado_2019_1/install/Vivado/2019.1/strategies/VDI2014.psg'
WARNING: [Runs 36-547] Tool Strategy 'Performance_Retiming' from file '/home/wei/Software/Vivado_2019_1/install/Vivado/2019.1/strategies/VDI2014.psg' discarded because strategy with same name already parsed from '/home/wei/Software/Vivado_2019_1/install/Vivado/2019.1/strategies/VDI2014.psg'
WARNING: [Runs 36-547] Tool Strategy 'Area_Explore' from file '/home/wei/Software/Vivado_2019_1/install/Vivado/2019.1/strategies/VDI2014.psg' discarded because strategy with same name already parsed from '/home/wei/Software/Vivado_2019_1/install/Vivado/2019.1/strategies/VDI2014.psg'
WARNING: [Runs 36-547] Tool Strategy 'Power_DefaultOpt' from file '/home/wei/Software/Vivado_2019_1/install/Vivado/2019.1/strategies/VDI2014.psg' discarded because strategy with same name already parsed from '/home/wei/Software/Vivado_2019_1/install/Vivado/2019.1/strategies/VDI2014.psg'
WARNING: [Runs 36-547] Tool Strategy 'Flow_RunPhysOpt' from file '/home/wei/Software/Vivado_2019_1/install/Vivado/2019.1/strategies/VDI2014.psg' discarded because strategy with same name already parsed from '/home/wei/Software/Vivado_2019_1/install/Vivado/2019.1/strategies/VDI2014.psg'
WARNING: [Runs 36-547] Tool Strategy 'Flow_RunPostRoutePhysOpt' from file '/home/wei/Software/Vivado_2019_1/install/Vivado/2019.1/strategies/VDI2014.psg' discarded because strategy with same name already parsed from '/home/wei/Software/Vivado_2019_1/install/Vivado/2019.1/strategies/VDI2014.psg'
WARNING: [Runs 36-547] Tool Strategy 'Flow_RuntimeOptimized' from file '/home/wei/Software/Vivado_2019_1/install/Vivado/2019.1/strategies/VDI2014.psg' discarded because strategy with same name already parsed from '/home/wei/Software/Vivado_2019_1/install/Vivado/2019.1/strategies/VDI2014.psg'
WARNING: [Runs 36-547] Tool Strategy 'Flow_Quick' from file '/home/wei/Software/Vivado_2019_1/install/Vivado/2019.1/strategies/VDI2014.psg' discarded because strategy with same name already parsed from '/home/wei/Software/Vivado_2019_1/install/Vivado/2019.1/strategies/VDI2014.psg'
WARNING: [Runs 36-547] Tool Strategy 'Congestion_SpreadLogic_high' from file '/home/wei/Software/Vivado_2019_1/install/Vivado/2019.1/strategies/VDI2014.psg' discarded because strategy with same name already parsed from '/home/wei/Software/Vivado_2019_1/install/Vivado/2019.1/strategies/VDI2014.psg'
WARNING: [Runs 36-547] Tool Strategy 'Congestion_SpreadLogic_medium' from file '/home/wei/Software/Vivado_2019_1/install/Vivado/2019.1/strategies/VDI2014.psg' discarded because strategy with same name already parsed from '/home/wei/Software/Vivado_2019_1/install/Vivado/2019.1/strategies/VDI2014.psg'
WARNING: [Runs 36-547] Tool Strategy 'Congestion_SpreadLogic_low' from file '/home/wei/Software/Vivado_2019_1/install/Vivado/2019.1/strategies/VDI2014.psg' discarded because strategy with same name already parsed from '/home/wei/Software/Vivado_2019_1/install/Vivado/2019.1/strategies/VDI2014.psg'
WARNING: [Runs 36-547] Tool Strategy 'Congestion_SpreadLogicSLLs' from file '/home/wei/Software/Vivado_2019_1/install/Vivado/2019.1/strategies/VDI2014.psg' discarded because strategy with same name already parsed from '/home/wei/Software/Vivado_2019_1/install/Vivado/2019.1/strategies/VDI2014.psg'
WARNING: [Runs 36-547] Tool Strategy 'Congestion_BalanceSLLs' from file '/home/wei/Software/Vivado_2019_1/install/Vivado/2019.1/strategies/VDI2014.psg' discarded because strategy with same name already parsed from '/home/wei/Software/Vivado_2019_1/install/Vivado/2019.1/strategies/VDI2014.psg'
WARNING: [Runs 36-547] Tool Strategy 'Congestion_BalanceSLRs' from file '/home/wei/Software/Vivado_2019_1/install/Vivado/2019.1/strategies/VDI2014.psg' discarded because strategy with same name already parsed from '/home/wei/Software/Vivado_2019_1/install/Vivado/2019.1/strategies/VDI2014.psg'
WARNING: [Runs 36-547] Tool Strategy 'Congestion_CompressSLRs' from file '/home/wei/Software/Vivado_2019_1/install/Vivado/2019.1/strategies/VDI2014.psg' discarded because strategy with same name already parsed from '/home/wei/Software/Vivado_2019_1/install/Vivado/2019.1/strategies/VDI2014.psg'
WARNING: [Runs 36-547] Tool Strategy 'Vivado Synthesis Defaults' from file '/home/wei/Software/Vivado_2019_1/install/Vivado/2019.1/strategies/VDS2012.psg' discarded because strategy with same name already parsed from '/home/wei/Software/Vivado_2019_1/install/Vivado/2019.1/strategies/VDS2012.psg'
WARNING: [Runs 36-547] Tool Strategy 'Vivado Synthesis Defaults' from file '/home/wei/Software/Vivado_2019_1/install/Vivado/2019.1/strategies/VDS2013.psg' discarded because strategy with same name already parsed from '/home/wei/Software/Vivado_2019_1/install/Vivado/2019.1/strategies/VDS2013.psg'
WARNING: [Runs 36-547] Tool Strategy 'Flow_RuntimeOptimized' from file '/home/wei/Software/Vivado_2019_1/install/Vivado/2019.1/strategies/VDS2013.psg' discarded because strategy with same name already parsed from '/home/wei/Software/Vivado_2019_1/install/Vivado/2019.1/strategies/VDS2013.psg'
WARNING: [Runs 36-547] Tool Strategy 'Vivado Synthesis Defaults' from file '/home/wei/Software/Vivado_2019_1/install/Vivado/2019.1/strategies/VDS2018.psg' discarded because strategy with same name already parsed from '/home/wei/Software/Vivado_2019_1/install/Vivado/2019.1/strategies/VDS2018.psg'
WARNING: [Runs 36-547] Tool Strategy 'Flow_AreaOptimized_high' from file '/home/wei/Software/Vivado_2019_1/install/Vivado/2019.1/strategies/VDS2018.psg' discarded because strategy with same name already parsed from '/home/wei/Software/Vivado_2019_1/install/Vivado/2019.1/strategies/VDS2018.psg'
WARNING: [Runs 36-547] Tool Strategy 'Flow_AreaOptimized_medium' from file '/home/wei/Software/Vivado_2019_1/install/Vivado/2019.1/strategies/VDS2018.psg' discarded because strategy with same name already parsed from '/home/wei/Software/Vivado_2019_1/install/Vivado/2019.1/strategies/VDS2018.psg'
WARNING: [Runs 36-547] Tool Strategy 'Flow_AreaMultThresholdDSP' from file '/home/wei/Software/Vivado_2019_1/install/Vivado/2019.1/strategies/VDS2018.psg' discarded because strategy with same name already parsed from '/home/wei/Software/Vivado_2019_1/install/Vivado/2019.1/strategies/VDS2018.psg'
INFO: [Common 17-14] Message 'Runs 36-547' appears 100 times and further instances of the messages will be disabled. Use the Tcl command set_msg_config to change the current settings.
WARNING: [Runs 36-546] Tool Report Strategy 'Vivado Synthesis Default Reports' from file '/home/wei/Software/Vivado_2019_1/install/Vivado/2019.1/reportstrategies/VRS2019.psg' discarded because strategy with same name already parsed from '/home/wei/Software/Vivado_2019_1/install/Vivado/2019.1/reportstrategies/VRS2019.psg'
WARNING: [Runs 36-546] Tool Report Strategy 'No Reports' from file '/home/wei/Software/Vivado_2019_1/install/Vivado/2019.1/reportstrategies/VRS2019.psg' discarded because strategy with same name already parsed from '/home/wei/Software/Vivado_2019_1/install/Vivado/2019.1/reportstrategies/VRS2019.psg'
WARNING: [Runs 36-546] Tool Report Strategy 'Vivado Synthesis Default Reports' from file '/home/wei/Software/Vivado_2019_1/install/Vivado/2019.1/reportstrategies/VRS2017.psg' discarded because strategy with same name already parsed from '/home/wei/Software/Vivado_2019_1/install/Vivado/2019.1/reportstrategies/VRS2017.psg'
WARNING: [Runs 36-546] Tool Report Strategy 'No Reports' from file '/home/wei/Software/Vivado_2019_1/install/Vivado/2019.1/reportstrategies/VRS2017.psg' discarded because strategy with same name already parsed from '/home/wei/Software/Vivado_2019_1/install/Vivado/2019.1/reportstrategies/VRS2017.psg'
WARNING: [Runs 36-546] Tool Report Strategy 'Vivado Implementation Default Reports' from file '/home/wei/Software/Vivado_2019_1/install/Vivado/2019.1/reportstrategies/VRI2019.psg' discarded because strategy with same name already parsed from '/home/wei/Software/Vivado_2019_1/install/Vivado/2019.1/reportstrategies/VRI2019.psg'
WARNING: [Runs 36-546] Tool Report Strategy 'UltraFast Design Methodology Reports' from file '/home/wei/Software/Vivado_2019_1/install/Vivado/2019.1/reportstrategies/VRI2019.psg' discarded because strategy with same name already parsed from '/home/wei/Software/Vivado_2019_1/install/Vivado/2019.1/reportstrategies/VRI2019.psg'
WARNING: [Runs 36-546] Tool Report Strategy 'Performance Explore Reports' from file '/home/wei/Software/Vivado_2019_1/install/Vivado/2019.1/reportstrategies/VRI2019.psg' discarded because strategy with same name already parsed from '/home/wei/Software/Vivado_2019_1/install/Vivado/2019.1/reportstrategies/VRI2019.psg'
WARNING: [Runs 36-546] Tool Report Strategy 'Timing Closure Reports' from file '/home/wei/Software/Vivado_2019_1/install/Vivado/2019.1/reportstrategies/VRI2019.psg' discarded because strategy with same name already parsed from '/home/wei/Software/Vivado_2019_1/install/Vivado/2019.1/reportstrategies/VRI2019.psg'
WARNING: [Runs 36-546] Tool Report Strategy 'No Reports' from file '/home/wei/Software/Vivado_2019_1/install/Vivado/2019.1/reportstrategies/VRI2019.psg' discarded because strategy with same name already parsed from '/home/wei/Software/Vivado_2019_1/install/Vivado/2019.1/reportstrategies/VRI2019.psg'
WARNING: [Runs 36-546] Tool Report Strategy 'Vivado Synthesis Default Reports' from file '/home/wei/Software/Vivado_2019_1/install/Vivado/2019.1/reportstrategies/VRS2018.psg' discarded because strategy with same name already parsed from '/home/wei/Software/Vivado_2019_1/install/Vivado/2019.1/reportstrategies/VRS2018.psg'
WARNING: [Runs 36-546] Tool Report Strategy 'No Reports' from file '/home/wei/Software/Vivado_2019_1/install/Vivado/2019.1/reportstrategies/VRS2018.psg' discarded because strategy with same name already parsed from '/home/wei/Software/Vivado_2019_1/install/Vivado/2019.1/reportstrategies/VRS2018.psg'
WARNING: [Runs 36-546] Tool Report Strategy 'Vivado Implementation Default Reports' from file '/home/wei/Software/Vivado_2019_1/install/Vivado/2019.1/reportstrategies/VRI2018.psg' discarded because strategy with same name already parsed from '/home/wei/Software/Vivado_2019_1/install/Vivado/2019.1/reportstrategies/VRI2018.psg'
WARNING: [Runs 36-546] Tool Report Strategy 'UltraFast Design Methodology Reports' from file '/home/wei/Software/Vivado_2019_1/install/Vivado/2019.1/reportstrategies/VRI2018.psg' discarded because strategy with same name already parsed from '/home/wei/Software/Vivado_2019_1/install/Vivado/2019.1/reportstrategies/VRI2018.psg'
WARNING: [Runs 36-546] Tool Report Strategy 'Performance Explore Reports' from file '/home/wei/Software/Vivado_2019_1/install/Vivado/2019.1/reportstrategies/VRI2018.psg' discarded because strategy with same name already parsed from '/home/wei/Software/Vivado_2019_1/install/Vivado/2019.1/reportstrategies/VRI2018.psg'
WARNING: [Runs 36-546] Tool Report Strategy 'Timing Closure Reports' from file '/home/wei/Software/Vivado_2019_1/install/Vivado/2019.1/reportstrategies/VRI2018.psg' discarded because strategy with same name already parsed from '/home/wei/Software/Vivado_2019_1/install/Vivado/2019.1/reportstrategies/VRI2018.psg'
WARNING: [Runs 36-546] Tool Report Strategy 'No Reports' from file '/home/wei/Software/Vivado_2019_1/install/Vivado/2019.1/reportstrategies/VRI2018.psg' discarded because strategy with same name already parsed from '/home/wei/Software/Vivado_2019_1/install/Vivado/2019.1/reportstrategies/VRI2018.psg'
WARNING: [Runs 36-546] Tool Report Strategy 'Vivado Implementation Default Reports' from file '/home/wei/Software/Vivado_2019_1/install/Vivado/2019.1/reportstrategies/VRI2017.psg' discarded because strategy with same name already parsed from '/home/wei/Software/Vivado_2019_1/install/Vivado/2019.1/reportstrategies/VRI2017.psg'
WARNING: [Runs 36-546] Tool Report Strategy 'UltraFast Design Methodology Reports' from file '/home/wei/Software/Vivado_2019_1/install/Vivado/2019.1/reportstrategies/VRI2017.psg' discarded because strategy with same name already parsed from '/home/wei/Software/Vivado_2019_1/install/Vivado/2019.1/reportstrategies/VRI2017.psg'
WARNING: [Runs 36-546] Tool Report Strategy 'Performance Explore Reports' from file '/home/wei/Software/Vivado_2019_1/install/Vivado/2019.1/reportstrategies/VRI2017.psg' discarded because strategy with same name already parsed from '/home/wei/Software/Vivado_2019_1/install/Vivado/2019.1/reportstrategies/VRI2017.psg'
WARNING: [Runs 36-546] Tool Report Strategy 'Timing Closure Reports' from file '/home/wei/Software/Vivado_2019_1/install/Vivado/2019.1/reportstrategies/VRI2017.psg' discarded because strategy with same name already parsed from '/home/wei/Software/Vivado_2019_1/install/Vivado/2019.1/reportstrategies/VRI2017.psg'
WARNING: [Runs 36-546] Tool Report Strategy 'No Reports' from file '/home/wei/Software/Vivado_2019_1/install/Vivado/2019.1/reportstrategies/VRI2017.psg' discarded because strategy with same name already parsed from '/home/wei/Software/Vivado_2019_1/install/Vivado/2019.1/reportstrategies/VRI2017.psg'
source zcu111_tengbe_c_counter_binary_v12_0_i5.tcl -notrace
Command: synth_design -top zcu111_tengbe_c_counter_binary_v12_0_i5 -part xczu28dr-ffvg1517-2-e -mode out_of_context
Starting synth_design
Attempting to get a license for feature 'Synthesis' and/or device 'xczu28dr'
INFO: [Common 17-349] Got license for feature 'Synthesis' and/or device 'xczu28dr'
INFO: [Common 17-86] Your Synthesis license expires in 28 day(s)
INFO: [Common 17-1686] The version limit for your license is '2020.10' and will not allow you to run Xilinx software released after that date (year & month). A version limit expiration means that while you will be able to continue to use the current version of tools or IP with this license, you will not be able to use any updates or new releases.
INFO: [Device 21-403] Loading part xczu28dr-ffvg1517-2-e
INFO: Launching helper process for spawning children vivado processes
INFO: Helper process launched with PID 363 
load diablo GTM unisim library
---------------------------------------------------------------------------------
Starting RTL Elaboration : Time (s): cpu = 00:00:03 ; elapsed = 00:00:04 . Memory (MB): peak = 2414.574 ; gain = 144.715 ; free physical = 554 ; free virtual = 21674
---------------------------------------------------------------------------------
INFO: [Synth 8-638] synthesizing module 'zcu111_tengbe_c_counter_binary_v12_0_i5' [/home/wei/casper/ZCU111/tengbe/zcu111_tengbe/myproj/myproj.srcs/sources_1/ip/zcu111_tengbe_c_counter_binary_v12_0_i5/synth/zcu111_tengbe_c_counter_binary_v12_0_i5.vhd:68]
	Parameter C_IMPLEMENTATION bound to: 1 - type: integer 
	Parameter C_VERBOSITY bound to: 0 - type: integer 
	Parameter C_XDEVICEFAMILY bound to: zynquplus - type: string 
	Parameter C_WIDTH bound to: 17 - type: integer 
	Parameter C_HAS_CE bound to: 1 - type: integer 
	Parameter C_HAS_SCLR bound to: 1 - type: integer 
	Parameter C_RESTRICT_COUNT bound to: 0 - type: integer 
	Parameter C_COUNT_TO bound to: 1 - type: string 
	Parameter C_COUNT_BY bound to: 10000 - type: string 
	Parameter C_COUNT_MODE bound to: 0 - type: integer 
	Parameter C_THRESH0_VALUE bound to: 1 - type: string 
	Parameter C_CE_OVERRIDES_SYNC bound to: 0 - type: integer 
	Parameter C_HAS_THRESH0 bound to: 0 - type: integer 
	Parameter C_HAS_LOAD bound to: 0 - type: integer 
	Parameter C_LOAD_LOW bound to: 0 - type: integer 
	Parameter C_LATENCY bound to: 1 - type: integer 
	Parameter C_FB_LATENCY bound to: 0 - type: integer 
	Parameter C_AINIT_VAL bound to: 0 - type: string 
	Parameter C_SINIT_VAL bound to: 0 - type: string 
	Parameter C_SCLR_OVERRIDES_SSET bound to: 1 - type: integer 
	Parameter C_HAS_SSET bound to: 0 - type: integer 
	Parameter C_HAS_SINIT bound to: 0 - type: integer 
INFO: [Synth 8-3491] module 'c_counter_binary_v12_0_13' declared at '/home/wei/casper/ZCU111/tengbe/zcu111_tengbe/myproj/myproj.srcs/sources_1/ip/zcu111_tengbe_c_counter_binary_v12_0_i5/hdl/c_counter_binary_v12_0_vh_rfs.vhd:2147' bound to instance 'U0' of component 'c_counter_binary_v12_0_13' [/home/wei/casper/ZCU111/tengbe/zcu111_tengbe/myproj/myproj.srcs/sources_1/ip/zcu111_tengbe_c_counter_binary_v12_0_i5/synth/zcu111_tengbe_c_counter_binary_v12_0_i5.vhd:127]
INFO: [Synth 8-256] done synthesizing module 'zcu111_tengbe_c_counter_binary_v12_0_i5' (7#1) [/home/wei/casper/ZCU111/tengbe/zcu111_tengbe/myproj/myproj.srcs/sources_1/ip/zcu111_tengbe_c_counter_binary_v12_0_i5/synth/zcu111_tengbe_c_counter_binary_v12_0_i5.vhd:68]
WARNING: [Synth 8-3331] design xbip_dsp48e1_wrapper_v3_0 has unconnected port CEA1
WARNING: [Synth 8-3331] design xbip_dsp48e1_wrapper_v3_0 has unconnected port CEA2
WARNING: [Synth 8-3331] design xbip_dsp48e1_wrapper_v3_0 has unconnected port CEB1
WARNING: [Synth 8-3331] design xbip_dsp48e1_wrapper_v3_0 has unconnected port CEB2
WARNING: [Synth 8-3331] design xbip_dsp48e1_wrapper_v3_0 has unconnected port CEAD
WARNING: [Synth 8-3331] design xbip_dsp48e1_wrapper_v3_0 has unconnected port CED
WARNING: [Synth 8-3331] design xbip_dsp48e1_wrapper_v3_0 has unconnected port CEC
WARNING: [Synth 8-3331] design xbip_dsp48e1_wrapper_v3_0 has unconnected port CECARRYIN
WARNING: [Synth 8-3331] design xbip_dsp48e1_wrapper_v3_0 has unconnected port CECTRL
WARNING: [Synth 8-3331] design xbip_dsp48e1_wrapper_v3_0 has unconnected port CEALUMODE
WARNING: [Synth 8-3331] design xbip_dsp48e1_wrapper_v3_0 has unconnected port CEINMODE
WARNING: [Synth 8-3331] design xbip_dsp48e1_wrapper_v3_0 has unconnected port CEM
WARNING: [Synth 8-3331] design xbip_dsp48e1_wrapper_v3_0 has unconnected port CEP
WARNING: [Synth 8-3331] design xbip_dsp48e1_wrapper_v3_0 has unconnected port SCLRA
WARNING: [Synth 8-3331] design xbip_dsp48e1_wrapper_v3_0 has unconnected port SCLRB
WARNING: [Synth 8-3331] design xbip_dsp48e1_wrapper_v3_0 has unconnected port SCLRC
WARNING: [Synth 8-3331] design xbip_dsp48e1_wrapper_v3_0 has unconnected port SCLRD
WARNING: [Synth 8-3331] design xbip_dsp48e1_wrapper_v3_0 has unconnected port SCLRALLCARRYIN
WARNING: [Synth 8-3331] design xbip_dsp48e1_wrapper_v3_0 has unconnected port SCLRCTRL
WARNING: [Synth 8-3331] design xbip_dsp48e1_wrapper_v3_0 has unconnected port SCLRALUMODE
WARNING: [Synth 8-3331] design xbip_dsp48e1_wrapper_v3_0 has unconnected port SCLRINMODE
WARNING: [Synth 8-3331] design xbip_dsp48e1_wrapper_v3_0 has unconnected port SCLRM
WARNING: [Synth 8-3331] design xbip_dsp48e1_wrapper_v3_0 has unconnected port SCLRP
WARNING: [Synth 8-3331] design xbip_pipe_v3_0_6_viv__parameterized1 has unconnected port CLK
WARNING: [Synth 8-3331] design xbip_pipe_v3_0_6_viv__parameterized1 has unconnected port CE
WARNING: [Synth 8-3331] design xbip_pipe_v3_0_6_viv__parameterized1 has unconnected port SCLR
WARNING: [Synth 8-3331] design xbip_pipe_v3_0_6_viv__parameterized1 has unconnected port SSET
WARNING: [Synth 8-3331] design xbip_pipe_v3_0_6_viv__parameterized1 has unconnected port SINIT
WARNING: [Synth 8-3331] design xbip_pipe_v3_0_6_viv has unconnected port CLK
WARNING: [Synth 8-3331] design xbip_pipe_v3_0_6_viv has unconnected port CE
WARNING: [Synth 8-3331] design xbip_pipe_v3_0_6_viv has unconnected port SCLR
WARNING: [Synth 8-3331] design xbip_pipe_v3_0_6_viv has unconnected port SSET
WARNING: [Synth 8-3331] design xbip_pipe_v3_0_6_viv has unconnected port SINIT
WARNING: [Synth 8-3331] design dsp48_counter has unconnected port N_TC
WARNING: [Synth 8-3331] design dsp48_counter has unconnected port UP
WARNING: [Synth 8-3331] design xbip_counter_v3_0_6_viv has unconnected port LOAD
WARNING: [Synth 8-3331] design c_counter_binary_v12_0_13_viv has unconnected port SSET
WARNING: [Synth 8-3331] design c_counter_binary_v12_0_13_viv has unconnected port SINIT
---------------------------------------------------------------------------------
Finished RTL Elaboration : Time (s): cpu = 00:00:05 ; elapsed = 00:00:07 . Memory (MB): peak = 2485.293 ; gain = 215.434 ; free physical = 458 ; free virtual = 21578
---------------------------------------------------------------------------------

Report Check Netlist: 
+------+------------------+-------+---------+-------+------------------+
|      |Item              |Errors |Warnings |Status |Description       |
+------+------------------+-------+---------+-------+------------------+
|1     |multi_driven_nets |      0|        0|Passed |Multi driven nets |
+------+------------------+-------+---------+-------+------------------+
---------------------------------------------------------------------------------
Start Handling Custom Attributes
---------------------------------------------------------------------------------
---------------------------------------------------------------------------------
Finished Handling Custom Attributes : Time (s): cpu = 00:00:05 ; elapsed = 00:00:07 . Memory (MB): peak = 2491.230 ; gain = 221.371 ; free physical = 437 ; free virtual = 21557
---------------------------------------------------------------------------------
---------------------------------------------------------------------------------
Finished RTL Optimization Phase 1 : Time (s): cpu = 00:00:05 ; elapsed = 00:00:07 . Memory (MB): peak = 2491.230 ; gain = 221.371 ; free physical = 437 ; free virtual = 21557
---------------------------------------------------------------------------------
INFO: [Netlist 29-17] Analyzing 1 Unisim elements for replacement
INFO: [Netlist 29-28] Unisim Transformation completed in 0 CPU seconds
INFO: [Project 1-570] Preparing netlist for logic optimization

Processing XDC Constraints
Initializing timing engine
Parsing XDC File [/home/wei/casper/ZCU111/tengbe/zcu111_tengbe/myproj/myproj.srcs/sources_1/ip/zcu111_tengbe_c_counter_binary_v12_0_i5/zcu111_tengbe_c_counter_binary_v12_0_i5_ooc.xdc] for cell 'U0'
Finished Parsing XDC File [/home/wei/casper/ZCU111/tengbe/zcu111_tengbe/myproj/myproj.srcs/sources_1/ip/zcu111_tengbe_c_counter_binary_v12_0_i5/zcu111_tengbe_c_counter_binary_v12_0_i5_ooc.xdc] for cell 'U0'
Parsing XDC File [/home/wei/casper/ZCU111/tengbe/zcu111_tengbe/myproj/myproj.runs/zcu111_tengbe_c_counter_binary_v12_0_i5_synth_1/dont_touch.xdc]
Finished Parsing XDC File [/home/wei/casper/ZCU111/tengbe/zcu111_tengbe/myproj/myproj.runs/zcu111_tengbe_c_counter_binary_v12_0_i5_synth_1/dont_touch.xdc]
Completed Processing XDC Constraints

Netlist sorting complete. Time (s): cpu = 00:00:00 ; elapsed = 00:00:00 . Memory (MB): peak = 2607.949 ; gain = 0.000 ; free physical = 3379 ; free virtual = 24489
INFO: [Project 1-111] Unisim Transformation Summary:
  A total of 1 instances were transformed.
  DSP48E1 => DSP48E2 (DSP_ALU, DSP_A_B_DATA, DSP_C_DATA, DSP_MULTIPLIER, DSP_M_DATA, DSP_OUTPUT, DSP_PREADD_DATA, DSP_PREADD): 1 instances

Constraint Validation Runtime : Time (s): cpu = 00:00:00.02 ; elapsed = 00:00:00.01 . Memory (MB): peak = 2607.949 ; gain = 0.000 ; free physical = 3377 ; free virtual = 24488
load diablo GTM unisim library
---------------------------------------------------------------------------------
Finished Constraint Validation : Time (s): cpu = 00:00:15 ; elapsed = 00:00:19 . Memory (MB): peak = 2607.949 ; gain = 338.090 ; free physical = 3309 ; free virtual = 24420
---------------------------------------------------------------------------------
---------------------------------------------------------------------------------
Start Loading Part and Timing Information
---------------------------------------------------------------------------------
Loading part: xczu28dr-ffvg1517-2-e
INFO: [Synth 8-6742] Reading net delay rules and data
---------------------------------------------------------------------------------
Finished Loading Part and Timing Information : Time (s): cpu = 00:00:15 ; elapsed = 00:00:19 . Memory (MB): peak = 2607.949 ; gain = 338.090 ; free physical = 3309 ; free virtual = 24419
---------------------------------------------------------------------------------
---------------------------------------------------------------------------------
Start Applying 'set_property' XDC Constraints
---------------------------------------------------------------------------------
Applied set_property DONT_TOUCH = true for U0. (constraint file  /home/wei/casper/ZCU111/tengbe/zcu111_tengbe/myproj/myproj.runs/zcu111_tengbe_c_counter_binary_v12_0_i5_synth_1/dont_touch.xdc, line 9).
---------------------------------------------------------------------------------
Finished applying 'set_property' XDC Constraints : Time (s): cpu = 00:00:15 ; elapsed = 00:00:19 . Memory (MB): peak = 2607.949 ; gain = 338.090 ; free physical = 3308 ; free virtual = 24419
---------------------------------------------------------------------------------
---------------------------------------------------------------------------------
Finished RTL Optimization Phase 2 : Time (s): cpu = 00:00:15 ; elapsed = 00:00:19 . Memory (MB): peak = 2607.949 ; gain = 338.090 ; free physical = 3299 ; free virtual = 24410
---------------------------------------------------------------------------------

Report RTL Partitions: 
+-+--------------+------------+----------+
| |RTL Partition |Replication |Instances |
+-+--------------+------------+----------+
+-+--------------+------------+----------+
---------------------------------------------------------------------------------
Start RTL Component Statistics 
---------------------------------------------------------------------------------
---------------------------------------------------------------------------------
Finished RTL Component Statistics 
---------------------------------------------------------------------------------
---------------------------------------------------------------------------------
Start RTL Hierarchical Component Statistics 
---------------------------------------------------------------------------------
---------------------------------------------------------------------------------
Finished RTL Hierarchical Component Statistics
---------------------------------------------------------------------------------
---------------------------------------------------------------------------------
Start Part Resource Summary
---------------------------------------------------------------------------------
Part Resources:
DSPs: 4272 (col length:192)
BRAMs: 2160 (col length: RAMB18 192 RAMB36 96)
---------------------------------------------------------------------------------
Finished Part Resource Summary
---------------------------------------------------------------------------------
---------------------------------------------------------------------------------
Start Cross Boundary and Area Optimization
---------------------------------------------------------------------------------
Warning: Parallel synthesis criteria is not met 
WARNING: [Synth 8-3331] design c_counter_binary_v12_0_13_viv has unconnected port SSET
WARNING: [Synth 8-3331] design c_counter_binary_v12_0_13_viv has unconnected port SINIT
WARNING: [Synth 8-3331] design c_counter_binary_v12_0_13_viv has unconnected port UP
WARNING: [Synth 8-3331] design c_counter_binary_v12_0_13_viv has unconnected port LOAD
---------------------------------------------------------------------------------
Finished Cross Boundary and Area Optimization : Time (s): cpu = 00:00:15 ; elapsed = 00:00:19 . Memory (MB): peak = 2607.949 ; gain = 338.090 ; free physical = 3292 ; free virtual = 24405
---------------------------------------------------------------------------------

Report RTL Partitions: 
+-+--------------+------------+----------+
| |RTL Partition |Replication |Instances |
+-+--------------+------------+----------+
+-+--------------+------------+----------+
---------------------------------------------------------------------------------
Start Applying XDC Timing Constraints
---------------------------------------------------------------------------------
---------------------------------------------------------------------------------
Finished Applying XDC Timing Constraints : Time (s): cpu = 00:00:36 ; elapsed = 00:00:55 . Memory (MB): peak = 2924.027 ; gain = 654.168 ; free physical = 1749 ; free virtual = 22861
---------------------------------------------------------------------------------
---------------------------------------------------------------------------------
Start Timing Optimization
---------------------------------------------------------------------------------
---------------------------------------------------------------------------------
Finished Timing Optimization : Time (s): cpu = 00:00:36 ; elapsed = 00:00:55 . Memory (MB): peak = 2925.027 ; gain = 655.168 ; free physical = 1751 ; free virtual = 22863
---------------------------------------------------------------------------------

Report RTL Partitions: 
+-+--------------+------------+----------+
| |RTL Partition |Replication |Instances |
+-+--------------+------------+----------+
+-+--------------+------------+----------+
---------------------------------------------------------------------------------
Start Technology Mapping
---------------------------------------------------------------------------------
---------------------------------------------------------------------------------
Finished Technology Mapping : Time (s): cpu = 00:00:36 ; elapsed = 00:00:55 . Memory (MB): peak = 2934.043 ; gain = 664.184 ; free physical = 1750 ; free virtual = 22862
---------------------------------------------------------------------------------

Report RTL Partitions: 
+-+--------------+------------+----------+
| |RTL Partition |Replication |Instances |
+-+--------------+------------+----------+
+-+--------------+------------+----------+
---------------------------------------------------------------------------------
Start IO Insertion
---------------------------------------------------------------------------------
---------------------------------------------------------------------------------
Start Flattening Before IO Insertion
---------------------------------------------------------------------------------
---------------------------------------------------------------------------------
Finished Flattening Before IO Insertion
---------------------------------------------------------------------------------
---------------------------------------------------------------------------------
Start Final Netlist Cleanup
---------------------------------------------------------------------------------
---------------------------------------------------------------------------------
Finished Final Netlist Cleanup
---------------------------------------------------------------------------------
---------------------------------------------------------------------------------
Finished IO Insertion : Time (s): cpu = 00:00:37 ; elapsed = 00:00:56 . Memory (MB): peak = 2948.918 ; gain = 679.059 ; free physical = 1654 ; free virtual = 22767
---------------------------------------------------------------------------------

Report Check Netlist: 
+------+------------------+-------+---------+-------+------------------+
|      |Item              |Errors |Warnings |Status |Description       |
+------+------------------+-------+---------+-------+------------------+
|1     |multi_driven_nets |      0|        0|Passed |Multi driven nets |
+------+------------------+-------+---------+-------+------------------+
---------------------------------------------------------------------------------
Start Renaming Generated Instances
---------------------------------------------------------------------------------
---------------------------------------------------------------------------------
Finished Renaming Generated Instances : Time (s): cpu = 00:00:37 ; elapsed = 00:00:56 . Memory (MB): peak = 2948.918 ; gain = 679.059 ; free physical = 1653 ; free virtual = 22767
---------------------------------------------------------------------------------

Report RTL Partitions: 
+-+--------------+------------+----------+
| |RTL Partition |Replication |Instances |
+-+--------------+------------+----------+
+-+--------------+------------+----------+
---------------------------------------------------------------------------------
Start Rebuilding User Hierarchy
---------------------------------------------------------------------------------
---------------------------------------------------------------------------------
Finished Rebuilding User Hierarchy : Time (s): cpu = 00:00:37 ; elapsed = 00:00:56 . Memory (MB): peak = 2948.918 ; gain = 679.059 ; free physical = 1655 ; free virtual = 22769
---------------------------------------------------------------------------------
---------------------------------------------------------------------------------
Start Renaming Generated Ports
---------------------------------------------------------------------------------
---------------------------------------------------------------------------------
Finished Renaming Generated Ports : Time (s): cpu = 00:00:37 ; elapsed = 00:00:56 . Memory (MB): peak = 2948.918 ; gain = 679.059 ; free physical = 1655 ; free virtual = 22769
---------------------------------------------------------------------------------
---------------------------------------------------------------------------------
Start Handling Custom Attributes
---------------------------------------------------------------------------------
---------------------------------------------------------------------------------
Finished Handling Custom Attributes : Time (s): cpu = 00:00:37 ; elapsed = 00:00:56 . Memory (MB): peak = 2948.918 ; gain = 679.059 ; free physical = 1655 ; free virtual = 22769
---------------------------------------------------------------------------------
---------------------------------------------------------------------------------
Start Renaming Generated Nets
---------------------------------------------------------------------------------
---------------------------------------------------------------------------------
Finished Renaming Generated Nets : Time (s): cpu = 00:00:37 ; elapsed = 00:00:56 . Memory (MB): peak = 2948.918 ; gain = 679.059 ; free physical = 1655 ; free virtual = 22769
---------------------------------------------------------------------------------
---------------------------------------------------------------------------------
Start Writing Synthesis Report
---------------------------------------------------------------------------------

Report BlackBoxes: 
+-+--------------+----------+
| |BlackBox name |Instances |
+-+--------------+----------+
+-+--------------+----------+

Report Cell Usage: 
+------+--------+------+
|      |Cell    |Count |
+------+--------+------+
|1     |DSP48E1 |     1|
+------+--------+------+
---------------------------------------------------------------------------------
Finished Writing Synthesis Report : Time (s): cpu = 00:00:37 ; elapsed = 00:00:56 . Memory (MB): peak = 2948.918 ; gain = 679.059 ; free physical = 1655 ; free virtual = 22769
---------------------------------------------------------------------------------
Synthesis finished with 0 errors, 0 critical warnings and 4 warnings.
Synthesis Optimization Runtime : Time (s): cpu = 00:00:30 ; elapsed = 00:00:48 . Memory (MB): peak = 2948.918 ; gain = 562.340 ; free physical = 1689 ; free virtual = 22803
Synthesis Optimization Complete : Time (s): cpu = 00:00:37 ; elapsed = 00:00:56 . Memory (MB): peak = 2948.926 ; gain = 679.059 ; free physical = 1689 ; free virtual = 22803
INFO: [Project 1-571] Translating synthesized netlist
INFO: [Netlist 29-17] Analyzing 1 Unisim elements for replacement
INFO: [Netlist 29-28] Unisim Transformation completed in 0 CPU seconds
INFO: [Project 1-570] Preparing netlist for logic optimization
INFO: [Opt 31-138] Pushed 0 inverter(s) to 0 load pin(s).
Netlist sorting complete. Time (s): cpu = 00:00:00 ; elapsed = 00:00:00 . Memory (MB): peak = 2995.543 ; gain = 0.000 ; free physical = 1579 ; free virtual = 22693
INFO: [Project 1-111] Unisim Transformation Summary:
  A total of 1 instances were transformed.
  DSP48E1 => DSP48E2 (DSP_ALU, DSP_A_B_DATA, DSP_C_DATA, DSP_MULTIPLIER, DSP_M_DATA, DSP_OUTPUT, DSP_PREADD_DATA, DSP_PREADD): 1 instances

INFO: [Common 17-83] Releasing license: Synthesis
19 Infos, 42 Warnings, 0 Critical Warnings and 0 Errors encountered.
synth_design completed successfully
synth_design: Time (s): cpu = 00:00:48 ; elapsed = 00:01:12 . Memory (MB): peak = 2995.543 ; gain = 1520.254 ; free physical = 1677 ; free virtual = 22791
Netlist sorting complete. Time (s): cpu = 00:00:00 ; elapsed = 00:00:00 . Memory (MB): peak = 2995.543 ; gain = 0.000 ; free physical = 1677 ; free virtual = 22791
WARNING: [Constraints 18-5210] No constraints selected for write.
Resolution: This message can indicate that there are no constraints for the design, or it can indicate that the used_in flags are set such that the constraints are ignored. This later case is used when running synth_design to not write synthesis constraints to the resulting checkpoint. Instead, project constraints are read when the synthesized design is opened.
INFO: [Common 17-1381] The checkpoint '/home/wei/casper/ZCU111/tengbe/zcu111_tengbe/myproj/myproj.runs/zcu111_tengbe_c_counter_binary_v12_0_i5_synth_1/zcu111_tengbe_c_counter_binary_v12_0_i5.dcp' has been generated.
WARNING: [Common 17-576] 'use_project_ipc' is deprecated. This option is deprecated and no longer used.
INFO: [Coretcl 2-1648] Added synthesis output to IP cache for IP zcu111_tengbe_c_counter_binary_v12_0_i5, cache-ID = 761226cef6c5e6b4
INFO: [Coretcl 2-1174] Renamed 5 cell refs.
Netlist sorting complete. Time (s): cpu = 00:00:00 ; elapsed = 00:00:00 . Memory (MB): peak = 2995.543 ; gain = 0.000 ; free physical = 1649 ; free virtual = 22763
WARNING: [Constraints 18-5210] No constraints selected for write.
Resolution: This message can indicate that there are no constraints for the design, or it can indicate that the used_in flags are set such that the constraints are ignored. This later case is used when running synth_design to not write synthesis constraints to the resulting checkpoint. Instead, project constraints are read when the synthesized design is opened.
INFO: [Common 17-1381] The checkpoint '/home/wei/casper/ZCU111/tengbe/zcu111_tengbe/myproj/myproj.runs/zcu111_tengbe_c_counter_binary_v12_0_i5_synth_1/zcu111_tengbe_c_counter_binary_v12_0_i5.dcp' has been generated.
INFO: [runtcl-4] Executing : report_utilization -file zcu111_tengbe_c_counter_binary_v12_0_i5_utilization_synth.rpt -pb zcu111_tengbe_c_counter_binary_v12_0_i5_utilization_synth.pb
INFO: [Common 17-206] Exiting Vivado at Thu Oct 22 22:03:02 2020...
